[0.075s] Invoking command in '/home/sanjib28/ros2_ws/build/action_tutorials_interfaces': CMAKE_PREFIX_PATH=/opt/ros/foxy /usr/bin/cmake /home/sanjib28/ros2_ws/src/action_tutorials_interfaces -DCMAKE_INSTALL_PREFIX=/home/sanjib28/ros2_ws/install/action_tutorials_interfaces
[0.839s] -- The C compiler identification is GNU 9.4.0
[1.224s] -- The CXX compiler identification is GNU 9.4.0
[1.250s] -- Check for working C compiler: /usr/bin/cc
[1.465s] -- Check for working C compiler: /usr/bin/cc -- works
[1.466s] -- Detecting C compiler ABI info
[1.584s] -- Detecting C compiler ABI info - done
[1.604s] -- Detecting C compile features
[1.605s] -- Detecting C compile features - done
[1.612s] -- Check for working CXX compiler: /usr/bin/c++
[1.768s] -- Check for working CXX compiler: /usr/bin/c++ -- works
[1.771s] -- Detecting CXX compiler ABI info
[1.902s] -- Detecting CXX compiler ABI info - done
[1.928s] -- Detecting CXX compile features
[1.929s] -- Detecting CXX compile features - done
[1.934s] -- Found ament_cmake: 0.9.9 (/opt/ros/foxy/share/ament_cmake/cmake)
[1.975s] -- Found PythonInterp: /usr/bin/python3 (found suitable version "3.8.10", minimum required is "3") 
[1.975s] -- Using PYTHON_EXECUTABLE: /usr/bin/python3
[2.329s] -- Found rosidl_default_generators: 1.0.1 (/opt/ros/foxy/share/rosidl_default_generators/cmake)
[2.338s] -- Using all available rosidl_typesupport_c: rosidl_typesupport_fastrtps_c;rosidl_typesupport_introspection_c
[2.358s] -- Found rosidl_adapter: 1.2.1 (/opt/ros/foxy/share/rosidl_adapter/cmake)
[2.574s] -- Found OpenSSL: /usr/lib/x86_64-linux-gnu/libcrypto.so (found version "1.1.1f")  
[2.625s] -- Found FastRTPS: /opt/ros/foxy/include  
[2.777s] -- Using all available rosidl_typesupport_cpp: rosidl_typesupport_fastrtps_cpp;rosidl_typesupport_introspection_cpp
[2.869s] -- Found PythonInterp: /usr/bin/python3 (found version "3.8.10") 
[3.259s] -- Found ament_cmake_ros: 0.9.2 (/opt/ros/foxy/share/ament_cmake_ros/cmake)
[3.548s] -- Using all available rosidl_typesupport_c: rosidl_typesupport_fastrtps_c;rosidl_typesupport_introspection_c
[3.587s] -- Using all available rosidl_typesupport_cpp: rosidl_typesupport_fastrtps_cpp;rosidl_typesupport_introspection_cpp
[3.639s] -- Found PythonInterp: /usr/bin/python3 (found suitable version "3.8.10", minimum required is "3.5") 
[3.642s] -- Found python_cmake_module: 0.8.1 (/opt/ros/foxy/share/python_cmake_module/cmake)
[3.687s] -- Found PythonLibs: /usr/lib/x86_64-linux-gnu/libpython3.8.so (found suitable version "3.8.10", minimum required is "3.5") 
[3.687s] -- Using PYTHON_EXECUTABLE: /usr/bin/python3
[3.687s] -- Using PYTHON_INCLUDE_DIRS: /usr/include/python3.8
[3.687s] -- Using PYTHON_LIBRARIES: /usr/lib/x86_64-linux-gnu/libpython3.8.so
[3.739s] -- Found PythonExtra: .so  
[3.865s] -- Found ament_lint_auto: 0.9.6 (/opt/ros/foxy/share/ament_lint_auto/cmake)
[3.935s] -- Added test 'copyright' to check source files copyright and LICENSE
[3.940s] -- Added test 'lint_cmake' to check CMake code style
[3.944s] -- Added test 'xmllint' to check XML markup files
[3.953s] -- Configuring done
[4.049s] -- Generating done
[4.054s] -- Build files have been written to: /home/sanjib28/ros2_ws/build/action_tutorials_interfaces
[4.069s] Invoked command in '/home/sanjib28/ros2_ws/build/action_tutorials_interfaces' returned '0': CMAKE_PREFIX_PATH=/opt/ros/foxy /usr/bin/cmake /home/sanjib28/ros2_ws/src/action_tutorials_interfaces -DCMAKE_INSTALL_PREFIX=/home/sanjib28/ros2_ws/install/action_tutorials_interfaces
[4.071s] Invoking command in '/home/sanjib28/ros2_ws/build/action_tutorials_interfaces': CMAKE_PREFIX_PATH=/opt/ros/foxy /usr/bin/cmake --build /home/sanjib28/ros2_ws/build/action_tutorials_interfaces -- -j2 -l2
[4.170s] [  3%] [34m[1mGenerating C code for ROS interfaces[0m
[4.170s] [35m[1mScanning dependencies of target action_tutorials_interfaces__cpp[0m
[4.215s] [  6%] [34m[1mGenerating C++ code for ROS interfaces[0m
[4.987s] [35m[1mScanning dependencies of target action_tutorials_interfaces__rosidl_generator_c[0m
[5.004s] [  6%] Built target action_tutorials_interfaces__cpp
[5.017s] [  9%] [32mBuilding C object CMakeFiles/action_tutorials_interfaces__rosidl_generator_c.dir/rosidl_generator_c/action_tutorials_interfaces/action/detail/fibonacci__functions.c.o[0m
[5.019s] [ 12%] [34m[1mGenerating C++ introspection for ROS interfaces[0m
[5.206s] [ 16%] [32m[1mLinking C shared library libaction_tutorials_interfaces__rosidl_generator_c.so[0m
[5.300s] [ 16%] Built target action_tutorials_interfaces__rosidl_generator_c
[5.325s] [ 19%] [34m[1mGenerating C++ type support for eProsima Fast-RTPS[0m
[5.612s] [35m[1mScanning dependencies of target action_tutorials_interfaces__rosidl_typesupport_introspection_cpp[0m
[5.671s] [ 22%] [32mBuilding CXX object CMakeFiles/action_tutorials_interfaces__rosidl_typesupport_introspection_cpp.dir/rosidl_typesupport_introspection_cpp/action_tutorials_interfaces/action/detail/fibonacci__type_support.cpp.o[0m
[6.002s] [35m[1mScanning dependencies of target action_tutorials_interfaces__rosidl_typesupport_fastrtps_cpp[0m
[6.142s] [ 25%] [32mBuilding CXX object CMakeFiles/action_tutorials_interfaces__rosidl_typesupport_fastrtps_cpp.dir/rosidl_typesupport_fastrtps_cpp/action_tutorials_interfaces/action/detail/dds_fastrtps/fibonacci__type_support.cpp.o[0m
[7.291s] [ 29%] [32m[1mLinking CXX shared library libaction_tutorials_interfaces__rosidl_typesupport_introspection_cpp.so[0m
[7.435s] [ 29%] Built target action_tutorials_interfaces__rosidl_typesupport_introspection_cpp
[7.461s] [ 32%] [34m[1mGenerating C++ type support dispatch for ROS interfaces[0m
[7.738s] [ 35%] [32m[1mLinking CXX shared library libaction_tutorials_interfaces__rosidl_typesupport_fastrtps_cpp.so[0m
[7.949s] [ 35%] Built target action_tutorials_interfaces__rosidl_typesupport_fastrtps_cpp
[7.968s] [ 38%] [34m[1mGenerating C introspection for ROS interfaces[0m
[8.107s] [35m[1mScanning dependencies of target action_tutorials_interfaces__rosidl_typesupport_cpp[0m
[8.134s] [ 41%] [32mBuilding CXX object CMakeFiles/action_tutorials_interfaces__rosidl_typesupport_cpp.dir/rosidl_typesupport_cpp/action_tutorials_interfaces/action/fibonacci__type_support.cpp.o[0m
[8.703s] [35m[1mScanning dependencies of target action_tutorials_interfaces__rosidl_typesupport_introspection_c[0m
[8.759s] [ 45%] [32mBuilding C object CMakeFiles/action_tutorials_interfaces__rosidl_typesupport_introspection_c.dir/rosidl_typesupport_introspection_c/action_tutorials_interfaces/action/detail/fibonacci__type_support.c.o[0m
[8.828s] [ 48%] [32m[1mLinking CXX shared library libaction_tutorials_interfaces__rosidl_typesupport_cpp.so[0m
[8.877s] [ 51%] [32m[1mLinking C shared library libaction_tutorials_interfaces__rosidl_typesupport_introspection_c.so[0m
[8.935s] [ 51%] Built target action_tutorials_interfaces__rosidl_typesupport_cpp
[8.955s] [ 54%] [34m[1mGenerating C type support dispatch for ROS interfaces[0m
[8.990s] [ 54%] Built target action_tutorials_interfaces__rosidl_typesupport_introspection_c
[9.032s] [ 58%] [34m[1mGenerating C type support for eProsima Fast-RTPS[0m
[9.585s] [35m[1mScanning dependencies of target action_tutorials_interfaces__rosidl_typesupport_c[0m
[9.642s] [ 61%] [32mBuilding CXX object CMakeFiles/action_tutorials_interfaces__rosidl_typesupport_c.dir/rosidl_typesupport_c/action_tutorials_interfaces/action/fibonacci__type_support.cpp.o[0m
[9.782s] [ 64%] [32m[1mLinking CXX shared library libaction_tutorials_interfaces__rosidl_typesupport_c.so[0m
[9.818s] [35m[1mScanning dependencies of target action_tutorials_interfaces__rosidl_typesupport_fastrtps_c[0m
[9.898s] [ 67%] [32mBuilding CXX object CMakeFiles/action_tutorials_interfaces__rosidl_typesupport_fastrtps_c.dir/rosidl_typesupport_fastrtps_c/action_tutorials_interfaces/action/detail/fibonacci__type_support_c.cpp.o[0m
[9.913s] [ 67%] Built target action_tutorials_interfaces__rosidl_typesupport_c
[10.457s] [ 70%] [32m[1mLinking CXX shared library libaction_tutorials_interfaces__rosidl_typesupport_fastrtps_c.so[0m
[10.579s] [ 70%] Built target action_tutorials_interfaces__rosidl_typesupport_fastrtps_c
[10.593s] [35m[1mScanning dependencies of target action_tutorials_interfaces[0m
[10.604s] [ 70%] Built target action_tutorials_interfaces
[10.615s] [35m[1mScanning dependencies of target action_tutorials_interfaces__py[0m
[10.627s] [ 74%] [34m[1mGenerating Python code for ROS interfaces[0m
[11.520s] [ 74%] Built target action_tutorials_interfaces__py
[11.530s] [35m[1mScanning dependencies of target action_tutorials_interfaces__python[0m
[11.599s] [ 77%] [32mBuilding C object CMakeFiles/action_tutorials_interfaces__python.dir/rosidl_generator_py/action_tutorials_interfaces/action/_fibonacci_s.c.o[0m
[11.772s] [ 80%] [32m[1mLinking C shared library rosidl_generator_py/action_tutorials_interfaces/libaction_tutorials_interfaces__python.so[0m
[11.817s] [ 80%] Built target action_tutorials_interfaces__python
[11.827s] [35m[1mScanning dependencies of target action_tutorials_interfaces__rosidl_typesupport_c__pyext[0m
[11.828s] [35m[1mScanning dependencies of target action_tutorials_interfaces__rosidl_typesupport_fastrtps_c__pyext[0m
[11.846s] [ 83%] [32mBuilding C object CMakeFiles/action_tutorials_interfaces__rosidl_typesupport_c__pyext.dir/rosidl_generator_py/action_tutorials_interfaces/_action_tutorials_interfaces_s.ep.rosidl_typesupport_c.c.o[0m
[11.848s] [ 87%] [32mBuilding C object CMakeFiles/action_tutorials_interfaces__rosidl_typesupport_fastrtps_c__pyext.dir/rosidl_generator_py/action_tutorials_interfaces/_action_tutorials_interfaces_s.ep.rosidl_typesupport_fastrtps_c.c.o[0m
[11.952s] [ 90%] [32m[1mLinking C shared library rosidl_generator_py/action_tutorials_interfaces/action_tutorials_interfaces_s__rosidl_typesupport_c.cpython-38-x86_64-linux-gnu.so[0m
[11.961s] [ 93%] [32m[1mLinking CXX shared library rosidl_generator_py/action_tutorials_interfaces/action_tutorials_interfaces_s__rosidl_typesupport_fastrtps_c.cpython-38-x86_64-linux-gnu.so[0m
[11.992s] [ 93%] Built target action_tutorials_interfaces__rosidl_typesupport_c__pyext
[12.003s] [35m[1mScanning dependencies of target action_tutorials_interfaces__rosidl_typesupport_introspection_c__pyext[0m
[12.025s] [ 96%] [32mBuilding C object CMakeFiles/action_tutorials_interfaces__rosidl_typesupport_introspection_c__pyext.dir/rosidl_generator_py/action_tutorials_interfaces/_action_tutorials_interfaces_s.ep.rosidl_typesupport_introspection_c.c.o[0m
[12.033s] [ 96%] Built target action_tutorials_interfaces__rosidl_typesupport_fastrtps_c__pyext
[12.120s] [100%] [32m[1mLinking C shared library rosidl_generator_py/action_tutorials_interfaces/action_tutorials_interfaces_s__rosidl_typesupport_introspection_c.cpython-38-x86_64-linux-gnu.so[0m
[12.157s] [100%] Built target action_tutorials_interfaces__rosidl_typesupport_introspection_c__pyext
[12.170s] Invoked command in '/home/sanjib28/ros2_ws/build/action_tutorials_interfaces' returned '0': CMAKE_PREFIX_PATH=/opt/ros/foxy /usr/bin/cmake --build /home/sanjib28/ros2_ws/build/action_tutorials_interfaces -- -j2 -l2
[12.225s] Invoking command in '/home/sanjib28/ros2_ws/build/action_tutorials_interfaces': CMAKE_PREFIX_PATH=/opt/ros/foxy /usr/bin/cmake --install /home/sanjib28/ros2_ws/build/action_tutorials_interfaces
[12.236s] -- Install configuration: ""
[12.236s] -- Installing: /home/sanjib28/ros2_ws/install/action_tutorials_interfaces/share/ament_index/resource_index/rosidl_interfaces/action_tutorials_interfaces
[12.237s] -- Installing: /home/sanjib28/ros2_ws/install/action_tutorials_interfaces/include/action_tutorials_interfaces
[12.237s] -- Installing: /home/sanjib28/ros2_ws/install/action_tutorials_interfaces/include/action_tutorials_interfaces/action
[12.238s] -- Installing: /home/sanjib28/ros2_ws/install/action_tutorials_interfaces/include/action_tutorials_interfaces/action/fibonacci.h
[12.238s] -- Installing: /home/sanjib28/ros2_ws/install/action_tutorials_interfaces/include/action_tutorials_interfaces/action/detail
[12.238s] -- Installing: /home/sanjib28/ros2_ws/install/action_tutorials_interfaces/include/action_tutorials_interfaces/action/detail/fibonacci__functions.h
[12.238s] -- Installing: /home/sanjib28/ros2_ws/install/action_tutorials_interfaces/include/action_tutorials_interfaces/action/detail/fibonacci__type_support.h
[12.239s] -- Installing: /home/sanjib28/ros2_ws/install/action_tutorials_interfaces/include/action_tutorials_interfaces/action/detail/fibonacci__functions.c
[12.239s] -- Installing: /home/sanjib28/ros2_ws/install/action_tutorials_interfaces/include/action_tutorials_interfaces/action/detail/fibonacci__struct.h
[12.239s] -- Installing: /home/sanjib28/ros2_ws/install/action_tutorials_interfaces/include/action_tutorials_interfaces/msg
[12.239s] -- Installing: /home/sanjib28/ros2_ws/install/action_tutorials_interfaces/include/action_tutorials_interfaces/msg/rosidl_generator_c__visibility_control.h
[12.240s] -- Installing: /home/sanjib28/ros2_ws/install/action_tutorials_interfaces/share/action_tutorials_interfaces/environment/library_path.sh
[12.240s] -- Installing: /home/sanjib28/ros2_ws/install/action_tutorials_interfaces/share/action_tutorials_interfaces/environment/library_path.dsv
[12.241s] -- Installing: /home/sanjib28/ros2_ws/install/action_tutorials_interfaces/lib/libaction_tutorials_interfaces__rosidl_generator_c.so
[12.241s] -- Set runtime path of "/home/sanjib28/ros2_ws/install/action_tutorials_interfaces/lib/libaction_tutorials_interfaces__rosidl_generator_c.so" to ""
[12.241s] -- Up-to-date: /home/sanjib28/ros2_ws/install/action_tutorials_interfaces/include/action_tutorials_interfaces
[12.241s] -- Up-to-date: /home/sanjib28/ros2_ws/install/action_tutorials_interfaces/include/action_tutorials_interfaces/action
[12.242s] -- Up-to-date: /home/sanjib28/ros2_ws/install/action_tutorials_interfaces/include/action_tutorials_interfaces/action/detail
[12.242s] -- Installing: /home/sanjib28/ros2_ws/install/action_tutorials_interfaces/include/action_tutorials_interfaces/action/detail/fibonacci__rosidl_typesupport_fastrtps_c.h
[12.242s] -- Up-to-date: /home/sanjib28/ros2_ws/install/action_tutorials_interfaces/include/action_tutorials_interfaces/msg
[12.242s] -- Installing: /home/sanjib28/ros2_ws/install/action_tutorials_interfaces/include/action_tutorials_interfaces/msg/rosidl_typesupport_fastrtps_c__visibility_control.h
[12.242s] -- Installing: /home/sanjib28/ros2_ws/install/action_tutorials_interfaces/lib/libaction_tutorials_interfaces__rosidl_typesupport_fastrtps_c.so
[12.243s] -- Set runtime path of "/home/sanjib28/ros2_ws/install/action_tutorials_interfaces/lib/libaction_tutorials_interfaces__rosidl_typesupport_fastrtps_c.so" to ""
[12.243s] -- Up-to-date: /home/sanjib28/ros2_ws/install/action_tutorials_interfaces/include/action_tutorials_interfaces
[12.243s] -- Up-to-date: /home/sanjib28/ros2_ws/install/action_tutorials_interfaces/include/action_tutorials_interfaces/action
[12.243s] -- Up-to-date: /home/sanjib28/ros2_ws/install/action_tutorials_interfaces/include/action_tutorials_interfaces/action/detail
[12.243s] -- Installing: /home/sanjib28/ros2_ws/install/action_tutorials_interfaces/include/action_tutorials_interfaces/action/detail/fibonacci__rosidl_typesupport_fastrtps_cpp.hpp
[12.244s] -- Installing: /home/sanjib28/ros2_ws/install/action_tutorials_interfaces/include/action_tutorials_interfaces/action/detail/dds_fastrtps
[12.244s] -- Up-to-date: /home/sanjib28/ros2_ws/install/action_tutorials_interfaces/include/action_tutorials_interfaces/msg
[12.244s] -- Installing: /home/sanjib28/ros2_ws/install/action_tutorials_interfaces/include/action_tutorials_interfaces/msg/rosidl_typesupport_fastrtps_cpp__visibility_control.h
[12.245s] -- Installing: /home/sanjib28/ros2_ws/install/action_tutorials_interfaces/lib/libaction_tutorials_interfaces__rosidl_typesupport_fastrtps_cpp.so
[12.246s] -- Set runtime path of "/home/sanjib28/ros2_ws/install/action_tutorials_interfaces/lib/libaction_tutorials_interfaces__rosidl_typesupport_fastrtps_cpp.so" to ""
[12.246s] -- Up-to-date: /home/sanjib28/ros2_ws/install/action_tutorials_interfaces/include/action_tutorials_interfaces
[12.246s] -- Up-to-date: /home/sanjib28/ros2_ws/install/action_tutorials_interfaces/include/action_tutorials_interfaces/action
[12.246s] -- Up-to-date: /home/sanjib28/ros2_ws/install/action_tutorials_interfaces/include/action_tutorials_interfaces/action/detail
[12.246s] -- Installing: /home/sanjib28/ros2_ws/install/action_tutorials_interfaces/include/action_tutorials_interfaces/action/detail/fibonacci__rosidl_typesupport_introspection_c.h
[12.246s] -- Installing: /home/sanjib28/ros2_ws/install/action_tutorials_interfaces/include/action_tutorials_interfaces/action/detail/fibonacci__type_support.c
[12.246s] -- Up-to-date: /home/sanjib28/ros2_ws/install/action_tutorials_interfaces/include/action_tutorials_interfaces/msg
[12.246s] -- Installing: /home/sanjib28/ros2_ws/install/action_tutorials_interfaces/include/action_tutorials_interfaces/msg/rosidl_typesupport_introspection_c__visibility_control.h
[12.246s] -- Installing: /home/sanjib28/ros2_ws/install/action_tutorials_interfaces/lib/libaction_tutorials_interfaces__rosidl_typesupport_introspection_c.so
[12.247s] -- Set runtime path of "/home/sanjib28/ros2_ws/install/action_tutorials_interfaces/lib/libaction_tutorials_interfaces__rosidl_typesupport_introspection_c.so" to ""
[12.247s] -- Installing: /home/sanjib28/ros2_ws/install/action_tutorials_interfaces/lib/libaction_tutorials_interfaces__rosidl_typesupport_c.so
[12.247s] -- Set runtime path of "/home/sanjib28/ros2_ws/install/action_tutorials_interfaces/lib/libaction_tutorials_interfaces__rosidl_typesupport_c.so" to ""
[12.247s] -- Up-to-date: /home/sanjib28/ros2_ws/install/action_tutorials_interfaces/include/action_tutorials_interfaces
[12.248s] -- Up-to-date: /home/sanjib28/ros2_ws/install/action_tutorials_interfaces/include/action_tutorials_interfaces/action
[12.248s] -- Installing: /home/sanjib28/ros2_ws/install/action_tutorials_interfaces/include/action_tutorials_interfaces/action/fibonacci.hpp
[12.248s] -- Up-to-date: /home/sanjib28/ros2_ws/install/action_tutorials_interfaces/include/action_tutorials_interfaces/action/detail
[12.248s] -- Installing: /home/sanjib28/ros2_ws/install/action_tutorials_interfaces/include/action_tutorials_interfaces/action/detail/fibonacci__builder.hpp
[12.248s] -- Installing: /home/sanjib28/ros2_ws/install/action_tutorials_interfaces/include/action_tutorials_interfaces/action/detail/fibonacci__struct.hpp
[12.248s] -- Installing: /home/sanjib28/ros2_ws/install/action_tutorials_interfaces/include/action_tutorials_interfaces/action/detail/fibonacci__traits.hpp
[12.248s] -- Up-to-date: /home/sanjib28/ros2_ws/install/action_tutorials_interfaces/include/action_tutorials_interfaces
[12.248s] -- Up-to-date: /home/sanjib28/ros2_ws/install/action_tutorials_interfaces/include/action_tutorials_interfaces/action
[12.248s] -- Up-to-date: /home/sanjib28/ros2_ws/install/action_tutorials_interfaces/include/action_tutorials_interfaces/action/detail
[12.248s] -- Installing: /home/sanjib28/ros2_ws/install/action_tutorials_interfaces/include/action_tutorials_interfaces/action/detail/fibonacci__rosidl_typesupport_introspection_cpp.hpp
[12.248s] -- Installing: /home/sanjib28/ros2_ws/install/action_tutorials_interfaces/include/action_tutorials_interfaces/action/detail/fibonacci__type_support.cpp
[12.249s] -- Installing: /home/sanjib28/ros2_ws/install/action_tutorials_interfaces/lib/libaction_tutorials_interfaces__rosidl_typesupport_introspection_cpp.so
[12.249s] -- Set runtime path of "/home/sanjib28/ros2_ws/install/action_tutorials_interfaces/lib/libaction_tutorials_interfaces__rosidl_typesupport_introspection_cpp.so" to ""
[12.249s] -- Installing: /home/sanjib28/ros2_ws/install/action_tutorials_interfaces/lib/libaction_tutorials_interfaces__rosidl_typesupport_cpp.so
[12.249s] -- Set runtime path of "/home/sanjib28/ros2_ws/install/action_tutorials_interfaces/lib/libaction_tutorials_interfaces__rosidl_typesupport_cpp.so" to ""
[12.249s] -- Installing: /home/sanjib28/ros2_ws/install/action_tutorials_interfaces/share/action_tutorials_interfaces/environment/pythonpath.sh
[12.249s] -- Installing: /home/sanjib28/ros2_ws/install/action_tutorials_interfaces/share/action_tutorials_interfaces/environment/pythonpath.dsv
[12.250s] -- Installing: /home/sanjib28/ros2_ws/install/action_tutorials_interfaces/lib/python3.8/site-packages/action_tutorials_interfaces/__init__.py
[12.273s] Compiling '/home/sanjib28/ros2_ws/install/action_tutorials_interfaces/lib/python3.8/site-packages/action_tutorials_interfaces/__init__.py'...
[12.278s] -- Installing: /home/sanjib28/ros2_ws/install/action_tutorials_interfaces/lib/python3.8/site-packages/action_tutorials_interfaces/action
[12.278s] -- Installing: /home/sanjib28/ros2_ws/install/action_tutorials_interfaces/lib/python3.8/site-packages/action_tutorials_interfaces/action/__init__.py
[12.278s] -- Installing: /home/sanjib28/ros2_ws/install/action_tutorials_interfaces/lib/python3.8/site-packages/action_tutorials_interfaces/action/_fibonacci_s.c
[12.279s] -- Installing: /home/sanjib28/ros2_ws/install/action_tutorials_interfaces/lib/python3.8/site-packages/action_tutorials_interfaces/action/_fibonacci.py
[12.280s] -- Installing: /home/sanjib28/ros2_ws/install/action_tutorials_interfaces/lib/python3.8/site-packages/action_tutorials_interfaces/action_tutorials_interfaces_s__rosidl_typesupport_fastrtps_c.cpython-38-x86_64-linux-gnu.so
[12.281s] -- Set runtime path of "/home/sanjib28/ros2_ws/install/action_tutorials_interfaces/lib/python3.8/site-packages/action_tutorials_interfaces/action_tutorials_interfaces_s__rosidl_typesupport_fastrtps_c.cpython-38-x86_64-linux-gnu.so" to ""
[12.281s] -- Installing: /home/sanjib28/ros2_ws/install/action_tutorials_interfaces/lib/python3.8/site-packages/action_tutorials_interfaces/action_tutorials_interfaces_s__rosidl_typesupport_introspection_c.cpython-38-x86_64-linux-gnu.so
[12.282s] -- Set runtime path of "/home/sanjib28/ros2_ws/install/action_tutorials_interfaces/lib/python3.8/site-packages/action_tutorials_interfaces/action_tutorials_interfaces_s__rosidl_typesupport_introspection_c.cpython-38-x86_64-linux-gnu.so" to ""
[12.282s] -- Installing: /home/sanjib28/ros2_ws/install/action_tutorials_interfaces/lib/python3.8/site-packages/action_tutorials_interfaces/action_tutorials_interfaces_s__rosidl_typesupport_c.cpython-38-x86_64-linux-gnu.so
[12.283s] -- Set runtime path of "/home/sanjib28/ros2_ws/install/action_tutorials_interfaces/lib/python3.8/site-packages/action_tutorials_interfaces/action_tutorials_interfaces_s__rosidl_typesupport_c.cpython-38-x86_64-linux-gnu.so" to ""
[12.283s] -- Installing: /home/sanjib28/ros2_ws/install/action_tutorials_interfaces/lib/libaction_tutorials_interfaces__python.so
[12.284s] -- Set runtime path of "/home/sanjib28/ros2_ws/install/action_tutorials_interfaces/lib/libaction_tutorials_interfaces__python.so" to ""
[12.284s] -- Installing: /home/sanjib28/ros2_ws/install/action_tutorials_interfaces/share/action_tutorials_interfaces/action/Fibonacci.idl
[12.285s] -- Installing: /home/sanjib28/ros2_ws/install/action_tutorials_interfaces/share/action_tutorials_interfaces/action/Fibonacci.action
[12.285s] -- Installing: /home/sanjib28/ros2_ws/install/action_tutorials_interfaces/share/ament_index/resource_index/package_run_dependencies/action_tutorials_interfaces
[12.285s] -- Installing: /home/sanjib28/ros2_ws/install/action_tutorials_interfaces/share/ament_index/resource_index/parent_prefix_path/action_tutorials_interfaces
[12.286s] -- Installing: /home/sanjib28/ros2_ws/install/action_tutorials_interfaces/share/action_tutorials_interfaces/environment/ament_prefix_path.sh
[12.286s] -- Installing: /home/sanjib28/ros2_ws/install/action_tutorials_interfaces/share/action_tutorials_interfaces/environment/ament_prefix_path.dsv
[12.286s] -- Installing: /home/sanjib28/ros2_ws/install/action_tutorials_interfaces/share/action_tutorials_interfaces/environment/path.sh
[12.287s] -- Installing: /home/sanjib28/ros2_ws/install/action_tutorials_interfaces/share/action_tutorials_interfaces/environment/path.dsv
[12.287s] -- Installing: /home/sanjib28/ros2_ws/install/action_tutorials_interfaces/share/action_tutorials_interfaces/local_setup.bash
[12.287s] -- Installing: /home/sanjib28/ros2_ws/install/action_tutorials_interfaces/share/action_tutorials_interfaces/local_setup.sh
[12.288s] -- Installing: /home/sanjib28/ros2_ws/install/action_tutorials_interfaces/share/action_tutorials_interfaces/local_setup.zsh
[12.288s] -- Installing: /home/sanjib28/ros2_ws/install/action_tutorials_interfaces/share/action_tutorials_interfaces/local_setup.dsv
[12.288s] -- Installing: /home/sanjib28/ros2_ws/install/action_tutorials_interfaces/share/action_tutorials_interfaces/package.dsv
[12.289s] -- Installing: /home/sanjib28/ros2_ws/install/action_tutorials_interfaces/share/ament_index/resource_index/packages/action_tutorials_interfaces
[12.289s] -- Installing: /home/sanjib28/ros2_ws/install/action_tutorials_interfaces/share/action_tutorials_interfaces/cmake/action_tutorials_interfaces__rosidl_generator_cExport.cmake
[12.289s] -- Installing: /home/sanjib28/ros2_ws/install/action_tutorials_interfaces/share/action_tutorials_interfaces/cmake/action_tutorials_interfaces__rosidl_generator_cExport-noconfig.cmake
[12.292s] -- Installing: /home/sanjib28/ros2_ws/install/action_tutorials_interfaces/share/action_tutorials_interfaces/cmake/action_tutorials_interfaces__rosidl_typesupport_introspection_cExport.cmake
[12.293s] -- Installing: /home/sanjib28/ros2_ws/install/action_tutorials_interfaces/share/action_tutorials_interfaces/cmake/action_tutorials_interfaces__rosidl_typesupport_introspection_cExport-noconfig.cmake
[12.293s] -- Installing: /home/sanjib28/ros2_ws/install/action_tutorials_interfaces/share/action_tutorials_interfaces/cmake/action_tutorials_interfaces__rosidl_typesupport_cExport.cmake
[12.293s] -- Installing: /home/sanjib28/ros2_ws/install/action_tutorials_interfaces/share/action_tutorials_interfaces/cmake/action_tutorials_interfaces__rosidl_typesupport_cExport-noconfig.cmake
[12.293s] -- Installing: /home/sanjib28/ros2_ws/install/action_tutorials_interfaces/share/action_tutorials_interfaces/cmake/action_tutorials_interfaces__rosidl_generator_cppExport.cmake
[12.293s] -- Installing: /home/sanjib28/ros2_ws/install/action_tutorials_interfaces/share/action_tutorials_interfaces/cmake/action_tutorials_interfaces__rosidl_typesupport_introspection_cppExport.cmake
[12.293s] -- Installing: /home/sanjib28/ros2_ws/install/action_tutorials_interfaces/share/action_tutorials_interfaces/cmake/action_tutorials_interfaces__rosidl_typesupport_introspection_cppExport-noconfig.cmake
[12.294s] -- Installing: /home/sanjib28/ros2_ws/install/action_tutorials_interfaces/share/action_tutorials_interfaces/cmake/action_tutorials_interfaces__rosidl_typesupport_cppExport.cmake
[12.294s] -- Installing: /home/sanjib28/ros2_ws/install/action_tutorials_interfaces/share/action_tutorials_interfaces/cmake/action_tutorials_interfaces__rosidl_typesupport_cppExport-noconfig.cmake
[12.294s] -- Installing: /home/sanjib28/ros2_ws/install/action_tutorials_interfaces/share/action_tutorials_interfaces/cmake/rosidl_cmake-extras.cmake
[12.295s] -- Installing: /home/sanjib28/ros2_ws/install/action_tutorials_interfaces/share/action_tutorials_interfaces/cmake/ament_cmake_export_dependencies-extras.cmake
[12.295s] -- Installing: /home/sanjib28/ros2_ws/install/action_tutorials_interfaces/share/action_tutorials_interfaces/cmake/ament_cmake_export_libraries-extras.cmake
[12.295s] -- Installing: /home/sanjib28/ros2_ws/install/action_tutorials_interfaces/share/action_tutorials_interfaces/cmake/ament_cmake_export_targets-extras.cmake
[12.295s] -- Installing: /home/sanjib28/ros2_ws/install/action_tutorials_interfaces/share/action_tutorials_interfaces/cmake/ament_cmake_export_include_directories-extras.cmake
[12.296s] -- Installing: /home/sanjib28/ros2_ws/install/action_tutorials_interfaces/share/action_tutorials_interfaces/cmake/rosidl_cmake_export_typesupport_libraries-extras.cmake
[12.296s] -- Installing: /home/sanjib28/ros2_ws/install/action_tutorials_interfaces/share/action_tutorials_interfaces/cmake/rosidl_cmake_export_typesupport_targets-extras.cmake
[12.296s] -- Installing: /home/sanjib28/ros2_ws/install/action_tutorials_interfaces/share/action_tutorials_interfaces/cmake/action_tutorials_interfacesConfig.cmake
[12.296s] -- Installing: /home/sanjib28/ros2_ws/install/action_tutorials_interfaces/share/action_tutorials_interfaces/cmake/action_tutorials_interfacesConfig-version.cmake
[12.297s] -- Installing: /home/sanjib28/ros2_ws/install/action_tutorials_interfaces/share/action_tutorials_interfaces/package.xml
[12.301s] Invoked command in '/home/sanjib28/ros2_ws/build/action_tutorials_interfaces' returned '0': CMAKE_PREFIX_PATH=/opt/ros/foxy /usr/bin/cmake --install /home/sanjib28/ros2_ws/build/action_tutorials_interfaces
