[0.527s] Invoking command in '/home/sanjib28/ros2_ws/src/py_pubsub': AMENT_PREFIX_PATH=/home/sanjib28/ros2_ws/install/tutorial_interfaces:${AMENT_PREFIX_PATH} CMAKE_PREFIX_PATH=/home/sanjib28/ros2_ws/install/tutorial_interfaces LD_LIBRARY_PATH=/home/sanjib28/ros2_ws/install/tutorial_interfaces/lib:${LD_LIBRARY_PATH} PYTHONPATH=/home/sanjib28/ros2_ws/install/py_pubsub/lib/python3.8/site-packages:/home/sanjib28/ros2_ws/install/tutorial_interfaces/lib/python3.8/site-packages:${PYTHONPATH} /usr/bin/python3 setup.py egg_info --egg-base ../../build/py_pubsub build --build-base /home/sanjib28/ros2_ws/build/py_pubsub/build install --prefix /home/sanjib28/ros2_ws/install/py_pubsub --record /home/sanjib28/ros2_ws/build/py_pubsub/install.log --single-version-externally-managed
[0.690s] running egg_info
[0.690s] writing ../../build/py_pubsub/py_pubsub.egg-info/PKG-INFO
[0.690s] writing dependency_links to ../../build/py_pubsub/py_pubsub.egg-info/dependency_links.txt
[0.691s] writing entry points to ../../build/py_pubsub/py_pubsub.egg-info/entry_points.txt
[0.691s] writing requirements to ../../build/py_pubsub/py_pubsub.egg-info/requires.txt
[0.691s] writing top-level names to ../../build/py_pubsub/py_pubsub.egg-info/top_level.txt
[0.720s] reading manifest file '../../build/py_pubsub/py_pubsub.egg-info/SOURCES.txt'
[0.721s] writing manifest file '../../build/py_pubsub/py_pubsub.egg-info/SOURCES.txt'
[0.721s] running build
[0.721s] running build_py
[0.721s] running install
[0.722s] running install_lib
[0.723s] running install_data
[0.723s] running install_egg_info
[0.725s] removing '/home/sanjib28/ros2_ws/install/py_pubsub/lib/python3.8/site-packages/py_pubsub-0.0.0-py3.8.egg-info' (and everything under it)
[0.725s] Copying ../../build/py_pubsub/py_pubsub.egg-info to /home/sanjib28/ros2_ws/install/py_pubsub/lib/python3.8/site-packages/py_pubsub-0.0.0-py3.8.egg-info
[0.726s] running install_scripts
[0.741s] Installing listener script to /home/sanjib28/ros2_ws/install/py_pubsub/lib/py_pubsub
[0.741s] Installing talker script to /home/sanjib28/ros2_ws/install/py_pubsub/lib/py_pubsub
[0.741s] writing list of installed files to '/home/sanjib28/ros2_ws/build/py_pubsub/install.log'
[0.769s] Invoked command in '/home/sanjib28/ros2_ws/src/py_pubsub' returned '0': AMENT_PREFIX_PATH=/home/sanjib28/ros2_ws/install/tutorial_interfaces:${AMENT_PREFIX_PATH} CMAKE_PREFIX_PATH=/home/sanjib28/ros2_ws/install/tutorial_interfaces LD_LIBRARY_PATH=/home/sanjib28/ros2_ws/install/tutorial_interfaces/lib:${LD_LIBRARY_PATH} PYTHONPATH=/home/sanjib28/ros2_ws/install/py_pubsub/lib/python3.8/site-packages:/home/sanjib28/ros2_ws/install/tutorial_interfaces/lib/python3.8/site-packages:${PYTHONPATH} /usr/bin/python3 setup.py egg_info --egg-base ../../build/py_pubsub build --build-base /home/sanjib28/ros2_ws/build/py_pubsub/build install --prefix /home/sanjib28/ros2_ws/install/py_pubsub --record /home/sanjib28/ros2_ws/build/py_pubsub/install.log --single-version-externally-managed
