[0.024s] Invoking command in '/home/sanjib28/ros2_ws/build/tutorial_interfaces': CMAKE_PREFIX_PATH=/opt/ros/foxy /usr/bin/cmake /home/sanjib28/ros2_ws/src/tutorial_interfaces -DCMAKE_INSTALL_PREFIX=/home/sanjib28/ros2_ws/install/tutorial_interfaces
[0.578s] -- The C compiler identification is GNU 9.4.0
[0.877s] -- The CXX compiler identification is GNU 9.4.0
[0.899s] -- Check for working C compiler: /usr/bin/cc
[1.041s] -- Check for working C compiler: /usr/bin/cc -- works
[1.047s] -- Detecting C compiler ABI info
[1.211s] -- Detecting C compiler ABI info - done
[1.233s] -- Detecting C compile features
[1.236s] -- Detecting C compile features - done
[1.244s] -- Check for working CXX compiler: /usr/bin/c++
[1.384s] -- Check for working CXX compiler: /usr/bin/c++ -- works
[1.387s] -- Detecting CXX compiler ABI info
[1.519s] -- Detecting CXX compiler ABI info - done
[1.536s] -- Detecting CXX compile features
[1.537s] -- Detecting CXX compile features - done
[1.551s] -- Found ament_cmake: 0.9.9 (/opt/ros/foxy/share/ament_cmake/cmake)
[1.623s] -- Found PythonInterp: /usr/bin/python3 (found suitable version "3.8.10", minimum required is "3") 
[1.623s] -- Using PYTHON_EXECUTABLE: /usr/bin/python3
[2.137s] -- Found geometry_msgs: 2.0.5 (/opt/ros/foxy/share/geometry_msgs/cmake)
[2.258s] -- Using all available rosidl_typesupport_c: rosidl_typesupport_fastrtps_c;rosidl_typesupport_introspection_c
[2.289s] -- Found rosidl_adapter: 1.2.1 (/opt/ros/foxy/share/rosidl_adapter/cmake)
[2.568s] -- Found OpenSSL: /usr/lib/x86_64-linux-gnu/libcrypto.so (found version "1.1.1f")  
[2.647s] -- Found FastRTPS: /opt/ros/foxy/include  
[2.852s] -- Using all available rosidl_typesupport_cpp: rosidl_typesupport_fastrtps_cpp;rosidl_typesupport_introspection_cpp
[3.091s] -- Found rosidl_default_generators: 1.0.1 (/opt/ros/foxy/share/rosidl_default_generators/cmake)
[3.164s] -- Found PythonInterp: /usr/bin/python3 (found version "3.8.10") 
[3.482s] -- Found ament_cmake_ros: 0.9.2 (/opt/ros/foxy/share/ament_cmake_ros/cmake)
[3.965s] -- Using all available rosidl_typesupport_c: rosidl_typesupport_fastrtps_c;rosidl_typesupport_introspection_c
[4.224s] -- Using all available rosidl_typesupport_cpp: rosidl_typesupport_fastrtps_cpp;rosidl_typesupport_introspection_cpp
[4.265s] -- Found PythonInterp: /usr/bin/python3 (found suitable version "3.8.10", minimum required is "3.5") 
[4.269s] -- Found python_cmake_module: 0.8.1 (/opt/ros/foxy/share/python_cmake_module/cmake)
[4.311s] -- Found PythonLibs: /usr/lib/x86_64-linux-gnu/libpython3.8.so (found suitable version "3.8.10", minimum required is "3.5") 
[4.311s] -- Using PYTHON_EXECUTABLE: /usr/bin/python3
[4.311s] -- Using PYTHON_INCLUDE_DIRS: /usr/include/python3.8
[4.311s] -- Using PYTHON_LIBRARIES: /usr/lib/x86_64-linux-gnu/libpython3.8.so
[4.339s] -- Found PythonExtra: .so  
[4.458s] -- Found ament_lint_auto: 0.9.6 (/opt/ros/foxy/share/ament_lint_auto/cmake)
[4.525s] -- Added test 'copyright' to check source files copyright and LICENSE
[4.530s] -- Added test 'lint_cmake' to check CMake code style
[4.533s] -- Added test 'xmllint' to check XML markup files
[4.543s] -- Configuring done
[4.648s] -- Generating done
[4.653s] -- Build files have been written to: /home/sanjib28/ros2_ws/build/tutorial_interfaces
[4.670s] Invoked command in '/home/sanjib28/ros2_ws/build/tutorial_interfaces' returned '0': CMAKE_PREFIX_PATH=/opt/ros/foxy /usr/bin/cmake /home/sanjib28/ros2_ws/src/tutorial_interfaces -DCMAKE_INSTALL_PREFIX=/home/sanjib28/ros2_ws/install/tutorial_interfaces
[4.672s] Invoking command in '/home/sanjib28/ros2_ws/build/tutorial_interfaces': CMAKE_PREFIX_PATH=/opt/ros/foxy /usr/bin/cmake --build /home/sanjib28/ros2_ws/build/tutorial_interfaces -- -j2 -l2
[4.742s] [35m[1mScanning dependencies of target tutorial_interfaces__cpp[0m
[4.754s] [  2%] [34m[1mGenerating C code for ROS interfaces[0m
[4.759s] [  4%] [34m[1mGenerating C++ code for ROS interfaces[0m
[5.444s] [  4%] Built target tutorial_interfaces__cpp
[5.459s] [  6%] [34m[1mGenerating C++ type support dispatch for ROS interfaces[0m
[5.495s] [35m[1mScanning dependencies of target tutorial_interfaces__rosidl_generator_c[0m
[5.521s] [  8%] [32mBuilding C object CMakeFiles/tutorial_interfaces__rosidl_generator_c.dir/rosidl_generator_c/tutorial_interfaces/msg/detail/num__functions.c.o[0m
[5.607s] [ 10%] [32mBuilding C object CMakeFiles/tutorial_interfaces__rosidl_generator_c.dir/rosidl_generator_c/tutorial_interfaces/msg/detail/sphere__functions.c.o[0m
[5.661s] [ 12%] [32mBuilding C object CMakeFiles/tutorial_interfaces__rosidl_generator_c.dir/rosidl_generator_c/tutorial_interfaces/srv/detail/add_three_ints__functions.c.o[0m
[5.729s] [ 14%] [32m[1mLinking C shared library libtutorial_interfaces__rosidl_generator_c.so[0m
[5.802s] [ 14%] Built target tutorial_interfaces__rosidl_generator_c
[5.818s] [ 17%] [34m[1mGenerating C++ type support for eProsima Fast-RTPS[0m
[5.841s] [35m[1mScanning dependencies of target tutorial_interfaces__rosidl_typesupport_cpp[0m
[5.869s] [ 19%] [32mBuilding CXX object CMakeFiles/tutorial_interfaces__rosidl_typesupport_cpp.dir/rosidl_typesupport_cpp/tutorial_interfaces/msg/num__type_support.cpp.o[0m
[6.340s] [35m[1mScanning dependencies of target tutorial_interfaces__rosidl_typesupport_fastrtps_cpp[0m
[6.391s] [ 21%] [32mBuilding CXX object CMakeFiles/tutorial_interfaces__rosidl_typesupport_fastrtps_cpp.dir/rosidl_typesupport_fastrtps_cpp/tutorial_interfaces/msg/detail/dds_fastrtps/num__type_support.cpp.o[0m
[6.554s] [ 23%] [32mBuilding CXX object CMakeFiles/tutorial_interfaces__rosidl_typesupport_cpp.dir/rosidl_typesupport_cpp/tutorial_interfaces/msg/sphere__type_support.cpp.o[0m
[7.255s] [ 25%] [32mBuilding CXX object CMakeFiles/tutorial_interfaces__rosidl_typesupport_cpp.dir/rosidl_typesupport_cpp/tutorial_interfaces/srv/add_three_ints__type_support.cpp.o[0m
[7.398s] [ 27%] [32mBuilding CXX object CMakeFiles/tutorial_interfaces__rosidl_typesupport_fastrtps_cpp.dir/rosidl_typesupport_fastrtps_cpp/tutorial_interfaces/msg/detail/dds_fastrtps/sphere__type_support.cpp.o[0m
[7.685s] [ 29%] [32m[1mLinking CXX shared library libtutorial_interfaces__rosidl_typesupport_cpp.so[0m
[7.778s] [ 29%] Built target tutorial_interfaces__rosidl_typesupport_cpp
[7.809s] [ 31%] [34m[1mGenerating C introspection for ROS interfaces[0m
[8.107s] [ 34%] [32mBuilding CXX object CMakeFiles/tutorial_interfaces__rosidl_typesupport_fastrtps_cpp.dir/rosidl_typesupport_fastrtps_cpp/tutorial_interfaces/srv/detail/dds_fastrtps/add_three_ints__type_support.cpp.o[0m
[8.324s] [35m[1mScanning dependencies of target tutorial_interfaces__rosidl_typesupport_introspection_c[0m
[8.358s] [ 36%] [32mBuilding C object CMakeFiles/tutorial_interfaces__rosidl_typesupport_introspection_c.dir/rosidl_typesupport_introspection_c/tutorial_interfaces/msg/detail/num__type_support.c.o[0m
[8.421s] [ 38%] [32mBuilding C object CMakeFiles/tutorial_interfaces__rosidl_typesupport_introspection_c.dir/rosidl_typesupport_introspection_c/tutorial_interfaces/msg/detail/sphere__type_support.c.o[0m
[8.473s] [ 40%] [32mBuilding C object CMakeFiles/tutorial_interfaces__rosidl_typesupport_introspection_c.dir/rosidl_typesupport_introspection_c/tutorial_interfaces/srv/detail/add_three_ints__type_support.c.o[0m
[8.538s] [ 42%] [32m[1mLinking C shared library libtutorial_interfaces__rosidl_typesupport_introspection_c.so[0m
[8.603s] [ 42%] Built target tutorial_interfaces__rosidl_typesupport_introspection_c
[8.626s] [ 44%] [34m[1mGenerating C type support dispatch for ROS interfaces[0m
[8.839s] [ 46%] [32m[1mLinking CXX shared library libtutorial_interfaces__rosidl_typesupport_fastrtps_cpp.so[0m
[9.032s] [ 46%] Built target tutorial_interfaces__rosidl_typesupport_fastrtps_cpp
[9.042s] [35m[1mScanning dependencies of target tutorial_interfaces__rosidl_typesupport_c[0m
[9.050s] [ 48%] [34m[1mGenerating C++ introspection for ROS interfaces[0m
[9.063s] [ 51%] [32mBuilding CXX object CMakeFiles/tutorial_interfaces__rosidl_typesupport_c.dir/rosidl_typesupport_c/tutorial_interfaces/msg/num__type_support.cpp.o[0m
[9.106s] [ 53%] [32mBuilding CXX object CMakeFiles/tutorial_interfaces__rosidl_typesupport_c.dir/rosidl_typesupport_c/tutorial_interfaces/msg/sphere__type_support.cpp.o[0m
[9.153s] [ 55%] [32mBuilding CXX object CMakeFiles/tutorial_interfaces__rosidl_typesupport_c.dir/rosidl_typesupport_c/tutorial_interfaces/srv/add_three_ints__type_support.cpp.o[0m
[9.201s] [ 57%] [32m[1mLinking CXX shared library libtutorial_interfaces__rosidl_typesupport_c.so[0m
[9.262s] [ 57%] Built target tutorial_interfaces__rosidl_typesupport_c
[9.277s] [ 59%] [34m[1mGenerating C type support for eProsima Fast-RTPS[0m
[9.578s] [35m[1mScanning dependencies of target tutorial_interfaces__rosidl_typesupport_introspection_cpp[0m
[9.607s] [ 61%] [32mBuilding CXX object CMakeFiles/tutorial_interfaces__rosidl_typesupport_introspection_cpp.dir/rosidl_typesupport_introspection_cpp/tutorial_interfaces/msg/detail/num__type_support.cpp.o[0m
[9.821s] [35m[1mScanning dependencies of target tutorial_interfaces__rosidl_typesupport_fastrtps_c[0m
[9.856s] [ 63%] [32mBuilding CXX object CMakeFiles/tutorial_interfaces__rosidl_typesupport_fastrtps_c.dir/rosidl_typesupport_fastrtps_c/tutorial_interfaces/msg/detail/num__type_support_c.cpp.o[0m
[10.042s] [ 65%] [32mBuilding CXX object CMakeFiles/tutorial_interfaces__rosidl_typesupport_introspection_cpp.dir/rosidl_typesupport_introspection_cpp/tutorial_interfaces/msg/detail/sphere__type_support.cpp.o[0m
[10.431s] [ 68%] [32mBuilding CXX object CMakeFiles/tutorial_interfaces__rosidl_typesupport_fastrtps_c.dir/rosidl_typesupport_fastrtps_c/tutorial_interfaces/msg/detail/sphere__type_support_c.cpp.o[0m
[10.606s] [ 70%] [32mBuilding CXX object CMakeFiles/tutorial_interfaces__rosidl_typesupport_introspection_cpp.dir/rosidl_typesupport_introspection_cpp/tutorial_interfaces/srv/detail/add_three_ints__type_support.cpp.o[0m
[11.013s] [ 72%] [32mBuilding CXX object CMakeFiles/tutorial_interfaces__rosidl_typesupport_fastrtps_c.dir/rosidl_typesupport_fastrtps_c/tutorial_interfaces/srv/detail/add_three_ints__type_support_c.cpp.o[0m
[11.048s] [ 74%] [32m[1mLinking CXX shared library libtutorial_interfaces__rosidl_typesupport_introspection_cpp.so[0m
[11.130s] [ 74%] Built target tutorial_interfaces__rosidl_typesupport_introspection_cpp
[11.374s] [ 76%] [32m[1mLinking CXX shared library libtutorial_interfaces__rosidl_typesupport_fastrtps_c.so[0m
[11.508s] [ 76%] Built target tutorial_interfaces__rosidl_typesupport_fastrtps_c
[11.520s] [35m[1mScanning dependencies of target tutorial_interfaces[0m
[11.531s] [ 76%] Built target tutorial_interfaces
[11.541s] [35m[1mScanning dependencies of target tutorial_interfaces__py[0m
[11.552s] [ 78%] [34m[1mGenerating Python code for ROS interfaces[0m
[12.196s] [ 78%] Built target tutorial_interfaces__py
[12.207s] [35m[1mScanning dependencies of target tutorial_interfaces__python[0m
[12.255s] [ 80%] [32mBuilding C object CMakeFiles/tutorial_interfaces__python.dir/rosidl_generator_py/tutorial_interfaces/msg/_sphere_s.c.o[0m
[12.261s] [ 82%] [32mBuilding C object CMakeFiles/tutorial_interfaces__python.dir/rosidl_generator_py/tutorial_interfaces/msg/_num_s.c.o[0m
[12.366s] [ 85%] [32mBuilding C object CMakeFiles/tutorial_interfaces__python.dir/rosidl_generator_py/tutorial_interfaces/srv/_add_three_ints_s.c.o[0m
[12.449s] [ 87%] [32m[1mLinking C shared library rosidl_generator_py/tutorial_interfaces/libtutorial_interfaces__python.so[0m
[12.491s] [ 87%] Built target tutorial_interfaces__python
[12.505s] [35m[1mScanning dependencies of target tutorial_interfaces__rosidl_typesupport_introspection_c__pyext[0m
[12.509s] [35m[1mScanning dependencies of target tutorial_interfaces__rosidl_typesupport_c__pyext[0m
[12.535s] [ 89%] [32mBuilding C object CMakeFiles/tutorial_interfaces__rosidl_typesupport_introspection_c__pyext.dir/rosidl_generator_py/tutorial_interfaces/_tutorial_interfaces_s.ep.rosidl_typesupport_introspection_c.c.o[0m
[12.537s] [ 91%] [32mBuilding C object CMakeFiles/tutorial_interfaces__rosidl_typesupport_c__pyext.dir/rosidl_generator_py/tutorial_interfaces/_tutorial_interfaces_s.ep.rosidl_typesupport_c.c.o[0m
[12.629s] [ 93%] [32m[1mLinking C shared library rosidl_generator_py/tutorial_interfaces/tutorial_interfaces_s__rosidl_typesupport_introspection_c.cpython-38-x86_64-linux-gnu.so[0m
[12.630s] [ 95%] [32m[1mLinking C shared library rosidl_generator_py/tutorial_interfaces/tutorial_interfaces_s__rosidl_typesupport_c.cpython-38-x86_64-linux-gnu.so[0m
[12.665s] [ 95%] Built target tutorial_interfaces__rosidl_typesupport_introspection_c__pyext
[12.665s] [ 95%] Built target tutorial_interfaces__rosidl_typesupport_c__pyext
[12.675s] [35m[1mScanning dependencies of target tutorial_interfaces__rosidl_typesupport_fastrtps_c__pyext[0m
[12.695s] [ 97%] [32mBuilding C object CMakeFiles/tutorial_interfaces__rosidl_typesupport_fastrtps_c__pyext.dir/rosidl_generator_py/tutorial_interfaces/_tutorial_interfaces_s.ep.rosidl_typesupport_fastrtps_c.c.o[0m
[12.777s] [100%] [32m[1mLinking CXX shared library rosidl_generator_py/tutorial_interfaces/tutorial_interfaces_s__rosidl_typesupport_fastrtps_c.cpython-38-x86_64-linux-gnu.so[0m
[12.840s] [100%] Built target tutorial_interfaces__rosidl_typesupport_fastrtps_c__pyext
[12.854s] Invoked command in '/home/sanjib28/ros2_ws/build/tutorial_interfaces' returned '0': CMAKE_PREFIX_PATH=/opt/ros/foxy /usr/bin/cmake --build /home/sanjib28/ros2_ws/build/tutorial_interfaces -- -j2 -l2
[12.975s] Invoking command in '/home/sanjib28/ros2_ws/build/tutorial_interfaces': CMAKE_PREFIX_PATH=/opt/ros/foxy /usr/bin/cmake --install /home/sanjib28/ros2_ws/build/tutorial_interfaces
[12.987s] -- Install configuration: ""
[12.988s] -- Installing: /home/sanjib28/ros2_ws/install/tutorial_interfaces/share/ament_index/resource_index/rosidl_interfaces/tutorial_interfaces
[12.988s] -- Installing: /home/sanjib28/ros2_ws/install/tutorial_interfaces/include/tutorial_interfaces
[12.988s] -- Installing: /home/sanjib28/ros2_ws/install/tutorial_interfaces/include/tutorial_interfaces/msg
[12.989s] -- Installing: /home/sanjib28/ros2_ws/install/tutorial_interfaces/include/tutorial_interfaces/msg/rosidl_generator_c__visibility_control.h
[12.989s] -- Installing: /home/sanjib28/ros2_ws/install/tutorial_interfaces/include/tutorial_interfaces/msg/sphere.h
[12.989s] -- Installing: /home/sanjib28/ros2_ws/install/tutorial_interfaces/include/tutorial_interfaces/msg/num.h
[12.989s] -- Installing: /home/sanjib28/ros2_ws/install/tutorial_interfaces/include/tutorial_interfaces/msg/detail
[12.989s] -- Installing: /home/sanjib28/ros2_ws/install/tutorial_interfaces/include/tutorial_interfaces/msg/detail/num__struct.h
[12.989s] -- Installing: /home/sanjib28/ros2_ws/install/tutorial_interfaces/include/tutorial_interfaces/msg/detail/num__type_support.h
[12.989s] -- Installing: /home/sanjib28/ros2_ws/install/tutorial_interfaces/include/tutorial_interfaces/msg/detail/num__functions.h
[12.989s] -- Installing: /home/sanjib28/ros2_ws/install/tutorial_interfaces/include/tutorial_interfaces/msg/detail/num__functions.c
[12.990s] -- Installing: /home/sanjib28/ros2_ws/install/tutorial_interfaces/include/tutorial_interfaces/msg/detail/sphere__functions.h
[12.990s] -- Installing: /home/sanjib28/ros2_ws/install/tutorial_interfaces/include/tutorial_interfaces/msg/detail/sphere__functions.c
[12.990s] -- Installing: /home/sanjib28/ros2_ws/install/tutorial_interfaces/include/tutorial_interfaces/msg/detail/sphere__struct.h
[12.990s] -- Installing: /home/sanjib28/ros2_ws/install/tutorial_interfaces/include/tutorial_interfaces/msg/detail/sphere__type_support.h
[12.990s] -- Installing: /home/sanjib28/ros2_ws/install/tutorial_interfaces/include/tutorial_interfaces/srv
[12.990s] -- Installing: /home/sanjib28/ros2_ws/install/tutorial_interfaces/include/tutorial_interfaces/srv/add_three_ints.h
[12.990s] -- Installing: /home/sanjib28/ros2_ws/install/tutorial_interfaces/include/tutorial_interfaces/srv/detail
[12.990s] -- Installing: /home/sanjib28/ros2_ws/install/tutorial_interfaces/include/tutorial_interfaces/srv/detail/add_three_ints__functions.h
[12.990s] -- Installing: /home/sanjib28/ros2_ws/install/tutorial_interfaces/include/tutorial_interfaces/srv/detail/add_three_ints__functions.c
[12.990s] -- Installing: /home/sanjib28/ros2_ws/install/tutorial_interfaces/include/tutorial_interfaces/srv/detail/add_three_ints__struct.h
[12.990s] -- Installing: /home/sanjib28/ros2_ws/install/tutorial_interfaces/include/tutorial_interfaces/srv/detail/add_three_ints__type_support.h
[12.991s] -- Installing: /home/sanjib28/ros2_ws/install/tutorial_interfaces/share/tutorial_interfaces/environment/library_path.sh
[12.991s] -- Installing: /home/sanjib28/ros2_ws/install/tutorial_interfaces/share/tutorial_interfaces/environment/library_path.dsv
[12.991s] -- Installing: /home/sanjib28/ros2_ws/install/tutorial_interfaces/lib/libtutorial_interfaces__rosidl_generator_c.so
[12.991s] -- Set runtime path of "/home/sanjib28/ros2_ws/install/tutorial_interfaces/lib/libtutorial_interfaces__rosidl_generator_c.so" to ""
[12.991s] -- Up-to-date: /home/sanjib28/ros2_ws/install/tutorial_interfaces/include/tutorial_interfaces
[12.991s] -- Up-to-date: /home/sanjib28/ros2_ws/install/tutorial_interfaces/include/tutorial_interfaces/msg
[12.991s] -- Up-to-date: /home/sanjib28/ros2_ws/install/tutorial_interfaces/include/tutorial_interfaces/msg/detail
[12.991s] -- Installing: /home/sanjib28/ros2_ws/install/tutorial_interfaces/include/tutorial_interfaces/msg/detail/sphere__rosidl_typesupport_fastrtps_c.h
[12.991s] -- Installing: /home/sanjib28/ros2_ws/install/tutorial_interfaces/include/tutorial_interfaces/msg/detail/num__rosidl_typesupport_fastrtps_c.h
[12.991s] -- Installing: /home/sanjib28/ros2_ws/install/tutorial_interfaces/include/tutorial_interfaces/msg/rosidl_typesupport_fastrtps_c__visibility_control.h
[12.992s] -- Up-to-date: /home/sanjib28/ros2_ws/install/tutorial_interfaces/include/tutorial_interfaces/srv
[12.992s] -- Up-to-date: /home/sanjib28/ros2_ws/install/tutorial_interfaces/include/tutorial_interfaces/srv/detail
[12.992s] -- Installing: /home/sanjib28/ros2_ws/install/tutorial_interfaces/include/tutorial_interfaces/srv/detail/add_three_ints__rosidl_typesupport_fastrtps_c.h
[12.992s] -- Installing: /home/sanjib28/ros2_ws/install/tutorial_interfaces/lib/libtutorial_interfaces__rosidl_typesupport_fastrtps_c.so
[12.992s] -- Set runtime path of "/home/sanjib28/ros2_ws/install/tutorial_interfaces/lib/libtutorial_interfaces__rosidl_typesupport_fastrtps_c.so" to ""
[12.992s] -- Up-to-date: /home/sanjib28/ros2_ws/install/tutorial_interfaces/include/tutorial_interfaces
[12.992s] -- Up-to-date: /home/sanjib28/ros2_ws/install/tutorial_interfaces/include/tutorial_interfaces/msg
[12.992s] -- Installing: /home/sanjib28/ros2_ws/install/tutorial_interfaces/include/tutorial_interfaces/msg/rosidl_typesupport_fastrtps_cpp__visibility_control.h
[12.992s] -- Up-to-date: /home/sanjib28/ros2_ws/install/tutorial_interfaces/include/tutorial_interfaces/msg/detail
[12.992s] -- Installing: /home/sanjib28/ros2_ws/install/tutorial_interfaces/include/tutorial_interfaces/msg/detail/sphere__rosidl_typesupport_fastrtps_cpp.hpp
[12.992s] -- Installing: /home/sanjib28/ros2_ws/install/tutorial_interfaces/include/tutorial_interfaces/msg/detail/num__rosidl_typesupport_fastrtps_cpp.hpp
[12.993s] -- Installing: /home/sanjib28/ros2_ws/install/tutorial_interfaces/include/tutorial_interfaces/msg/detail/dds_fastrtps
[12.993s] -- Up-to-date: /home/sanjib28/ros2_ws/install/tutorial_interfaces/include/tutorial_interfaces/srv
[12.993s] -- Up-to-date: /home/sanjib28/ros2_ws/install/tutorial_interfaces/include/tutorial_interfaces/srv/detail
[12.993s] -- Installing: /home/sanjib28/ros2_ws/install/tutorial_interfaces/include/tutorial_interfaces/srv/detail/add_three_ints__rosidl_typesupport_fastrtps_cpp.hpp
[12.993s] -- Installing: /home/sanjib28/ros2_ws/install/tutorial_interfaces/include/tutorial_interfaces/srv/detail/dds_fastrtps
[12.993s] -- Installing: /home/sanjib28/ros2_ws/install/tutorial_interfaces/lib/libtutorial_interfaces__rosidl_typesupport_fastrtps_cpp.so
[12.993s] -- Set runtime path of "/home/sanjib28/ros2_ws/install/tutorial_interfaces/lib/libtutorial_interfaces__rosidl_typesupport_fastrtps_cpp.so" to ""
[12.993s] -- Up-to-date: /home/sanjib28/ros2_ws/install/tutorial_interfaces/include/tutorial_interfaces
[12.993s] -- Up-to-date: /home/sanjib28/ros2_ws/install/tutorial_interfaces/include/tutorial_interfaces/msg
[12.993s] -- Up-to-date: /home/sanjib28/ros2_ws/install/tutorial_interfaces/include/tutorial_interfaces/msg/detail
[12.994s] -- Installing: /home/sanjib28/ros2_ws/install/tutorial_interfaces/include/tutorial_interfaces/msg/detail/num__type_support.c
[12.994s] -- Installing: /home/sanjib28/ros2_ws/install/tutorial_interfaces/include/tutorial_interfaces/msg/detail/sphere__rosidl_typesupport_introspection_c.h
[12.994s] -- Installing: /home/sanjib28/ros2_ws/install/tutorial_interfaces/include/tutorial_interfaces/msg/detail/sphere__type_support.c
[12.994s] -- Installing: /home/sanjib28/ros2_ws/install/tutorial_interfaces/include/tutorial_interfaces/msg/detail/num__rosidl_typesupport_introspection_c.h
[12.994s] -- Installing: /home/sanjib28/ros2_ws/install/tutorial_interfaces/include/tutorial_interfaces/msg/rosidl_typesupport_introspection_c__visibility_control.h
[12.994s] -- Up-to-date: /home/sanjib28/ros2_ws/install/tutorial_interfaces/include/tutorial_interfaces/srv
[12.994s] -- Up-to-date: /home/sanjib28/ros2_ws/install/tutorial_interfaces/include/tutorial_interfaces/srv/detail
[12.994s] -- Installing: /home/sanjib28/ros2_ws/install/tutorial_interfaces/include/tutorial_interfaces/srv/detail/add_three_ints__type_support.c
[12.995s] -- Installing: /home/sanjib28/ros2_ws/install/tutorial_interfaces/include/tutorial_interfaces/srv/detail/add_three_ints__rosidl_typesupport_introspection_c.h
[12.995s] -- Installing: /home/sanjib28/ros2_ws/install/tutorial_interfaces/lib/libtutorial_interfaces__rosidl_typesupport_introspection_c.so
[12.995s] -- Set runtime path of "/home/sanjib28/ros2_ws/install/tutorial_interfaces/lib/libtutorial_interfaces__rosidl_typesupport_introspection_c.so" to ""
[12.995s] -- Installing: /home/sanjib28/ros2_ws/install/tutorial_interfaces/lib/libtutorial_interfaces__rosidl_typesupport_c.so
[12.995s] -- Set runtime path of "/home/sanjib28/ros2_ws/install/tutorial_interfaces/lib/libtutorial_interfaces__rosidl_typesupport_c.so" to ""
[12.995s] -- Up-to-date: /home/sanjib28/ros2_ws/install/tutorial_interfaces/include/tutorial_interfaces
[12.995s] -- Up-to-date: /home/sanjib28/ros2_ws/install/tutorial_interfaces/include/tutorial_interfaces/msg
[12.995s] -- Installing: /home/sanjib28/ros2_ws/install/tutorial_interfaces/include/tutorial_interfaces/msg/num.hpp
[12.995s] -- Up-to-date: /home/sanjib28/ros2_ws/install/tutorial_interfaces/include/tutorial_interfaces/msg/detail
[12.995s] -- Installing: /home/sanjib28/ros2_ws/install/tutorial_interfaces/include/tutorial_interfaces/msg/detail/sphere__traits.hpp
[12.995s] -- Installing: /home/sanjib28/ros2_ws/install/tutorial_interfaces/include/tutorial_interfaces/msg/detail/num__struct.hpp
[12.996s] -- Installing: /home/sanjib28/ros2_ws/install/tutorial_interfaces/include/tutorial_interfaces/msg/detail/num__traits.hpp
[12.996s] -- Installing: /home/sanjib28/ros2_ws/install/tutorial_interfaces/include/tutorial_interfaces/msg/detail/num__builder.hpp
[12.996s] -- Installing: /home/sanjib28/ros2_ws/install/tutorial_interfaces/include/tutorial_interfaces/msg/detail/sphere__struct.hpp
[12.996s] -- Installing: /home/sanjib28/ros2_ws/install/tutorial_interfaces/include/tutorial_interfaces/msg/detail/sphere__builder.hpp
[12.996s] -- Installing: /home/sanjib28/ros2_ws/install/tutorial_interfaces/include/tutorial_interfaces/msg/sphere.hpp
[12.996s] -- Up-to-date: /home/sanjib28/ros2_ws/install/tutorial_interfaces/include/tutorial_interfaces/srv
[12.996s] -- Installing: /home/sanjib28/ros2_ws/install/tutorial_interfaces/include/tutorial_interfaces/srv/add_three_ints.hpp
[12.996s] -- Up-to-date: /home/sanjib28/ros2_ws/install/tutorial_interfaces/include/tutorial_interfaces/srv/detail
[12.996s] -- Installing: /home/sanjib28/ros2_ws/install/tutorial_interfaces/include/tutorial_interfaces/srv/detail/add_three_ints__builder.hpp
[12.996s] -- Installing: /home/sanjib28/ros2_ws/install/tutorial_interfaces/include/tutorial_interfaces/srv/detail/add_three_ints__struct.hpp
[12.996s] -- Installing: /home/sanjib28/ros2_ws/install/tutorial_interfaces/include/tutorial_interfaces/srv/detail/add_three_ints__traits.hpp
[12.996s] -- Up-to-date: /home/sanjib28/ros2_ws/install/tutorial_interfaces/include/tutorial_interfaces
[12.996s] -- Up-to-date: /home/sanjib28/ros2_ws/install/tutorial_interfaces/include/tutorial_interfaces/msg
[12.996s] -- Up-to-date: /home/sanjib28/ros2_ws/install/tutorial_interfaces/include/tutorial_interfaces/msg/detail
[12.997s] -- Installing: /home/sanjib28/ros2_ws/install/tutorial_interfaces/include/tutorial_interfaces/msg/detail/sphere__rosidl_typesupport_introspection_cpp.hpp
[12.997s] -- Installing: /home/sanjib28/ros2_ws/install/tutorial_interfaces/include/tutorial_interfaces/msg/detail/num__type_support.cpp
[12.997s] -- Installing: /home/sanjib28/ros2_ws/install/tutorial_interfaces/include/tutorial_interfaces/msg/detail/sphere__type_support.cpp
[12.997s] -- Installing: /home/sanjib28/ros2_ws/install/tutorial_interfaces/include/tutorial_interfaces/msg/detail/num__rosidl_typesupport_introspection_cpp.hpp
[12.997s] -- Up-to-date: /home/sanjib28/ros2_ws/install/tutorial_interfaces/include/tutorial_interfaces/srv
[12.997s] -- Up-to-date: /home/sanjib28/ros2_ws/install/tutorial_interfaces/include/tutorial_interfaces/srv/detail
[12.997s] -- Installing: /home/sanjib28/ros2_ws/install/tutorial_interfaces/include/tutorial_interfaces/srv/detail/add_three_ints__rosidl_typesupport_introspection_cpp.hpp
[12.997s] -- Installing: /home/sanjib28/ros2_ws/install/tutorial_interfaces/include/tutorial_interfaces/srv/detail/add_three_ints__type_support.cpp
[12.997s] -- Installing: /home/sanjib28/ros2_ws/install/tutorial_interfaces/lib/libtutorial_interfaces__rosidl_typesupport_introspection_cpp.so
[12.997s] -- Set runtime path of "/home/sanjib28/ros2_ws/install/tutorial_interfaces/lib/libtutorial_interfaces__rosidl_typesupport_introspection_cpp.so" to ""
[12.997s] -- Installing: /home/sanjib28/ros2_ws/install/tutorial_interfaces/lib/libtutorial_interfaces__rosidl_typesupport_cpp.so
[12.997s] -- Set runtime path of "/home/sanjib28/ros2_ws/install/tutorial_interfaces/lib/libtutorial_interfaces__rosidl_typesupport_cpp.so" to ""
[12.997s] -- Installing: /home/sanjib28/ros2_ws/install/tutorial_interfaces/share/tutorial_interfaces/environment/pythonpath.sh
[12.997s] -- Installing: /home/sanjib28/ros2_ws/install/tutorial_interfaces/share/tutorial_interfaces/environment/pythonpath.dsv
[12.997s] -- Installing: /home/sanjib28/ros2_ws/install/tutorial_interfaces/lib/python3.8/site-packages/tutorial_interfaces/__init__.py
[13.024s] Compiling '/home/sanjib28/ros2_ws/install/tutorial_interfaces/lib/python3.8/site-packages/tutorial_interfaces/__init__.py'...
[13.033s] -- Installing: /home/sanjib28/ros2_ws/install/tutorial_interfaces/lib/python3.8/site-packages/tutorial_interfaces/msg
[13.033s] -- Installing: /home/sanjib28/ros2_ws/install/tutorial_interfaces/lib/python3.8/site-packages/tutorial_interfaces/msg/_sphere.py
[13.033s] -- Installing: /home/sanjib28/ros2_ws/install/tutorial_interfaces/lib/python3.8/site-packages/tutorial_interfaces/msg/_num.py
[13.033s] -- Installing: /home/sanjib28/ros2_ws/install/tutorial_interfaces/lib/python3.8/site-packages/tutorial_interfaces/msg/__init__.py
[13.034s] -- Installing: /home/sanjib28/ros2_ws/install/tutorial_interfaces/lib/python3.8/site-packages/tutorial_interfaces/msg/_num_s.c
[13.034s] -- Installing: /home/sanjib28/ros2_ws/install/tutorial_interfaces/lib/python3.8/site-packages/tutorial_interfaces/msg/_sphere_s.c
[13.034s] -- Installing: /home/sanjib28/ros2_ws/install/tutorial_interfaces/lib/python3.8/site-packages/tutorial_interfaces/srv
[13.034s] -- Installing: /home/sanjib28/ros2_ws/install/tutorial_interfaces/lib/python3.8/site-packages/tutorial_interfaces/srv/__init__.py
[13.035s] -- Installing: /home/sanjib28/ros2_ws/install/tutorial_interfaces/lib/python3.8/site-packages/tutorial_interfaces/srv/_add_three_ints.py
[13.035s] -- Installing: /home/sanjib28/ros2_ws/install/tutorial_interfaces/lib/python3.8/site-packages/tutorial_interfaces/srv/_add_three_ints_s.c
[13.035s] -- Installing: /home/sanjib28/ros2_ws/install/tutorial_interfaces/lib/python3.8/site-packages/tutorial_interfaces/tutorial_interfaces_s__rosidl_typesupport_fastrtps_c.cpython-38-x86_64-linux-gnu.so
[13.036s] -- Set runtime path of "/home/sanjib28/ros2_ws/install/tutorial_interfaces/lib/python3.8/site-packages/tutorial_interfaces/tutorial_interfaces_s__rosidl_typesupport_fastrtps_c.cpython-38-x86_64-linux-gnu.so" to ""
[13.037s] -- Installing: /home/sanjib28/ros2_ws/install/tutorial_interfaces/lib/python3.8/site-packages/tutorial_interfaces/tutorial_interfaces_s__rosidl_typesupport_introspection_c.cpython-38-x86_64-linux-gnu.so
[13.038s] -- Set runtime path of "/home/sanjib28/ros2_ws/install/tutorial_interfaces/lib/python3.8/site-packages/tutorial_interfaces/tutorial_interfaces_s__rosidl_typesupport_introspection_c.cpython-38-x86_64-linux-gnu.so" to ""
[13.038s] -- Installing: /home/sanjib28/ros2_ws/install/tutorial_interfaces/lib/python3.8/site-packages/tutorial_interfaces/tutorial_interfaces_s__rosidl_typesupport_c.cpython-38-x86_64-linux-gnu.so
[13.039s] -- Set runtime path of "/home/sanjib28/ros2_ws/install/tutorial_interfaces/lib/python3.8/site-packages/tutorial_interfaces/tutorial_interfaces_s__rosidl_typesupport_c.cpython-38-x86_64-linux-gnu.so" to ""
[13.040s] -- Installing: /home/sanjib28/ros2_ws/install/tutorial_interfaces/lib/libtutorial_interfaces__python.so
[13.040s] -- Set runtime path of "/home/sanjib28/ros2_ws/install/tutorial_interfaces/lib/libtutorial_interfaces__python.so" to ""
[13.040s] -- Installing: /home/sanjib28/ros2_ws/install/tutorial_interfaces/share/tutorial_interfaces/msg/Num.idl
[13.041s] -- Installing: /home/sanjib28/ros2_ws/install/tutorial_interfaces/share/tutorial_interfaces/msg/Sphere.idl
[13.041s] -- Installing: /home/sanjib28/ros2_ws/install/tutorial_interfaces/share/tutorial_interfaces/srv/AddThreeInts.idl
[13.041s] -- Installing: /home/sanjib28/ros2_ws/install/tutorial_interfaces/share/tutorial_interfaces/msg/Num.msg
[13.042s] -- Installing: /home/sanjib28/ros2_ws/install/tutorial_interfaces/share/tutorial_interfaces/msg/Sphere.msg
[13.042s] -- Installing: /home/sanjib28/ros2_ws/install/tutorial_interfaces/share/tutorial_interfaces/srv/AddThreeInts.srv
[13.042s] -- Installing: /home/sanjib28/ros2_ws/install/tutorial_interfaces/share/tutorial_interfaces/srv/AddThreeInts_Request.msg
[13.042s] -- Installing: /home/sanjib28/ros2_ws/install/tutorial_interfaces/share/tutorial_interfaces/srv/AddThreeInts_Response.msg
[13.043s] -- Installing: /home/sanjib28/ros2_ws/install/tutorial_interfaces/share/ament_index/resource_index/package_run_dependencies/tutorial_interfaces
[13.043s] -- Installing: /home/sanjib28/ros2_ws/install/tutorial_interfaces/share/ament_index/resource_index/parent_prefix_path/tutorial_interfaces
[13.043s] -- Installing: /home/sanjib28/ros2_ws/install/tutorial_interfaces/share/tutorial_interfaces/environment/ament_prefix_path.sh
[13.044s] -- Installing: /home/sanjib28/ros2_ws/install/tutorial_interfaces/share/tutorial_interfaces/environment/ament_prefix_path.dsv
[13.044s] -- Installing: /home/sanjib28/ros2_ws/install/tutorial_interfaces/share/tutorial_interfaces/environment/path.sh
[13.044s] -- Installing: /home/sanjib28/ros2_ws/install/tutorial_interfaces/share/tutorial_interfaces/environment/path.dsv
[13.044s] -- Installing: /home/sanjib28/ros2_ws/install/tutorial_interfaces/share/tutorial_interfaces/local_setup.bash
[13.045s] -- Installing: /home/sanjib28/ros2_ws/install/tutorial_interfaces/share/tutorial_interfaces/local_setup.sh
[13.045s] -- Installing: /home/sanjib28/ros2_ws/install/tutorial_interfaces/share/tutorial_interfaces/local_setup.zsh
[13.045s] -- Installing: /home/sanjib28/ros2_ws/install/tutorial_interfaces/share/tutorial_interfaces/local_setup.dsv
[13.046s] -- Installing: /home/sanjib28/ros2_ws/install/tutorial_interfaces/share/tutorial_interfaces/package.dsv
[13.046s] -- Installing: /home/sanjib28/ros2_ws/install/tutorial_interfaces/share/ament_index/resource_index/packages/tutorial_interfaces
[13.046s] -- Installing: /home/sanjib28/ros2_ws/install/tutorial_interfaces/share/tutorial_interfaces/cmake/tutorial_interfaces__rosidl_generator_cExport.cmake
[13.047s] -- Installing: /home/sanjib28/ros2_ws/install/tutorial_interfaces/share/tutorial_interfaces/cmake/tutorial_interfaces__rosidl_generator_cExport-noconfig.cmake
[13.047s] -- Installing: /home/sanjib28/ros2_ws/install/tutorial_interfaces/share/tutorial_interfaces/cmake/tutorial_interfaces__rosidl_typesupport_introspection_cExport.cmake
[13.047s] -- Installing: /home/sanjib28/ros2_ws/install/tutorial_interfaces/share/tutorial_interfaces/cmake/tutorial_interfaces__rosidl_typesupport_introspection_cExport-noconfig.cmake
[13.048s] -- Installing: /home/sanjib28/ros2_ws/install/tutorial_interfaces/share/tutorial_interfaces/cmake/tutorial_interfaces__rosidl_typesupport_cExport.cmake
[13.048s] -- Installing: /home/sanjib28/ros2_ws/install/tutorial_interfaces/share/tutorial_interfaces/cmake/tutorial_interfaces__rosidl_typesupport_cExport-noconfig.cmake
[13.048s] -- Installing: /home/sanjib28/ros2_ws/install/tutorial_interfaces/share/tutorial_interfaces/cmake/tutorial_interfaces__rosidl_generator_cppExport.cmake
[13.049s] -- Installing: /home/sanjib28/ros2_ws/install/tutorial_interfaces/share/tutorial_interfaces/cmake/tutorial_interfaces__rosidl_typesupport_introspection_cppExport.cmake
[13.049s] -- Installing: /home/sanjib28/ros2_ws/install/tutorial_interfaces/share/tutorial_interfaces/cmake/tutorial_interfaces__rosidl_typesupport_introspection_cppExport-noconfig.cmake
[13.049s] -- Installing: /home/sanjib28/ros2_ws/install/tutorial_interfaces/share/tutorial_interfaces/cmake/tutorial_interfaces__rosidl_typesupport_cppExport.cmake
[13.050s] -- Installing: /home/sanjib28/ros2_ws/install/tutorial_interfaces/share/tutorial_interfaces/cmake/tutorial_interfaces__rosidl_typesupport_cppExport-noconfig.cmake
[13.050s] -- Installing: /home/sanjib28/ros2_ws/install/tutorial_interfaces/share/tutorial_interfaces/cmake/rosidl_cmake-extras.cmake
[13.050s] -- Installing: /home/sanjib28/ros2_ws/install/tutorial_interfaces/share/tutorial_interfaces/cmake/ament_cmake_export_dependencies-extras.cmake
[13.051s] -- Installing: /home/sanjib28/ros2_ws/install/tutorial_interfaces/share/tutorial_interfaces/cmake/ament_cmake_export_libraries-extras.cmake
[13.051s] -- Installing: /home/sanjib28/ros2_ws/install/tutorial_interfaces/share/tutorial_interfaces/cmake/ament_cmake_export_targets-extras.cmake
[13.051s] -- Installing: /home/sanjib28/ros2_ws/install/tutorial_interfaces/share/tutorial_interfaces/cmake/ament_cmake_export_include_directories-extras.cmake
[13.052s] -- Installing: /home/sanjib28/ros2_ws/install/tutorial_interfaces/share/tutorial_interfaces/cmake/rosidl_cmake_export_typesupport_libraries-extras.cmake
[13.052s] -- Installing: /home/sanjib28/ros2_ws/install/tutorial_interfaces/share/tutorial_interfaces/cmake/rosidl_cmake_export_typesupport_targets-extras.cmake
[13.052s] -- Installing: /home/sanjib28/ros2_ws/install/tutorial_interfaces/share/tutorial_interfaces/cmake/tutorial_interfacesConfig.cmake
[13.052s] -- Installing: /home/sanjib28/ros2_ws/install/tutorial_interfaces/share/tutorial_interfaces/cmake/tutorial_interfacesConfig-version.cmake
[13.053s] -- Installing: /home/sanjib28/ros2_ws/install/tutorial_interfaces/share/tutorial_interfaces/package.xml
[13.059s] Invoked command in '/home/sanjib28/ros2_ws/build/tutorial_interfaces' returned '0': CMAKE_PREFIX_PATH=/opt/ros/foxy /usr/bin/cmake --install /home/sanjib28/ros2_ws/build/tutorial_interfaces
