running egg_info
creating build/launch_tutorial/launch_tutorial.egg-info
writing build/launch_tutorial/launch_tutorial.egg-info/PKG-INFO
writing dependency_links to build/launch_tutorial/launch_tutorial.egg-info/dependency_links.txt
writing entry points to build/launch_tutorial/launch_tutorial.egg-info/entry_points.txt
writing requirements to build/launch_tutorial/launch_tutorial.egg-info/requires.txt
writing top-level names to build/launch_tutorial/launch_tutorial.egg-info/top_level.txt
writing manifest file 'build/launch_tutorial/launch_tutorial.egg-info/SOURCES.txt'
reading manifest file 'build/launch_tutorial/launch_tutorial.egg-info/SOURCES.txt'
writing manifest file 'build/launch_tutorial/launch_tutorial.egg-info/SOURCES.txt'
running build
running build_py
creating /home/sanjib28/launch_tutorial/build/launch_tutorial/build
creating /home/sanjib28/launch_tutorial/build/launch_tutorial/build/lib
creating /home/sanjib28/launch_tutorial/build/launch_tutorial/build/lib/launch_tutorial
copying launch_tutorial/__init__.py -> /home/sanjib28/launch_tutorial/build/launch_tutorial/build/lib/launch_tutorial
running install
running install_lib
creating /home/sanjib28/launch_tutorial/install/launch_tutorial/lib/python3.8/site-packages/launch_tutorial
copying /home/sanjib28/launch_tutorial/build/launch_tutorial/build/lib/launch_tutorial/__init__.py -> /home/sanjib28/launch_tutorial/install/launch_tutorial/lib/python3.8/site-packages/launch_tutorial
byte-compiling /home/sanjib28/launch_tutorial/install/launch_tutorial/lib/python3.8/site-packages/launch_tutorial/__init__.py to __init__.cpython-38.pyc
running install_data
creating /home/sanjib28/launch_tutorial/install/launch_tutorial/share/ament_index
creating /home/sanjib28/launch_tutorial/install/launch_tutorial/share/ament_index/resource_index
creating /home/sanjib28/launch_tutorial/install/launch_tutorial/share/ament_index/resource_index/packages
copying resource/launch_tutorial -> /home/sanjib28/launch_tutorial/install/launch_tutorial/share/ament_index/resource_index/packages
copying package.xml -> /home/sanjib28/launch_tutorial/install/launch_tutorial/share/launch_tutorial
copying launch/example_substitutions.launch.py -> /home/sanjib28/launch_tutorial/install/launch_tutorial/share/launch_tutorial
copying launch/example_main.launch.py -> /home/sanjib28/launch_tutorial/install/launch_tutorial/share/launch_tutorial
running install_egg_info
Copying build/launch_tutorial/launch_tutorial.egg-info to /home/sanjib28/launch_tutorial/install/launch_tutorial/lib/python3.8/site-packages/launch_tutorial-0.0.0-py3.8.egg-info
running install_scripts
writing list of installed files to '/home/sanjib28/launch_tutorial/build/launch_tutorial/install.log'
