[0.640s] Invoking command in '/home/sanjib28/launch_tutorial': PYTHONPATH=/home/sanjib28/launch_tutorial/install/launch_tutorial/lib/python3.8/site-packages:${PYTHONPATH} /usr/bin/python3 setup.py egg_info --egg-base build/launch_tutorial build --build-base /home/sanjib28/launch_tutorial/build/launch_tutorial/build install --prefix /home/sanjib28/launch_tutorial/install/launch_tutorial --record /home/sanjib28/launch_tutorial/build/launch_tutorial/install.log --single-version-externally-managed
[0.849s] running egg_info
[0.849s] creating build/launch_tutorial/launch_tutorial.egg-info
[0.849s] writing build/launch_tutorial/launch_tutorial.egg-info/PKG-INFO
[0.850s] writing dependency_links to build/launch_tutorial/launch_tutorial.egg-info/dependency_links.txt
[0.850s] writing entry points to build/launch_tutorial/launch_tutorial.egg-info/entry_points.txt
[0.850s] writing requirements to build/launch_tutorial/launch_tutorial.egg-info/requires.txt
[0.850s] writing top-level names to build/launch_tutorial/launch_tutorial.egg-info/top_level.txt
[0.851s] writing manifest file 'build/launch_tutorial/launch_tutorial.egg-info/SOURCES.txt'
[0.883s] reading manifest file 'build/launch_tutorial/launch_tutorial.egg-info/SOURCES.txt'
[0.884s] writing manifest file 'build/launch_tutorial/launch_tutorial.egg-info/SOURCES.txt'
[0.884s] running build
[0.884s] running build_py
[0.885s] creating /home/sanjib28/launch_tutorial/build/launch_tutorial/build
[0.885s] creating /home/sanjib28/launch_tutorial/build/launch_tutorial/build/lib
[0.885s] creating /home/sanjib28/launch_tutorial/build/launch_tutorial/build/lib/launch_tutorial
[0.885s] copying launch_tutorial/__init__.py -> /home/sanjib28/launch_tutorial/build/launch_tutorial/build/lib/launch_tutorial
[0.885s] running install
[0.886s] running install_lib
[0.887s] creating /home/sanjib28/launch_tutorial/install/launch_tutorial/lib/python3.8/site-packages/launch_tutorial
[0.887s] copying /home/sanjib28/launch_tutorial/build/launch_tutorial/build/lib/launch_tutorial/__init__.py -> /home/sanjib28/launch_tutorial/install/launch_tutorial/lib/python3.8/site-packages/launch_tutorial
[0.887s] byte-compiling /home/sanjib28/launch_tutorial/install/launch_tutorial/lib/python3.8/site-packages/launch_tutorial/__init__.py to __init__.cpython-38.pyc
[0.889s] running install_data
[0.889s] creating /home/sanjib28/launch_tutorial/install/launch_tutorial/share/ament_index
[0.889s] creating /home/sanjib28/launch_tutorial/install/launch_tutorial/share/ament_index/resource_index
[0.889s] creating /home/sanjib28/launch_tutorial/install/launch_tutorial/share/ament_index/resource_index/packages
[0.889s] copying resource/launch_tutorial -> /home/sanjib28/launch_tutorial/install/launch_tutorial/share/ament_index/resource_index/packages
[0.890s] copying package.xml -> /home/sanjib28/launch_tutorial/install/launch_tutorial/share/launch_tutorial
[0.891s] copying launch/example_substitutions.launch.py -> /home/sanjib28/launch_tutorial/install/launch_tutorial/share/launch_tutorial
[0.891s] copying launch/example_main.launch.py -> /home/sanjib28/launch_tutorial/install/launch_tutorial/share/launch_tutorial
[0.891s] running install_egg_info
[0.893s] Copying build/launch_tutorial/launch_tutorial.egg-info to /home/sanjib28/launch_tutorial/install/launch_tutorial/lib/python3.8/site-packages/launch_tutorial-0.0.0-py3.8.egg-info
[0.894s] running install_scripts
[0.911s] writing list of installed files to '/home/sanjib28/launch_tutorial/build/launch_tutorial/install.log'
[0.947s] Invoked command in '/home/sanjib28/launch_tutorial' returned '0': PYTHONPATH=/home/sanjib28/launch_tutorial/install/launch_tutorial/lib/python3.8/site-packages:${PYTHONPATH} /usr/bin/python3 setup.py egg_info --egg-base build/launch_tutorial build --build-base /home/sanjib28/launch_tutorial/build/launch_tutorial/build install --prefix /home/sanjib28/launch_tutorial/install/launch_tutorial --record /home/sanjib28/launch_tutorial/build/launch_tutorial/install.log --single-version-externally-managed
