[0.023s] Invoking command in '/home/sanjib28/ros2_ws/build/turtlesim': CMAKE_PREFIX_PATH=/opt/ros/foxy /usr/bin/cmake --build /home/sanjib28/ros2_ws/build/turtlesim -- -j2 -l2
[0.180s] [  1%] Built target turtlesim__cpp
[0.233s] [ 11%] Built target turtlesim__rosidl_generator_c
[0.247s] [ 21%] Built target turtlesim__rosidl_typesupport_cpp
[0.330s] [ 31%] Built target turtlesim__rosidl_typesupport_fastrtps_cpp
[0.359s] [ 41%] Built target turtlesim__rosidl_typesupport_introspection_cpp
[0.401s] [ 51%] Built target turtlesim__rosidl_typesupport_introspection_c
[0.419s] [ 61%] Built target turtlesim__rosidl_typesupport_c
[0.466s] [ 71%] Built target turtlesim__rosidl_typesupport_fastrtps_c
[0.499s] [ 71%] Built target turtlesim
[0.581s] [ 73%] Built target draw_square
[0.599s] [ 75%] Built target mimic
[0.625s] [ 76%] Built target turtlesim__py
[0.703s] [ 78%] Built target turtle_teleop_key
[0.776s] [ 84%] Built target turtlesim_node
[0.887s] [ 93%] Built target turtlesim__python
[1.003s] [ 95%] Built target turtlesim__rosidl_typesupport_introspection_c__pyext
[1.041s] [ 97%] Built target turtlesim__rosidl_typesupport_fastrtps_c__pyext
[1.130s] [100%] Built target turtlesim__rosidl_typesupport_c__pyext
[1.170s] Invoked command in '/home/sanjib28/ros2_ws/build/turtlesim' returned '0': CMAKE_PREFIX_PATH=/opt/ros/foxy /usr/bin/cmake --build /home/sanjib28/ros2_ws/build/turtlesim -- -j2 -l2
[2.523s] Invoking command in '/home/sanjib28/ros2_ws/build/turtlesim': CMAKE_PREFIX_PATH=/opt/ros/foxy /usr/bin/cmake --install /home/sanjib28/ros2_ws/build/turtlesim
[2.549s] -- Install configuration: ""
[2.553s] -- Up-to-date: /home/sanjib28/ros2_ws/install/turtlesim/share/ament_index/resource_index/rosidl_interfaces/turtlesim
[2.554s] -- Up-to-date: /home/sanjib28/ros2_ws/install/turtlesim/include/turtlesim
[2.554s] -- Up-to-date: /home/sanjib28/ros2_ws/install/turtlesim/include/turtlesim/action
[2.555s] -- Up-to-date: /home/sanjib28/ros2_ws/install/turtlesim/include/turtlesim/action/rotate_absolute.h
[2.555s] -- Up-to-date: /home/sanjib28/ros2_ws/install/turtlesim/include/turtlesim/action/detail
[2.556s] -- Up-to-date: /home/sanjib28/ros2_ws/install/turtlesim/include/turtlesim/action/detail/rotate_absolute__struct.h
[2.556s] -- Up-to-date: /home/sanjib28/ros2_ws/install/turtlesim/include/turtlesim/action/detail/rotate_absolute__functions.c
[2.557s] -- Up-to-date: /home/sanjib28/ros2_ws/install/turtlesim/include/turtlesim/action/detail/rotate_absolute__type_support.h
[2.558s] -- Up-to-date: /home/sanjib28/ros2_ws/install/turtlesim/include/turtlesim/action/detail/rotate_absolute__functions.h
[2.558s] -- Up-to-date: /home/sanjib28/ros2_ws/install/turtlesim/include/turtlesim/msg
[2.558s] -- Up-to-date: /home/sanjib28/ros2_ws/install/turtlesim/include/turtlesim/msg/color.h
[2.559s] -- Up-to-date: /home/sanjib28/ros2_ws/install/turtlesim/include/turtlesim/msg/rosidl_generator_c__visibility_control.h
[2.559s] -- Up-to-date: /home/sanjib28/ros2_ws/install/turtlesim/include/turtlesim/msg/detail
[2.560s] -- Up-to-date: /home/sanjib28/ros2_ws/install/turtlesim/include/turtlesim/msg/detail/color__functions.c
[2.560s] -- Up-to-date: /home/sanjib28/ros2_ws/install/turtlesim/include/turtlesim/msg/detail/color__functions.h
[2.560s] -- Up-to-date: /home/sanjib28/ros2_ws/install/turtlesim/include/turtlesim/msg/detail/color__type_support.h
[2.560s] -- Up-to-date: /home/sanjib28/ros2_ws/install/turtlesim/include/turtlesim/msg/detail/pose__type_support.h
[2.560s] -- Up-to-date: /home/sanjib28/ros2_ws/install/turtlesim/include/turtlesim/msg/detail/pose__struct.h
[2.561s] -- Up-to-date: /home/sanjib28/ros2_ws/install/turtlesim/include/turtlesim/msg/detail/pose__functions.c
[2.561s] -- Up-to-date: /home/sanjib28/ros2_ws/install/turtlesim/include/turtlesim/msg/detail/pose__functions.h
[2.561s] -- Up-to-date: /home/sanjib28/ros2_ws/install/turtlesim/include/turtlesim/msg/detail/color__struct.h
[2.561s] -- Up-to-date: /home/sanjib28/ros2_ws/install/turtlesim/include/turtlesim/msg/pose.h
[2.561s] -- Up-to-date: /home/sanjib28/ros2_ws/install/turtlesim/include/turtlesim/srv
[2.562s] -- Up-to-date: /home/sanjib28/ros2_ws/install/turtlesim/include/turtlesim/srv/set_pen.h
[2.562s] -- Up-to-date: /home/sanjib28/ros2_ws/install/turtlesim/include/turtlesim/srv/kill.h
[2.563s] -- Up-to-date: /home/sanjib28/ros2_ws/install/turtlesim/include/turtlesim/srv/teleport_relative.h
[2.563s] -- Up-to-date: /home/sanjib28/ros2_ws/install/turtlesim/include/turtlesim/srv/teleport_absolute.h
[2.563s] -- Up-to-date: /home/sanjib28/ros2_ws/install/turtlesim/include/turtlesim/srv/detail
[2.564s] -- Up-to-date: /home/sanjib28/ros2_ws/install/turtlesim/include/turtlesim/srv/detail/spawn__struct.h
[2.564s] -- Up-to-date: /home/sanjib28/ros2_ws/install/turtlesim/include/turtlesim/srv/detail/teleport_absolute__struct.h
[2.564s] -- Up-to-date: /home/sanjib28/ros2_ws/install/turtlesim/include/turtlesim/srv/detail/teleport_relative__functions.c
[2.565s] -- Up-to-date: /home/sanjib28/ros2_ws/install/turtlesim/include/turtlesim/srv/detail/teleport_absolute__functions.h
[2.565s] -- Up-to-date: /home/sanjib28/ros2_ws/install/turtlesim/include/turtlesim/srv/detail/kill__type_support.h
[2.565s] -- Up-to-date: /home/sanjib28/ros2_ws/install/turtlesim/include/turtlesim/srv/detail/set_pen__functions.c
[2.565s] -- Up-to-date: /home/sanjib28/ros2_ws/install/turtlesim/include/turtlesim/srv/detail/teleport_absolute__functions.c
[2.565s] -- Up-to-date: /home/sanjib28/ros2_ws/install/turtlesim/include/turtlesim/srv/detail/set_pen__functions.h
[2.566s] -- Up-to-date: /home/sanjib28/ros2_ws/install/turtlesim/include/turtlesim/srv/detail/kill__functions.c
[2.566s] -- Up-to-date: /home/sanjib28/ros2_ws/install/turtlesim/include/turtlesim/srv/detail/teleport_relative__struct.h
[2.566s] -- Up-to-date: /home/sanjib28/ros2_ws/install/turtlesim/include/turtlesim/srv/detail/spawn__functions.c
[2.566s] -- Up-to-date: /home/sanjib28/ros2_ws/install/turtlesim/include/turtlesim/srv/detail/kill__functions.h
[2.567s] -- Up-to-date: /home/sanjib28/ros2_ws/install/turtlesim/include/turtlesim/srv/detail/teleport_relative__functions.h
[2.567s] -- Up-to-date: /home/sanjib28/ros2_ws/install/turtlesim/include/turtlesim/srv/detail/teleport_relative__type_support.h
[2.567s] -- Up-to-date: /home/sanjib28/ros2_ws/install/turtlesim/include/turtlesim/srv/detail/teleport_absolute__type_support.h
[2.568s] -- Up-to-date: /home/sanjib28/ros2_ws/install/turtlesim/include/turtlesim/srv/detail/set_pen__struct.h
[2.568s] -- Up-to-date: /home/sanjib28/ros2_ws/install/turtlesim/include/turtlesim/srv/detail/spawn__functions.h
[2.568s] -- Up-to-date: /home/sanjib28/ros2_ws/install/turtlesim/include/turtlesim/srv/detail/spawn__type_support.h
[2.568s] -- Up-to-date: /home/sanjib28/ros2_ws/install/turtlesim/include/turtlesim/srv/detail/kill__struct.h
[2.569s] -- Up-to-date: /home/sanjib28/ros2_ws/install/turtlesim/include/turtlesim/srv/detail/set_pen__type_support.h
[2.569s] -- Up-to-date: /home/sanjib28/ros2_ws/install/turtlesim/include/turtlesim/srv/spawn.h
[2.570s] -- Up-to-date: /home/sanjib28/ros2_ws/install/turtlesim/share/turtlesim/environment/library_path.sh
[2.570s] -- Up-to-date: /home/sanjib28/ros2_ws/install/turtlesim/share/turtlesim/environment/library_path.dsv
[2.572s] -- Up-to-date: /home/sanjib28/ros2_ws/install/turtlesim/lib/libturtlesim__rosidl_generator_c.so
[2.573s] -- Up-to-date: /home/sanjib28/ros2_ws/install/turtlesim/include/turtlesim
[2.573s] -- Up-to-date: /home/sanjib28/ros2_ws/install/turtlesim/include/turtlesim/action
[2.573s] -- Up-to-date: /home/sanjib28/ros2_ws/install/turtlesim/include/turtlesim/action/detail
[2.574s] -- Up-to-date: /home/sanjib28/ros2_ws/install/turtlesim/include/turtlesim/action/detail/rotate_absolute__rosidl_typesupport_fastrtps_c.h
[2.574s] -- Up-to-date: /home/sanjib28/ros2_ws/install/turtlesim/include/turtlesim/msg
[2.574s] -- Up-to-date: /home/sanjib28/ros2_ws/install/turtlesim/include/turtlesim/msg/detail
[2.574s] -- Up-to-date: /home/sanjib28/ros2_ws/install/turtlesim/include/turtlesim/msg/detail/pose__rosidl_typesupport_fastrtps_c.h
[2.574s] -- Up-to-date: /home/sanjib28/ros2_ws/install/turtlesim/include/turtlesim/msg/detail/color__rosidl_typesupport_fastrtps_c.h
[2.575s] -- Up-to-date: /home/sanjib28/ros2_ws/install/turtlesim/include/turtlesim/msg/rosidl_typesupport_fastrtps_c__visibility_control.h
[2.576s] -- Up-to-date: /home/sanjib28/ros2_ws/install/turtlesim/include/turtlesim/srv
[2.576s] -- Up-to-date: /home/sanjib28/ros2_ws/install/turtlesim/include/turtlesim/srv/detail
[2.576s] -- Up-to-date: /home/sanjib28/ros2_ws/install/turtlesim/include/turtlesim/srv/detail/teleport_absolute__rosidl_typesupport_fastrtps_c.h
[2.577s] -- Up-to-date: /home/sanjib28/ros2_ws/install/turtlesim/include/turtlesim/srv/detail/spawn__rosidl_typesupport_fastrtps_c.h
[2.577s] -- Up-to-date: /home/sanjib28/ros2_ws/install/turtlesim/include/turtlesim/srv/detail/teleport_relative__rosidl_typesupport_fastrtps_c.h
[2.578s] -- Up-to-date: /home/sanjib28/ros2_ws/install/turtlesim/include/turtlesim/srv/detail/kill__rosidl_typesupport_fastrtps_c.h
[2.578s] -- Up-to-date: /home/sanjib28/ros2_ws/install/turtlesim/include/turtlesim/srv/detail/set_pen__rosidl_typesupport_fastrtps_c.h
[2.579s] -- Up-to-date: /home/sanjib28/ros2_ws/install/turtlesim/lib/libturtlesim__rosidl_typesupport_fastrtps_c.so
[2.580s] -- Up-to-date: /home/sanjib28/ros2_ws/install/turtlesim/include/turtlesim
[2.580s] -- Up-to-date: /home/sanjib28/ros2_ws/install/turtlesim/include/turtlesim/action
[2.580s] -- Up-to-date: /home/sanjib28/ros2_ws/install/turtlesim/include/turtlesim/action/detail
[2.581s] -- Up-to-date: /home/sanjib28/ros2_ws/install/turtlesim/include/turtlesim/action/detail/rotate_absolute__rosidl_typesupport_fastrtps_cpp.hpp
[2.581s] -- Up-to-date: /home/sanjib28/ros2_ws/install/turtlesim/include/turtlesim/action/detail/dds_fastrtps
[2.581s] -- Up-to-date: /home/sanjib28/ros2_ws/install/turtlesim/include/turtlesim/msg
[2.582s] -- Up-to-date: /home/sanjib28/ros2_ws/install/turtlesim/include/turtlesim/msg/rosidl_typesupport_fastrtps_cpp__visibility_control.h
[2.582s] -- Up-to-date: /home/sanjib28/ros2_ws/install/turtlesim/include/turtlesim/msg/detail
[2.582s] -- Up-to-date: /home/sanjib28/ros2_ws/install/turtlesim/include/turtlesim/msg/detail/color__rosidl_typesupport_fastrtps_cpp.hpp
[2.582s] -- Up-to-date: /home/sanjib28/ros2_ws/install/turtlesim/include/turtlesim/msg/detail/pose__rosidl_typesupport_fastrtps_cpp.hpp
[2.583s] -- Up-to-date: /home/sanjib28/ros2_ws/install/turtlesim/include/turtlesim/msg/detail/dds_fastrtps
[2.584s] -- Up-to-date: /home/sanjib28/ros2_ws/install/turtlesim/include/turtlesim/srv
[2.584s] -- Up-to-date: /home/sanjib28/ros2_ws/install/turtlesim/include/turtlesim/srv/detail
[2.584s] -- Up-to-date: /home/sanjib28/ros2_ws/install/turtlesim/include/turtlesim/srv/detail/set_pen__rosidl_typesupport_fastrtps_cpp.hpp
[2.585s] -- Up-to-date: /home/sanjib28/ros2_ws/install/turtlesim/include/turtlesim/srv/detail/teleport_absolute__rosidl_typesupport_fastrtps_cpp.hpp
[2.585s] -- Up-to-date: /home/sanjib28/ros2_ws/install/turtlesim/include/turtlesim/srv/detail/kill__rosidl_typesupport_fastrtps_cpp.hpp
[2.585s] -- Up-to-date: /home/sanjib28/ros2_ws/install/turtlesim/include/turtlesim/srv/detail/teleport_relative__rosidl_typesupport_fastrtps_cpp.hpp
[2.585s] -- Up-to-date: /home/sanjib28/ros2_ws/install/turtlesim/include/turtlesim/srv/detail/spawn__rosidl_typesupport_fastrtps_cpp.hpp
[2.586s] -- Up-to-date: /home/sanjib28/ros2_ws/install/turtlesim/include/turtlesim/srv/detail/dds_fastrtps
[2.588s] -- Up-to-date: /home/sanjib28/ros2_ws/install/turtlesim/lib/libturtlesim__rosidl_typesupport_fastrtps_cpp.so
[2.589s] -- Up-to-date: /home/sanjib28/ros2_ws/install/turtlesim/include/turtlesim
[2.589s] -- Up-to-date: /home/sanjib28/ros2_ws/install/turtlesim/include/turtlesim/action
[2.589s] -- Up-to-date: /home/sanjib28/ros2_ws/install/turtlesim/include/turtlesim/action/detail
[2.590s] -- Up-to-date: /home/sanjib28/ros2_ws/install/turtlesim/include/turtlesim/action/detail/rotate_absolute__rosidl_typesupport_introspection_c.h
[2.590s] -- Up-to-date: /home/sanjib28/ros2_ws/install/turtlesim/include/turtlesim/action/detail/rotate_absolute__type_support.c
[2.590s] -- Up-to-date: /home/sanjib28/ros2_ws/install/turtlesim/include/turtlesim/msg
[2.590s] -- Up-to-date: /home/sanjib28/ros2_ws/install/turtlesim/include/turtlesim/msg/detail
[2.591s] -- Up-to-date: /home/sanjib28/ros2_ws/install/turtlesim/include/turtlesim/msg/detail/color__type_support.c
[2.591s] -- Up-to-date: /home/sanjib28/ros2_ws/install/turtlesim/include/turtlesim/msg/detail/color__rosidl_typesupport_introspection_c.h
[2.592s] -- Up-to-date: /home/sanjib28/ros2_ws/install/turtlesim/include/turtlesim/msg/detail/pose__rosidl_typesupport_introspection_c.h
[2.593s] -- Up-to-date: /home/sanjib28/ros2_ws/install/turtlesim/include/turtlesim/msg/detail/pose__type_support.c
[2.593s] -- Up-to-date: /home/sanjib28/ros2_ws/install/turtlesim/include/turtlesim/msg/rosidl_typesupport_introspection_c__visibility_control.h
[2.593s] -- Up-to-date: /home/sanjib28/ros2_ws/install/turtlesim/include/turtlesim/srv
[2.593s] -- Up-to-date: /home/sanjib28/ros2_ws/install/turtlesim/include/turtlesim/srv/detail
[2.593s] -- Up-to-date: /home/sanjib28/ros2_ws/install/turtlesim/include/turtlesim/srv/detail/teleport_relative__rosidl_typesupport_introspection_c.h
[2.593s] -- Up-to-date: /home/sanjib28/ros2_ws/install/turtlesim/include/turtlesim/srv/detail/spawn__type_support.c
[2.593s] -- Up-to-date: /home/sanjib28/ros2_ws/install/turtlesim/include/turtlesim/srv/detail/set_pen__rosidl_typesupport_introspection_c.h
[2.593s] -- Up-to-date: /home/sanjib28/ros2_ws/install/turtlesim/include/turtlesim/srv/detail/spawn__rosidl_typesupport_introspection_c.h
[2.593s] -- Up-to-date: /home/sanjib28/ros2_ws/install/turtlesim/include/turtlesim/srv/detail/teleport_relative__type_support.c
[2.594s] -- Up-to-date: /home/sanjib28/ros2_ws/install/turtlesim/include/turtlesim/srv/detail/teleport_absolute__type_support.c
[2.594s] -- Up-to-date: /home/sanjib28/ros2_ws/install/turtlesim/include/turtlesim/srv/detail/kill__type_support.c
[2.594s] -- Up-to-date: /home/sanjib28/ros2_ws/install/turtlesim/include/turtlesim/srv/detail/set_pen__type_support.c
[2.594s] -- Up-to-date: /home/sanjib28/ros2_ws/install/turtlesim/include/turtlesim/srv/detail/kill__rosidl_typesupport_introspection_c.h
[2.594s] -- Up-to-date: /home/sanjib28/ros2_ws/install/turtlesim/include/turtlesim/srv/detail/teleport_absolute__rosidl_typesupport_introspection_c.h
[2.596s] -- Up-to-date: /home/sanjib28/ros2_ws/install/turtlesim/lib/libturtlesim__rosidl_typesupport_introspection_c.so
[2.598s] -- Up-to-date: /home/sanjib28/ros2_ws/install/turtlesim/lib/libturtlesim__rosidl_typesupport_c.so
[2.598s] -- Up-to-date: /home/sanjib28/ros2_ws/install/turtlesim/include/turtlesim
[2.598s] -- Up-to-date: /home/sanjib28/ros2_ws/install/turtlesim/include/turtlesim/action
[2.598s] -- Up-to-date: /home/sanjib28/ros2_ws/install/turtlesim/include/turtlesim/action/detail
[2.599s] -- Up-to-date: /home/sanjib28/ros2_ws/install/turtlesim/include/turtlesim/action/detail/rotate_absolute__traits.hpp
[2.600s] -- Up-to-date: /home/sanjib28/ros2_ws/install/turtlesim/include/turtlesim/action/detail/rotate_absolute__struct.hpp
[2.600s] -- Up-to-date: /home/sanjib28/ros2_ws/install/turtlesim/include/turtlesim/action/detail/rotate_absolute__builder.hpp
[2.601s] -- Up-to-date: /home/sanjib28/ros2_ws/install/turtlesim/include/turtlesim/action/rotate_absolute.hpp
[2.601s] -- Up-to-date: /home/sanjib28/ros2_ws/install/turtlesim/include/turtlesim/msg
[2.602s] -- Up-to-date: /home/sanjib28/ros2_ws/install/turtlesim/include/turtlesim/msg/pose.hpp
[2.602s] -- Up-to-date: /home/sanjib28/ros2_ws/install/turtlesim/include/turtlesim/msg/detail
[2.602s] -- Up-to-date: /home/sanjib28/ros2_ws/install/turtlesim/include/turtlesim/msg/detail/pose__traits.hpp
[2.603s] -- Up-to-date: /home/sanjib28/ros2_ws/install/turtlesim/include/turtlesim/msg/detail/color__traits.hpp
[2.603s] -- Up-to-date: /home/sanjib28/ros2_ws/install/turtlesim/include/turtlesim/msg/detail/pose__builder.hpp
[2.603s] -- Up-to-date: /home/sanjib28/ros2_ws/install/turtlesim/include/turtlesim/msg/detail/color__struct.hpp
[2.604s] -- Up-to-date: /home/sanjib28/ros2_ws/install/turtlesim/include/turtlesim/msg/detail/pose__struct.hpp
[2.604s] -- Up-to-date: /home/sanjib28/ros2_ws/install/turtlesim/include/turtlesim/msg/detail/color__builder.hpp
[2.604s] -- Up-to-date: /home/sanjib28/ros2_ws/install/turtlesim/include/turtlesim/msg/color.hpp
[2.604s] -- Up-to-date: /home/sanjib28/ros2_ws/install/turtlesim/include/turtlesim/srv
[2.604s] -- Up-to-date: /home/sanjib28/ros2_ws/install/turtlesim/include/turtlesim/srv/spawn.hpp
[2.604s] -- Up-to-date: /home/sanjib28/ros2_ws/install/turtlesim/include/turtlesim/srv/teleport_relative.hpp
[2.604s] -- Up-to-date: /home/sanjib28/ros2_ws/install/turtlesim/include/turtlesim/srv/kill.hpp
[2.604s] -- Up-to-date: /home/sanjib28/ros2_ws/install/turtlesim/include/turtlesim/srv/teleport_absolute.hpp
[2.604s] -- Up-to-date: /home/sanjib28/ros2_ws/install/turtlesim/include/turtlesim/srv/set_pen.hpp
[2.604s] -- Up-to-date: /home/sanjib28/ros2_ws/install/turtlesim/include/turtlesim/srv/detail
[2.605s] -- Up-to-date: /home/sanjib28/ros2_ws/install/turtlesim/include/turtlesim/srv/detail/spawn__struct.hpp
[2.605s] -- Up-to-date: /home/sanjib28/ros2_ws/install/turtlesim/include/turtlesim/srv/detail/teleport_absolute__builder.hpp
[2.605s] -- Up-to-date: /home/sanjib28/ros2_ws/install/turtlesim/include/turtlesim/srv/detail/kill__builder.hpp
[2.605s] -- Up-to-date: /home/sanjib28/ros2_ws/install/turtlesim/include/turtlesim/srv/detail/teleport_relative__struct.hpp
[2.605s] -- Up-to-date: /home/sanjib28/ros2_ws/install/turtlesim/include/turtlesim/srv/detail/teleport_relative__traits.hpp
[2.605s] -- Up-to-date: /home/sanjib28/ros2_ws/install/turtlesim/include/turtlesim/srv/detail/teleport_absolute__traits.hpp
[2.605s] -- Up-to-date: /home/sanjib28/ros2_ws/install/turtlesim/include/turtlesim/srv/detail/spawn__traits.hpp
[2.605s] -- Up-to-date: /home/sanjib28/ros2_ws/install/turtlesim/include/turtlesim/srv/detail/set_pen__struct.hpp
[2.605s] -- Up-to-date: /home/sanjib28/ros2_ws/install/turtlesim/include/turtlesim/srv/detail/set_pen__traits.hpp
[2.605s] -- Up-to-date: /home/sanjib28/ros2_ws/install/turtlesim/include/turtlesim/srv/detail/kill__traits.hpp
[2.605s] -- Up-to-date: /home/sanjib28/ros2_ws/install/turtlesim/include/turtlesim/srv/detail/kill__struct.hpp
[2.605s] -- Up-to-date: /home/sanjib28/ros2_ws/install/turtlesim/include/turtlesim/srv/detail/spawn__builder.hpp
[2.606s] -- Up-to-date: /home/sanjib28/ros2_ws/install/turtlesim/include/turtlesim/srv/detail/set_pen__builder.hpp
[2.606s] -- Up-to-date: /home/sanjib28/ros2_ws/install/turtlesim/include/turtlesim/srv/detail/teleport_absolute__struct.hpp
[2.606s] -- Up-to-date: /home/sanjib28/ros2_ws/install/turtlesim/include/turtlesim/srv/detail/teleport_relative__builder.hpp
[2.606s] -- Up-to-date: /home/sanjib28/ros2_ws/install/turtlesim/include/turtlesim
[2.606s] -- Up-to-date: /home/sanjib28/ros2_ws/install/turtlesim/include/turtlesim/action
[2.606s] -- Up-to-date: /home/sanjib28/ros2_ws/install/turtlesim/include/turtlesim/action/detail
[2.606s] -- Up-to-date: /home/sanjib28/ros2_ws/install/turtlesim/include/turtlesim/action/detail/rotate_absolute__type_support.cpp
[2.606s] -- Up-to-date: /home/sanjib28/ros2_ws/install/turtlesim/include/turtlesim/action/detail/rotate_absolute__rosidl_typesupport_introspection_cpp.hpp
[2.606s] -- Up-to-date: /home/sanjib28/ros2_ws/install/turtlesim/include/turtlesim/msg
[2.606s] -- Up-to-date: /home/sanjib28/ros2_ws/install/turtlesim/include/turtlesim/msg/detail
[2.612s] -- Up-to-date: /home/sanjib28/ros2_ws/install/turtlesim/include/turtlesim/msg/detail/pose__type_support.cpp
[2.612s] -- Up-to-date: /home/sanjib28/ros2_ws/install/turtlesim/include/turtlesim/msg/detail/color__type_support.cpp
[2.615s] -- Up-to-date: /home/sanjib28/ros2_ws/install/turtlesim/include/turtlesim/msg/detail/pose__rosidl_typesupport_introspection_cpp.hpp
[2.615s] -- Up-to-date: /home/sanjib28/ros2_ws/install/turtlesim/include/turtlesim/msg/detail/color__rosidl_typesupport_introspection_cpp.hpp
[2.615s] -- Up-to-date: /home/sanjib28/ros2_ws/install/turtlesim/include/turtlesim/srv
[2.615s] -- Up-to-date: /home/sanjib28/ros2_ws/install/turtlesim/include/turtlesim/srv/detail
[2.615s] -- Up-to-date: /home/sanjib28/ros2_ws/install/turtlesim/include/turtlesim/srv/detail/spawn__rosidl_typesupport_introspection_cpp.hpp
[2.615s] -- Up-to-date: /home/sanjib28/ros2_ws/install/turtlesim/include/turtlesim/srv/detail/spawn__type_support.cpp
[2.616s] -- Up-to-date: /home/sanjib28/ros2_ws/install/turtlesim/include/turtlesim/srv/detail/teleport_absolute__rosidl_typesupport_introspection_cpp.hpp
[2.616s] -- Up-to-date: /home/sanjib28/ros2_ws/install/turtlesim/include/turtlesim/srv/detail/set_pen__type_support.cpp
[2.616s] -- Up-to-date: /home/sanjib28/ros2_ws/install/turtlesim/include/turtlesim/srv/detail/teleport_relative__rosidl_typesupport_introspection_cpp.hpp
[2.616s] -- Up-to-date: /home/sanjib28/ros2_ws/install/turtlesim/include/turtlesim/srv/detail/teleport_absolute__type_support.cpp
[2.616s] -- Up-to-date: /home/sanjib28/ros2_ws/install/turtlesim/include/turtlesim/srv/detail/set_pen__rosidl_typesupport_introspection_cpp.hpp
[2.616s] -- Up-to-date: /home/sanjib28/ros2_ws/install/turtlesim/include/turtlesim/srv/detail/kill__type_support.cpp
[2.616s] -- Up-to-date: /home/sanjib28/ros2_ws/install/turtlesim/include/turtlesim/srv/detail/kill__rosidl_typesupport_introspection_cpp.hpp
[2.616s] -- Up-to-date: /home/sanjib28/ros2_ws/install/turtlesim/include/turtlesim/srv/detail/teleport_relative__type_support.cpp
[2.616s] -- Up-to-date: /home/sanjib28/ros2_ws/install/turtlesim/lib/libturtlesim__rosidl_typesupport_introspection_cpp.so
[2.616s] -- Up-to-date: /home/sanjib28/ros2_ws/install/turtlesim/lib/libturtlesim__rosidl_typesupport_cpp.so
[2.616s] -- Up-to-date: /home/sanjib28/ros2_ws/install/turtlesim/share/turtlesim/environment/pythonpath.sh
[2.617s] -- Up-to-date: /home/sanjib28/ros2_ws/install/turtlesim/share/turtlesim/environment/pythonpath.dsv
[2.617s] -- Up-to-date: /home/sanjib28/ros2_ws/install/turtlesim/lib/python3.8/site-packages/turtlesim/__init__.py
[2.667s] -- Up-to-date: /home/sanjib28/ros2_ws/install/turtlesim/lib/python3.8/site-packages/turtlesim/action
[2.668s] -- Up-to-date: /home/sanjib28/ros2_ws/install/turtlesim/lib/python3.8/site-packages/turtlesim/action/_rotate_absolute.py
[2.668s] -- Up-to-date: /home/sanjib28/ros2_ws/install/turtlesim/lib/python3.8/site-packages/turtlesim/action/__init__.py
[2.668s] -- Up-to-date: /home/sanjib28/ros2_ws/install/turtlesim/lib/python3.8/site-packages/turtlesim/action/_rotate_absolute_s.c
[2.668s] -- Up-to-date: /home/sanjib28/ros2_ws/install/turtlesim/lib/python3.8/site-packages/turtlesim/msg
[2.669s] -- Up-to-date: /home/sanjib28/ros2_ws/install/turtlesim/lib/python3.8/site-packages/turtlesim/msg/_color_s.c
[2.669s] -- Up-to-date: /home/sanjib28/ros2_ws/install/turtlesim/lib/python3.8/site-packages/turtlesim/msg/_color.py
[2.669s] -- Up-to-date: /home/sanjib28/ros2_ws/install/turtlesim/lib/python3.8/site-packages/turtlesim/msg/__init__.py
[2.669s] -- Up-to-date: /home/sanjib28/ros2_ws/install/turtlesim/lib/python3.8/site-packages/turtlesim/msg/_pose.py
[2.669s] -- Up-to-date: /home/sanjib28/ros2_ws/install/turtlesim/lib/python3.8/site-packages/turtlesim/msg/_pose_s.c
[2.670s] -- Up-to-date: /home/sanjib28/ros2_ws/install/turtlesim/lib/python3.8/site-packages/turtlesim/srv
[2.670s] -- Up-to-date: /home/sanjib28/ros2_ws/install/turtlesim/lib/python3.8/site-packages/turtlesim/srv/_spawn_s.c
[2.670s] -- Up-to-date: /home/sanjib28/ros2_ws/install/turtlesim/lib/python3.8/site-packages/turtlesim/srv/__init__.py
[2.670s] -- Up-to-date: /home/sanjib28/ros2_ws/install/turtlesim/lib/python3.8/site-packages/turtlesim/srv/_teleport_relative_s.c
[2.670s] -- Up-to-date: /home/sanjib28/ros2_ws/install/turtlesim/lib/python3.8/site-packages/turtlesim/srv/_kill.py
[2.670s] -- Up-to-date: /home/sanjib28/ros2_ws/install/turtlesim/lib/python3.8/site-packages/turtlesim/srv/_teleport_absolute.py
[2.670s] -- Up-to-date: /home/sanjib28/ros2_ws/install/turtlesim/lib/python3.8/site-packages/turtlesim/srv/_set_pen.py
[2.670s] -- Up-to-date: /home/sanjib28/ros2_ws/install/turtlesim/lib/python3.8/site-packages/turtlesim/srv/_kill_s.c
[2.670s] -- Up-to-date: /home/sanjib28/ros2_ws/install/turtlesim/lib/python3.8/site-packages/turtlesim/srv/_spawn.py
[2.671s] -- Up-to-date: /home/sanjib28/ros2_ws/install/turtlesim/lib/python3.8/site-packages/turtlesim/srv/_teleport_absolute_s.c
[2.671s] -- Up-to-date: /home/sanjib28/ros2_ws/install/turtlesim/lib/python3.8/site-packages/turtlesim/srv/_set_pen_s.c
[2.671s] -- Up-to-date: /home/sanjib28/ros2_ws/install/turtlesim/lib/python3.8/site-packages/turtlesim/srv/_teleport_relative.py
[2.672s] -- Up-to-date: /home/sanjib28/ros2_ws/install/turtlesim/lib/python3.8/site-packages/turtlesim/turtlesim_s__rosidl_typesupport_fastrtps_c.cpython-38-x86_64-linux-gnu.so
[2.675s] -- Up-to-date: /home/sanjib28/ros2_ws/install/turtlesim/lib/python3.8/site-packages/turtlesim/turtlesim_s__rosidl_typesupport_introspection_c.cpython-38-x86_64-linux-gnu.so
[2.678s] -- Up-to-date: /home/sanjib28/ros2_ws/install/turtlesim/lib/python3.8/site-packages/turtlesim/turtlesim_s__rosidl_typesupport_c.cpython-38-x86_64-linux-gnu.so
[2.680s] -- Up-to-date: /home/sanjib28/ros2_ws/install/turtlesim/lib/libturtlesim__python.so
[2.681s] -- Up-to-date: /home/sanjib28/ros2_ws/install/turtlesim/share/turtlesim/action/RotateAbsolute.idl
[2.681s] -- Up-to-date: /home/sanjib28/ros2_ws/install/turtlesim/share/turtlesim/msg/Color.idl
[2.682s] -- Up-to-date: /home/sanjib28/ros2_ws/install/turtlesim/share/turtlesim/msg/Pose.idl
[2.682s] -- Up-to-date: /home/sanjib28/ros2_ws/install/turtlesim/share/turtlesim/srv/Kill.idl
[2.682s] -- Up-to-date: /home/sanjib28/ros2_ws/install/turtlesim/share/turtlesim/srv/SetPen.idl
[2.682s] -- Up-to-date: /home/sanjib28/ros2_ws/install/turtlesim/share/turtlesim/srv/Spawn.idl
[2.682s] -- Up-to-date: /home/sanjib28/ros2_ws/install/turtlesim/share/turtlesim/srv/TeleportAbsolute.idl
[2.682s] -- Up-to-date: /home/sanjib28/ros2_ws/install/turtlesim/share/turtlesim/srv/TeleportRelative.idl
[2.683s] -- Up-to-date: /home/sanjib28/ros2_ws/install/turtlesim/share/turtlesim/action/RotateAbsolute.action
[2.683s] -- Up-to-date: /home/sanjib28/ros2_ws/install/turtlesim/share/turtlesim/msg/Color.msg
[2.683s] -- Up-to-date: /home/sanjib28/ros2_ws/install/turtlesim/share/turtlesim/msg/Pose.msg
[2.683s] -- Up-to-date: /home/sanjib28/ros2_ws/install/turtlesim/share/turtlesim/srv/Kill.srv
[2.683s] -- Up-to-date: /home/sanjib28/ros2_ws/install/turtlesim/share/turtlesim/srv/Kill_Request.msg
[2.683s] -- Up-to-date: /home/sanjib28/ros2_ws/install/turtlesim/share/turtlesim/srv/Kill_Response.msg
[2.684s] -- Up-to-date: /home/sanjib28/ros2_ws/install/turtlesim/share/turtlesim/srv/SetPen.srv
[2.684s] -- Up-to-date: /home/sanjib28/ros2_ws/install/turtlesim/share/turtlesim/srv/SetPen_Request.msg
[2.684s] -- Up-to-date: /home/sanjib28/ros2_ws/install/turtlesim/share/turtlesim/srv/SetPen_Response.msg
[2.684s] -- Up-to-date: /home/sanjib28/ros2_ws/install/turtlesim/share/turtlesim/srv/Spawn.srv
[2.684s] -- Up-to-date: /home/sanjib28/ros2_ws/install/turtlesim/share/turtlesim/srv/Spawn_Request.msg
[2.684s] -- Up-to-date: /home/sanjib28/ros2_ws/install/turtlesim/share/turtlesim/srv/Spawn_Response.msg
[2.684s] -- Up-to-date: /home/sanjib28/ros2_ws/install/turtlesim/share/turtlesim/srv/TeleportAbsolute.srv
[2.685s] -- Up-to-date: /home/sanjib28/ros2_ws/install/turtlesim/share/turtlesim/srv/TeleportAbsolute_Request.msg
[2.685s] -- Up-to-date: /home/sanjib28/ros2_ws/install/turtlesim/share/turtlesim/srv/TeleportAbsolute_Response.msg
[2.685s] -- Up-to-date: /home/sanjib28/ros2_ws/install/turtlesim/share/turtlesim/srv/TeleportRelative.srv
[2.685s] -- Up-to-date: /home/sanjib28/ros2_ws/install/turtlesim/share/turtlesim/srv/TeleportRelative_Request.msg
[2.685s] -- Up-to-date: /home/sanjib28/ros2_ws/install/turtlesim/share/turtlesim/srv/TeleportRelative_Response.msg
[2.694s] -- Up-to-date: /home/sanjib28/ros2_ws/install/turtlesim/lib/turtlesim/turtlesim_node
[2.697s] -- Up-to-date: /home/sanjib28/ros2_ws/install/turtlesim/lib/turtlesim/turtle_teleop_key
[2.699s] -- Up-to-date: /home/sanjib28/ros2_ws/install/turtlesim/lib/turtlesim/draw_square
[2.702s] -- Up-to-date: /home/sanjib28/ros2_ws/install/turtlesim/lib/turtlesim/mimic
[2.702s] -- Up-to-date: /home/sanjib28/ros2_ws/install/turtlesim/share/turtlesim/images
[2.703s] -- Up-to-date: /home/sanjib28/ros2_ws/install/turtlesim/share/turtlesim/images/foxy.png
[2.704s] -- Up-to-date: /home/sanjib28/ros2_ws/install/turtlesim/share/turtlesim/images/eloquent.png
[2.704s] -- Up-to-date: /home/sanjib28/ros2_ws/install/turtlesim/share/turtlesim/images/dashing.png
[2.704s] -- Up-to-date: /home/sanjib28/ros2_ws/install/turtlesim/share/turtlesim/images/crystal.png
[2.704s] -- Up-to-date: /home/sanjib28/ros2_ws/install/turtlesim/share/turtlesim/images/ardent.png
[2.704s] -- Up-to-date: /home/sanjib28/ros2_ws/install/turtlesim/share/turtlesim/images/bouncy.png
[2.705s] -- Up-to-date: /home/sanjib28/ros2_ws/install/turtlesim/share/turtlesim/launch
[2.705s] -- Up-to-date: /home/sanjib28/ros2_ws/install/turtlesim/share/turtlesim/launch/multisim.launch.py
[2.705s] -- Up-to-date: /home/sanjib28/ros2_ws/install/turtlesim/share/ament_index/resource_index/package_run_dependencies/turtlesim
[2.706s] -- Up-to-date: /home/sanjib28/ros2_ws/install/turtlesim/share/ament_index/resource_index/parent_prefix_path/turtlesim
[2.706s] -- Up-to-date: /home/sanjib28/ros2_ws/install/turtlesim/share/turtlesim/environment/ament_prefix_path.sh
[2.706s] -- Up-to-date: /home/sanjib28/ros2_ws/install/turtlesim/share/turtlesim/environment/ament_prefix_path.dsv
[2.707s] -- Up-to-date: /home/sanjib28/ros2_ws/install/turtlesim/share/turtlesim/environment/path.sh
[2.707s] -- Up-to-date: /home/sanjib28/ros2_ws/install/turtlesim/share/turtlesim/environment/path.dsv
[2.707s] -- Up-to-date: /home/sanjib28/ros2_ws/install/turtlesim/share/turtlesim/local_setup.bash
[2.708s] -- Up-to-date: /home/sanjib28/ros2_ws/install/turtlesim/share/turtlesim/local_setup.sh
[2.708s] -- Up-to-date: /home/sanjib28/ros2_ws/install/turtlesim/share/turtlesim/local_setup.zsh
[2.708s] -- Up-to-date: /home/sanjib28/ros2_ws/install/turtlesim/share/turtlesim/local_setup.dsv
[2.708s] -- Installing: /home/sanjib28/ros2_ws/install/turtlesim/share/turtlesim/package.dsv
[2.710s] -- Up-to-date: /home/sanjib28/ros2_ws/install/turtlesim/share/ament_index/resource_index/packages/turtlesim
[2.722s] -- Up-to-date: /home/sanjib28/ros2_ws/install/turtlesim/share/turtlesim/cmake/turtlesim__rosidl_generator_cExport.cmake
[2.722s] -- Up-to-date: /home/sanjib28/ros2_ws/install/turtlesim/share/turtlesim/cmake/turtlesim__rosidl_generator_cExport-noconfig.cmake
[2.723s] -- Up-to-date: /home/sanjib28/ros2_ws/install/turtlesim/share/turtlesim/cmake/turtlesim__rosidl_typesupport_introspection_cExport.cmake
[2.723s] -- Up-to-date: /home/sanjib28/ros2_ws/install/turtlesim/share/turtlesim/cmake/turtlesim__rosidl_typesupport_introspection_cExport-noconfig.cmake
[2.725s] -- Up-to-date: /home/sanjib28/ros2_ws/install/turtlesim/share/turtlesim/cmake/turtlesim__rosidl_typesupport_cExport.cmake
[2.725s] -- Up-to-date: /home/sanjib28/ros2_ws/install/turtlesim/share/turtlesim/cmake/turtlesim__rosidl_typesupport_cExport-noconfig.cmake
[2.726s] -- Up-to-date: /home/sanjib28/ros2_ws/install/turtlesim/share/turtlesim/cmake/turtlesim__rosidl_generator_cppExport.cmake
[2.727s] -- Up-to-date: /home/sanjib28/ros2_ws/install/turtlesim/share/turtlesim/cmake/turtlesim__rosidl_typesupport_introspection_cppExport.cmake
[2.727s] -- Up-to-date: /home/sanjib28/ros2_ws/install/turtlesim/share/turtlesim/cmake/turtlesim__rosidl_typesupport_introspection_cppExport-noconfig.cmake
[2.728s] -- Up-to-date: /home/sanjib28/ros2_ws/install/turtlesim/share/turtlesim/cmake/turtlesim__rosidl_typesupport_cppExport.cmake
[2.729s] -- Up-to-date: /home/sanjib28/ros2_ws/install/turtlesim/share/turtlesim/cmake/turtlesim__rosidl_typesupport_cppExport-noconfig.cmake
[2.729s] -- Up-to-date: /home/sanjib28/ros2_ws/install/turtlesim/share/turtlesim/cmake/rosidl_cmake-extras.cmake
[2.729s] -- Up-to-date: /home/sanjib28/ros2_ws/install/turtlesim/share/turtlesim/cmake/ament_cmake_export_dependencies-extras.cmake
[2.729s] -- Up-to-date: /home/sanjib28/ros2_ws/install/turtlesim/share/turtlesim/cmake/ament_cmake_export_libraries-extras.cmake
[2.729s] -- Up-to-date: /home/sanjib28/ros2_ws/install/turtlesim/share/turtlesim/cmake/ament_cmake_export_targets-extras.cmake
[2.730s] -- Up-to-date: /home/sanjib28/ros2_ws/install/turtlesim/share/turtlesim/cmake/ament_cmake_export_include_directories-extras.cmake
[2.730s] -- Up-to-date: /home/sanjib28/ros2_ws/install/turtlesim/share/turtlesim/cmake/rosidl_cmake_export_typesupport_libraries-extras.cmake
[2.730s] -- Up-to-date: /home/sanjib28/ros2_ws/install/turtlesim/share/turtlesim/cmake/rosidl_cmake_export_typesupport_targets-extras.cmake
[2.730s] -- Up-to-date: /home/sanjib28/ros2_ws/install/turtlesim/share/turtlesim/cmake/turtlesimConfig.cmake
[2.730s] -- Up-to-date: /home/sanjib28/ros2_ws/install/turtlesim/share/turtlesim/cmake/turtlesimConfig-version.cmake
[2.730s] -- Up-to-date: /home/sanjib28/ros2_ws/install/turtlesim/share/turtlesim/package.xml
[2.737s] Invoked command in '/home/sanjib28/ros2_ws/build/turtlesim' returned '0': CMAKE_PREFIX_PATH=/opt/ros/foxy /usr/bin/cmake --install /home/sanjib28/ros2_ws/build/turtlesim
