running egg_info
creating ../../build/py_launch_example/py_launch_example.egg-info
writing ../../build/py_launch_example/py_launch_example.egg-info/PKG-INFO
writing dependency_links to ../../build/py_launch_example/py_launch_example.egg-info/dependency_links.txt
writing entry points to ../../build/py_launch_example/py_launch_example.egg-info/entry_points.txt
writing requirements to ../../build/py_launch_example/py_launch_example.egg-info/requires.txt
writing top-level names to ../../build/py_launch_example/py_launch_example.egg-info/top_level.txt
writing manifest file '../../build/py_launch_example/py_launch_example.egg-info/SOURCES.txt'
reading manifest file '../../build/py_launch_example/py_launch_example.egg-info/SOURCES.txt'
writing manifest file '../../build/py_launch_example/py_launch_example.egg-info/SOURCES.txt'
running build
running build_py
creating /home/sanjib28/launch_ws/build/py_launch_example/build
creating /home/sanjib28/launch_ws/build/py_launch_example/build/lib
creating /home/sanjib28/launch_ws/build/py_launch_example/build/lib/py_launch_example
copying py_launch_example/__init__.py -> /home/sanjib28/launch_ws/build/py_launch_example/build/lib/py_launch_example
copying py_launch_example/my_script_launch.py. _launch.py -> /home/sanjib28/launch_ws/build/py_launch_example/build/lib/py_launch_example
running install
running install_lib
creating /home/sanjib28/launch_ws/install/py_launch_example/lib/python3.8/site-packages/py_launch_example
copying /home/sanjib28/launch_ws/build/py_launch_example/build/lib/py_launch_example/__init__.py -> /home/sanjib28/launch_ws/install/py_launch_example/lib/python3.8/site-packages/py_launch_example
copying /home/sanjib28/launch_ws/build/py_launch_example/build/lib/py_launch_example/my_script_launch.py. _launch.py -> /home/sanjib28/launch_ws/install/py_launch_example/lib/python3.8/site-packages/py_launch_example
byte-compiling /home/sanjib28/launch_ws/install/py_launch_example/lib/python3.8/site-packages/py_launch_example/__init__.py to __init__.cpython-38.pyc
byte-compiling /home/sanjib28/launch_ws/install/py_launch_example/lib/python3.8/site-packages/py_launch_example/my_script_launch.py. _launch.py to my_script_launch.py. _launch.cpython-38.pyc
running install_data
creating /home/sanjib28/launch_ws/install/py_launch_example/share/ament_index
creating /home/sanjib28/launch_ws/install/py_launch_example/share/ament_index/resource_index
creating /home/sanjib28/launch_ws/install/py_launch_example/share/ament_index/resource_index/packages
copying resource/py_launch_example -> /home/sanjib28/launch_ws/install/py_launch_example/share/ament_index/resource_index/packages
copying package.xml -> /home/sanjib28/launch_ws/install/py_launch_example/share/py_launch_example
running install_egg_info
Copying ../../build/py_launch_example/py_launch_example.egg-info to /home/sanjib28/launch_ws/install/py_launch_example/lib/python3.8/site-packages/py_launch_example-0.0.0-py3.8.egg-info
running install_scripts
writing list of installed files to '/home/sanjib28/launch_ws/build/py_launch_example/install.log'
