[0.655s] Invoking command in '/home/sanjib28/launch_ws/src/py_launch_example': PYTHONPATH=/home/sanjib28/launch_ws/install/py_launch_example/lib/python3.8/site-packages:${PYTHONPATH} /usr/bin/python3 setup.py egg_info --egg-base ../../build/py_launch_example build --build-base /home/sanjib28/launch_ws/build/py_launch_example/build install --prefix /home/sanjib28/launch_ws/install/py_launch_example --record /home/sanjib28/launch_ws/build/py_launch_example/install.log --single-version-externally-managed
[0.819s] running egg_info
[0.819s] creating ../../build/py_launch_example/py_launch_example.egg-info
[0.820s] writing ../../build/py_launch_example/py_launch_example.egg-info/PKG-INFO
[0.820s] writing dependency_links to ../../build/py_launch_example/py_launch_example.egg-info/dependency_links.txt
[0.820s] writing entry points to ../../build/py_launch_example/py_launch_example.egg-info/entry_points.txt
[0.821s] writing requirements to ../../build/py_launch_example/py_launch_example.egg-info/requires.txt
[0.821s] writing top-level names to ../../build/py_launch_example/py_launch_example.egg-info/top_level.txt
[0.827s] writing manifest file '../../build/py_launch_example/py_launch_example.egg-info/SOURCES.txt'
[0.855s] reading manifest file '../../build/py_launch_example/py_launch_example.egg-info/SOURCES.txt'
[0.857s] writing manifest file '../../build/py_launch_example/py_launch_example.egg-info/SOURCES.txt'
[0.857s] running build
[0.857s] running build_py
[0.857s] creating /home/sanjib28/launch_ws/build/py_launch_example/build
[0.857s] creating /home/sanjib28/launch_ws/build/py_launch_example/build/lib
[0.857s] creating /home/sanjib28/launch_ws/build/py_launch_example/build/lib/py_launch_example
[0.858s] copying py_launch_example/__init__.py -> /home/sanjib28/launch_ws/build/py_launch_example/build/lib/py_launch_example
[0.858s] copying py_launch_example/my_script_launch.py. _launch.py -> /home/sanjib28/launch_ws/build/py_launch_example/build/lib/py_launch_example
[0.858s] running install
[0.860s] running install_lib
[0.861s] creating /home/sanjib28/launch_ws/install/py_launch_example/lib/python3.8/site-packages/py_launch_example
[0.861s] copying /home/sanjib28/launch_ws/build/py_launch_example/build/lib/py_launch_example/__init__.py -> /home/sanjib28/launch_ws/install/py_launch_example/lib/python3.8/site-packages/py_launch_example
[0.861s] copying /home/sanjib28/launch_ws/build/py_launch_example/build/lib/py_launch_example/my_script_launch.py. _launch.py -> /home/sanjib28/launch_ws/install/py_launch_example/lib/python3.8/site-packages/py_launch_example
[0.862s] byte-compiling /home/sanjib28/launch_ws/install/py_launch_example/lib/python3.8/site-packages/py_launch_example/__init__.py to __init__.cpython-38.pyc
[0.863s] byte-compiling /home/sanjib28/launch_ws/install/py_launch_example/lib/python3.8/site-packages/py_launch_example/my_script_launch.py. _launch.py to my_script_launch.py. _launch.cpython-38.pyc
[0.864s] running install_data
[0.864s] creating /home/sanjib28/launch_ws/install/py_launch_example/share/ament_index
[0.865s] creating /home/sanjib28/launch_ws/install/py_launch_example/share/ament_index/resource_index
[0.865s] creating /home/sanjib28/launch_ws/install/py_launch_example/share/ament_index/resource_index/packages
[0.865s] copying resource/py_launch_example -> /home/sanjib28/launch_ws/install/py_launch_example/share/ament_index/resource_index/packages
[0.865s] copying package.xml -> /home/sanjib28/launch_ws/install/py_launch_example/share/py_launch_example
[0.865s] running install_egg_info
[0.867s] Copying ../../build/py_launch_example/py_launch_example.egg-info to /home/sanjib28/launch_ws/install/py_launch_example/lib/python3.8/site-packages/py_launch_example-0.0.0-py3.8.egg-info
[0.868s] running install_scripts
[0.883s] writing list of installed files to '/home/sanjib28/launch_ws/build/py_launch_example/install.log'
[0.908s] Invoked command in '/home/sanjib28/launch_ws/src/py_launch_example' returned '0': PYTHONPATH=/home/sanjib28/launch_ws/install/py_launch_example/lib/python3.8/site-packages:${PYTHONPATH} /usr/bin/python3 setup.py egg_info --egg-base ../../build/py_launch_example build --build-base /home/sanjib28/launch_ws/build/py_launch_example/build install --prefix /home/sanjib28/launch_ws/install/py_launch_example --record /home/sanjib28/launch_ws/build/py_launch_example/install.log --single-version-externally-managed
