[0.562s] Invoking command in '/home/sanjib28/ros2_ws/src/my_package': PYTHONPATH=/home/sanjib28/ros2_ws/install/my_package/lib/python3.8/site-packages:${PYTHONPATH} /usr/bin/python3 setup.py egg_info --egg-base ../../build/my_package build --build-base /home/sanjib28/ros2_ws/build/my_package/build install --prefix /home/sanjib28/ros2_ws/install/my_package --record /home/sanjib28/ros2_ws/build/my_package/install.log --single-version-externally-managed
[0.738s] running egg_info
[0.739s] writing ../../build/my_package/my_package.egg-info/PKG-INFO
[0.740s] writing dependency_links to ../../build/my_package/my_package.egg-info/dependency_links.txt
[0.741s] writing entry points to ../../build/my_package/my_package.egg-info/entry_points.txt
[0.741s] writing requirements to ../../build/my_package/my_package.egg-info/requires.txt
[0.741s] writing top-level names to ../../build/my_package/my_package.egg-info/top_level.txt
[0.771s] reading manifest file '../../build/my_package/my_package.egg-info/SOURCES.txt'
[0.772s] writing manifest file '../../build/my_package/my_package.egg-info/SOURCES.txt'
[0.773s] running build
[0.773s] running build_py
[0.773s] running install
[0.774s] running install_lib
[0.776s] running install_data
[0.776s] running install_egg_info
[0.778s] removing '/home/sanjib28/ros2_ws/install/my_package/lib/python3.8/site-packages/my_package-0.0.0-py3.8.egg-info' (and everything under it)
[0.779s] Copying ../../build/my_package/my_package.egg-info to /home/sanjib28/ros2_ws/install/my_package/lib/python3.8/site-packages/my_package-0.0.0-py3.8.egg-info
[0.780s] running install_scripts
[0.796s] Installing my_node script to /home/sanjib28/ros2_ws/install/my_package/lib/my_package
[0.797s] writing list of installed files to '/home/sanjib28/ros2_ws/build/my_package/install.log'
[0.825s] Invoked command in '/home/sanjib28/ros2_ws/src/my_package' returned '0': PYTHONPATH=/home/sanjib28/ros2_ws/install/my_package/lib/python3.8/site-packages:${PYTHONPATH} /usr/bin/python3 setup.py egg_info --egg-base ../../build/my_package build --build-base /home/sanjib28/ros2_ws/build/my_package/build install --prefix /home/sanjib28/ros2_ws/install/my_package --record /home/sanjib28/ros2_ws/build/my_package/install.log --single-version-externally-managed
