[1.607s] Invoking command in '/home/sanjib28/ros2_ws/src/py_pubsub': AMENT_PREFIX_PATH=/home/sanjib28/ros2_ws/install/tutorial_interfaces:${AMENT_PREFIX_PATH} CMAKE_PREFIX_PATH=/home/sanjib28/ros2_ws/install/tutorial_interfaces LD_LIBRARY_PATH=/home/sanjib28/ros2_ws/install/tutorial_interfaces/lib:${LD_LIBRARY_PATH} PYTHONPATH=/home/sanjib28/ros2_ws/install/py_pubsub/lib/python3.8/site-packages:/home/sanjib28/ros2_ws/install/tutorial_interfaces/lib/python3.8/site-packages:${PYTHONPATH} /usr/bin/python3 setup.py egg_info --egg-base ../../build/py_pubsub build --build-base /home/sanjib28/ros2_ws/build/py_pubsub/build install --prefix /home/sanjib28/ros2_ws/install/py_pubsub --record /home/sanjib28/ros2_ws/build/py_pubsub/install.log --single-version-externally-managed
[1.992s] running egg_info
[1.992s] writing ../../build/py_pubsub/py_pubsub.egg-info/PKG-INFO
[1.995s] writing dependency_links to ../../build/py_pubsub/py_pubsub.egg-info/dependency_links.txt
[1.995s] writing entry points to ../../build/py_pubsub/py_pubsub.egg-info/entry_points.txt
[1.996s] writing requirements to ../../build/py_pubsub/py_pubsub.egg-info/requires.txt
[1.996s] writing top-level names to ../../build/py_pubsub/py_pubsub.egg-info/top_level.txt
[2.052s] reading manifest file '../../build/py_pubsub/py_pubsub.egg-info/SOURCES.txt'
[2.054s] writing manifest file '../../build/py_pubsub/py_pubsub.egg-info/SOURCES.txt'
[2.055s] running build
[2.055s] running build_py
[2.060s] running install
[2.061s] running install_lib
[2.065s] running install_data
[2.068s] running install_egg_info
[2.070s] removing '/home/sanjib28/ros2_ws/install/py_pubsub/lib/python3.8/site-packages/py_pubsub-0.0.0-py3.8.egg-info' (and everything under it)
[2.071s] Copying ../../build/py_pubsub/py_pubsub.egg-info to /home/sanjib28/ros2_ws/install/py_pubsub/lib/python3.8/site-packages/py_pubsub-0.0.0-py3.8.egg-info
[2.072s] running install_scripts
[2.093s] Installing listener script to /home/sanjib28/ros2_ws/install/py_pubsub/lib/py_pubsub
[2.095s] Installing talker script to /home/sanjib28/ros2_ws/install/py_pubsub/lib/py_pubsub
[2.096s] writing list of installed files to '/home/sanjib28/ros2_ws/build/py_pubsub/install.log'
[2.135s] Invoked command in '/home/sanjib28/ros2_ws/src/py_pubsub' returned '0': AMENT_PREFIX_PATH=/home/sanjib28/ros2_ws/install/tutorial_interfaces:${AMENT_PREFIX_PATH} CMAKE_PREFIX_PATH=/home/sanjib28/ros2_ws/install/tutorial_interfaces LD_LIBRARY_PATH=/home/sanjib28/ros2_ws/install/tutorial_interfaces/lib:${LD_LIBRARY_PATH} PYTHONPATH=/home/sanjib28/ros2_ws/install/py_pubsub/lib/python3.8/site-packages:/home/sanjib28/ros2_ws/install/tutorial_interfaces/lib/python3.8/site-packages:${PYTHONPATH} /usr/bin/python3 setup.py egg_info --egg-base ../../build/py_pubsub build --build-base /home/sanjib28/ros2_ws/build/py_pubsub/build install --prefix /home/sanjib28/ros2_ws/install/py_pubsub --record /home/sanjib28/ros2_ws/build/py_pubsub/install.log --single-version-externally-managed
