[1.441s] Invoking command in '/home/sanjib28/ros2_ws/src/py_pubsub': PYTHONPATH=/home/sanjib28/ros2_ws/install/py_pubsub/lib/python3.8/site-packages:${PYTHONPATH} /usr/bin/python3 setup.py egg_info --egg-base ../../build/py_pubsub build --build-base /home/sanjib28/ros2_ws/build/py_pubsub/build install --prefix /home/sanjib28/ros2_ws/install/py_pubsub --record /home/sanjib28/ros2_ws/build/py_pubsub/install.log --single-version-externally-managed
[1.729s] running egg_info
[1.729s] creating ../../build/py_pubsub/py_pubsub.egg-info
[1.730s] writing ../../build/py_pubsub/py_pubsub.egg-info/PKG-INFO
[1.730s] writing dependency_links to ../../build/py_pubsub/py_pubsub.egg-info/dependency_links.txt
[1.730s] writing entry points to ../../build/py_pubsub/py_pubsub.egg-info/entry_points.txt
[1.731s] writing requirements to ../../build/py_pubsub/py_pubsub.egg-info/requires.txt
[1.731s] writing top-level names to ../../build/py_pubsub/py_pubsub.egg-info/top_level.txt
[1.741s] writing manifest file '../../build/py_pubsub/py_pubsub.egg-info/SOURCES.txt'
[1.791s] reading manifest file '../../build/py_pubsub/py_pubsub.egg-info/SOURCES.txt'
[1.792s] writing manifest file '../../build/py_pubsub/py_pubsub.egg-info/SOURCES.txt'
[1.792s] running build
[1.792s] running build_py
[1.793s] creating /home/sanjib28/ros2_ws/build/py_pubsub/build
[1.793s] creating /home/sanjib28/ros2_ws/build/py_pubsub/build/lib
[1.793s] creating /home/sanjib28/ros2_ws/build/py_pubsub/build/lib/py_pubsub
[1.793s] copying py_pubsub/__init__.py -> /home/sanjib28/ros2_ws/build/py_pubsub/build/lib/py_pubsub
[1.793s] copying py_pubsub/publisher_member_function.py -> /home/sanjib28/ros2_ws/build/py_pubsub/build/lib/py_pubsub
[1.793s] copying py_pubsub/subscriber_member_function.py -> /home/sanjib28/ros2_ws/build/py_pubsub/build/lib/py_pubsub
[1.793s] running install
[1.796s] running install_lib
[1.798s] creating /home/sanjib28/ros2_ws/install/py_pubsub/lib/python3.8/site-packages/py_pubsub
[1.798s] copying /home/sanjib28/ros2_ws/build/py_pubsub/build/lib/py_pubsub/__init__.py -> /home/sanjib28/ros2_ws/install/py_pubsub/lib/python3.8/site-packages/py_pubsub
[1.798s] copying /home/sanjib28/ros2_ws/build/py_pubsub/build/lib/py_pubsub/publisher_member_function.py -> /home/sanjib28/ros2_ws/install/py_pubsub/lib/python3.8/site-packages/py_pubsub
[1.798s] copying /home/sanjib28/ros2_ws/build/py_pubsub/build/lib/py_pubsub/subscriber_member_function.py -> /home/sanjib28/ros2_ws/install/py_pubsub/lib/python3.8/site-packages/py_pubsub
[1.799s] byte-compiling /home/sanjib28/ros2_ws/install/py_pubsub/lib/python3.8/site-packages/py_pubsub/__init__.py to __init__.cpython-38.pyc
[1.800s] byte-compiling /home/sanjib28/ros2_ws/install/py_pubsub/lib/python3.8/site-packages/py_pubsub/publisher_member_function.py to publisher_member_function.cpython-38.pyc
[1.801s] byte-compiling /home/sanjib28/ros2_ws/install/py_pubsub/lib/python3.8/site-packages/py_pubsub/subscriber_member_function.py to subscriber_member_function.cpython-38.pyc
[1.802s] running install_data
[1.804s] creating /home/sanjib28/ros2_ws/install/py_pubsub/share/ament_index
[1.804s] creating /home/sanjib28/ros2_ws/install/py_pubsub/share/ament_index/resource_index
[1.804s] creating /home/sanjib28/ros2_ws/install/py_pubsub/share/ament_index/resource_index/packages
[1.804s] copying resource/py_pubsub -> /home/sanjib28/ros2_ws/install/py_pubsub/share/ament_index/resource_index/packages
[1.804s] copying package.xml -> /home/sanjib28/ros2_ws/install/py_pubsub/share/py_pubsub
[1.805s] running install_egg_info
[1.807s] Copying ../../build/py_pubsub/py_pubsub.egg-info to /home/sanjib28/ros2_ws/install/py_pubsub/lib/python3.8/site-packages/py_pubsub-0.0.0-py3.8.egg-info
[1.808s] running install_scripts
[1.835s] Installing listener script to /home/sanjib28/ros2_ws/install/py_pubsub/lib/py_pubsub
[1.835s] Installing talker script to /home/sanjib28/ros2_ws/install/py_pubsub/lib/py_pubsub
[1.836s] writing list of installed files to '/home/sanjib28/ros2_ws/build/py_pubsub/install.log'
[1.883s] Invoked command in '/home/sanjib28/ros2_ws/src/py_pubsub' returned '0': PYTHONPATH=/home/sanjib28/ros2_ws/install/py_pubsub/lib/python3.8/site-packages:${PYTHONPATH} /usr/bin/python3 setup.py egg_info --egg-base ../../build/py_pubsub build --build-base /home/sanjib28/ros2_ws/build/py_pubsub/build install --prefix /home/sanjib28/ros2_ws/install/py_pubsub --record /home/sanjib28/ros2_ws/build/py_pubsub/install.log --single-version-externally-managed
