[1.354s] Invoking command in '/home/sanjib28/ros2_ws/src/my_package': PYTHONPATH=/home/sanjib28/ros2_ws/install/my_package/lib/python3.8/site-packages:${PYTHONPATH} /usr/bin/python3 setup.py egg_info --egg-base ../../build/my_package build --build-base /home/sanjib28/ros2_ws/build/my_package/build install --prefix /home/sanjib28/ros2_ws/install/my_package --record /home/sanjib28/ros2_ws/build/my_package/install.log --single-version-externally-managed
[1.700s] running egg_info
[1.701s] writing ../../build/my_package/my_package.egg-info/PKG-INFO
[1.702s] writing dependency_links to ../../build/my_package/my_package.egg-info/dependency_links.txt
[1.703s] writing entry points to ../../build/my_package/my_package.egg-info/entry_points.txt
[1.704s] writing requirements to ../../build/my_package/my_package.egg-info/requires.txt
[1.704s] writing top-level names to ../../build/my_package/my_package.egg-info/top_level.txt
[1.784s] reading manifest file '../../build/my_package/my_package.egg-info/SOURCES.txt'
[1.787s] writing manifest file '../../build/my_package/my_package.egg-info/SOURCES.txt'
[1.788s] running build
[1.790s] running build_py
[1.794s] running install
[1.796s] running install_lib
[1.799s] running install_data
[1.802s] copying package.xml -> /home/sanjib28/ros2_ws/install/my_package/share/my_package
[1.802s] running install_egg_info
[1.805s] removing '/home/sanjib28/ros2_ws/install/my_package/lib/python3.8/site-packages/my_package-0.0.0-py3.8.egg-info' (and everything under it)
[1.806s] Copying ../../build/my_package/my_package.egg-info to /home/sanjib28/ros2_ws/install/my_package/lib/python3.8/site-packages/my_package-0.0.0-py3.8.egg-info
[1.808s] running install_scripts
[1.833s] Installing my_node script to /home/sanjib28/ros2_ws/install/my_package/lib/my_package
[1.834s] writing list of installed files to '/home/sanjib28/ros2_ws/build/my_package/install.log'
[1.877s] Invoked command in '/home/sanjib28/ros2_ws/src/my_package' returned '0': PYTHONPATH=/home/sanjib28/ros2_ws/install/my_package/lib/python3.8/site-packages:${PYTHONPATH} /usr/bin/python3 setup.py egg_info --egg-base ../../build/my_package build --build-base /home/sanjib28/ros2_ws/build/my_package/build install --prefix /home/sanjib28/ros2_ws/install/my_package --record /home/sanjib28/ros2_ws/build/my_package/install.log --single-version-externally-managed
