[0.010s] Invoking command in '/home/sanjib28/ros2_ws/build/turtlesim': CMAKE_PREFIX_PATH=/opt/ros/foxy /usr/bin/cmake /home/sanjib28/ros2_ws/src/ros_tutorials/turtlesim -DCMAKE_INSTALL_PREFIX=/home/sanjib28/ros2_ws/install/turtlesim
[0.283s] -- The C compiler identification is GNU 9.4.0
[0.520s] -- The CXX compiler identification is GNU 9.4.0
[0.533s] -- Check for working C compiler: /usr/bin/cc
[0.619s] -- Check for working C compiler: /usr/bin/cc -- works
[0.621s] -- Detecting C compiler ABI info
[0.688s] -- Detecting C compiler ABI info - done
[0.699s] -- Detecting C compile features
[0.700s] -- Detecting C compile features - done
[0.705s] -- Check for working CXX compiler: /usr/bin/c++
[0.784s] -- Check for working CXX compiler: /usr/bin/c++ -- works
[0.785s] -- Detecting CXX compiler ABI info
[0.862s] -- Detecting CXX compiler ABI info - done
[0.873s] -- Detecting CXX compile features
[0.874s] -- Detecting CXX compile features - done
[0.879s] -- Found ament_cmake: 0.9.9 (/opt/ros/foxy/share/ament_cmake/cmake)
[0.912s] -- Found PythonInterp: /usr/bin/python3 (found suitable version "3.8.10", minimum required is "3") 
[0.913s] -- Using PYTHON_EXECUTABLE: /usr/bin/python3
[1.131s] -- Found ament_index_cpp: 1.1.0 (/opt/ros/foxy/share/ament_index_cpp/cmake)
[1.138s] -- Found geometry_msgs: 2.0.5 (/opt/ros/foxy/share/geometry_msgs/cmake)
[1.185s] -- Using all available rosidl_typesupport_c: rosidl_typesupport_fastrtps_c;rosidl_typesupport_introspection_c
[1.197s] -- Found rosidl_adapter: 1.2.1 (/opt/ros/foxy/share/rosidl_adapter/cmake)
[1.292s] -- Found OpenSSL: /usr/lib/x86_64-linux-gnu/libcrypto.so (found version "1.1.1f")  
[1.320s] -- Found FastRTPS: /opt/ros/foxy/include  
[1.417s] -- Using all available rosidl_typesupport_cpp: rosidl_typesupport_fastrtps_cpp;rosidl_typesupport_introspection_cpp
[1.559s] -- Found rclcpp: 2.4.1 (/opt/ros/foxy/share/rclcpp/cmake)
[1.631s] -- Found rmw_implementation_cmake: 1.0.3 (/opt/ros/foxy/share/rmw_implementation_cmake/cmake)
[1.635s] -- Using RMW implementation 'rmw_fastrtps_cpp' as default
[1.639s] -- Looking for pthread.h
[1.753s] -- Looking for pthread.h - found
[1.754s] -- Performing Test CMAKE_HAVE_LIBC_PTHREAD
[1.832s] -- Performing Test CMAKE_HAVE_LIBC_PTHREAD - Failed
[1.832s] -- Looking for pthread_create in pthreads
[1.895s] -- Looking for pthread_create in pthreads - not found
[1.895s] -- Looking for pthread_create in pthread
[1.965s] -- Looking for pthread_create in pthread - found
[1.966s] -- Found Threads: TRUE  
[2.128s] -- Found rclcpp_action: 2.4.1 (/opt/ros/foxy/share/rclcpp_action/cmake)
[2.222s] -- Found rosidl_default_generators: 1.0.1 (/opt/ros/foxy/share/rosidl_default_generators/cmake)
[2.239s] -- Found std_srvs: 2.0.5 (/opt/ros/foxy/share/std_srvs/cmake)
[2.274s] -- Found PythonInterp: /usr/bin/python3 (found version "3.8.10") 
[2.456s] -- Found ament_cmake_ros: 0.9.2 (/opt/ros/foxy/share/ament_cmake_ros/cmake)
[2.586s] -- Using all available rosidl_typesupport_c: rosidl_typesupport_fastrtps_c;rosidl_typesupport_introspection_c
[2.614s] -- Using all available rosidl_typesupport_cpp: rosidl_typesupport_fastrtps_cpp;rosidl_typesupport_introspection_cpp
[2.637s] -- Found PythonInterp: /usr/bin/python3 (found suitable version "3.8.10", minimum required is "3.5") 
[2.640s] -- Found python_cmake_module: 0.8.1 (/opt/ros/foxy/share/python_cmake_module/cmake)
[2.668s] -- Found PythonLibs: /usr/lib/x86_64-linux-gnu/libpython3.8.so (found suitable version "3.8.10", minimum required is "3.5") 
[2.668s] -- Using PYTHON_EXECUTABLE: /usr/bin/python3
[2.668s] -- Using PYTHON_INCLUDE_DIRS: /usr/include/python3.8
[2.668s] -- Using PYTHON_LIBRARIES: /usr/lib/x86_64-linux-gnu/libpython3.8.so
[2.687s] -- Found PythonExtra: .so  
[2.760s] -- Configuring done
[2.850s] -- Generating done
[2.853s] -- Build files have been written to: /home/sanjib28/ros2_ws/build/turtlesim
[2.868s] Invoked command in '/home/sanjib28/ros2_ws/build/turtlesim' returned '0': CMAKE_PREFIX_PATH=/opt/ros/foxy /usr/bin/cmake /home/sanjib28/ros2_ws/src/ros_tutorials/turtlesim -DCMAKE_INSTALL_PREFIX=/home/sanjib28/ros2_ws/install/turtlesim
[2.869s] Invoking command in '/home/sanjib28/ros2_ws/build/turtlesim': CMAKE_PREFIX_PATH=/opt/ros/foxy /usr/bin/cmake --build /home/sanjib28/ros2_ws/build/turtlesim -- -j2 -l2
[2.913s] [35m[1mScanning dependencies of target turtlesim__cpp[0m
[2.923s] [  1%] [34m[1mGenerating C code for ROS interfaces[0m
[2.946s] [  2%] [34m[1mGenerating C++ code for ROS interfaces[0m
[4.842s] [  2%] Built target turtlesim__cpp
[4.874s] [  3%] [34m[1mGenerating C++ type support dispatch for ROS interfaces[0m
[4.908s] [35m[1mScanning dependencies of target turtlesim__rosidl_generator_c[0m
[4.963s] [  4%] [32mBuilding C object CMakeFiles/turtlesim__rosidl_generator_c.dir/rosidl_generator_c/turtlesim/action/detail/rotate_absolute__functions.c.o[0m
[5.134s] [  5%] [32mBuilding C object CMakeFiles/turtlesim__rosidl_generator_c.dir/rosidl_generator_c/turtlesim/msg/detail/color__functions.c.o[0m
[5.188s] [  6%] [32mBuilding C object CMakeFiles/turtlesim__rosidl_generator_c.dir/rosidl_generator_c/turtlesim/msg/detail/pose__functions.c.o[0m
[5.221s] [  7%] [32mBuilding C object CMakeFiles/turtlesim__rosidl_generator_c.dir/rosidl_generator_c/turtlesim/srv/detail/kill__functions.c.o[0m
[5.261s] [  8%] [32mBuilding C object CMakeFiles/turtlesim__rosidl_generator_c.dir/rosidl_generator_c/turtlesim/srv/detail/set_pen__functions.c.o[0m
[5.324s] [  9%] [32mBuilding C object CMakeFiles/turtlesim__rosidl_generator_c.dir/rosidl_generator_c/turtlesim/srv/detail/spawn__functions.c.o[0m
[5.413s] [ 10%] [32mBuilding C object CMakeFiles/turtlesim__rosidl_generator_c.dir/rosidl_generator_c/turtlesim/srv/detail/teleport_absolute__functions.c.o[0m
[5.500s] [ 11%] [32mBuilding C object CMakeFiles/turtlesim__rosidl_generator_c.dir/rosidl_generator_c/turtlesim/srv/detail/teleport_relative__functions.c.o[0m
[5.589s] [ 12%] [32m[1mLinking C shared library libturtlesim__rosidl_generator_c.so[0m
[5.687s] [ 12%] Built target turtlesim__rosidl_generator_c
[5.718s] [ 13%] [34m[1mGenerating C++ introspection for ROS interfaces[0m
[5.733s] [35m[1mScanning dependencies of target turtlesim__rosidl_typesupport_cpp[0m
[5.801s] [ 14%] [32mBuilding CXX object CMakeFiles/turtlesim__rosidl_typesupport_cpp.dir/rosidl_typesupport_cpp/turtlesim/action/rotate_absolute__type_support.cpp.o[0m
[6.784s] [ 15%] [32mBuilding CXX object CMakeFiles/turtlesim__rosidl_typesupport_cpp.dir/rosidl_typesupport_cpp/turtlesim/msg/color__type_support.cpp.o[0m
[6.854s] [35m[1mScanning dependencies of target turtlesim__rosidl_typesupport_introspection_cpp[0m
[6.906s] [ 16%] [32mBuilding CXX object CMakeFiles/turtlesim__rosidl_typesupport_introspection_cpp.dir/rosidl_typesupport_introspection_cpp/turtlesim/action/detail/rotate_absolute__type_support.cpp.o[0m
[7.431s] [ 17%] [32mBuilding CXX object CMakeFiles/turtlesim__rosidl_typesupport_cpp.dir/rosidl_typesupport_cpp/turtlesim/msg/pose__type_support.cpp.o[0m
[7.633s] [ 18%] [32mBuilding CXX object CMakeFiles/turtlesim__rosidl_typesupport_introspection_cpp.dir/rosidl_typesupport_introspection_cpp/turtlesim/msg/detail/color__type_support.cpp.o[0m
[7.912s] [ 19%] [32mBuilding CXX object CMakeFiles/turtlesim__rosidl_typesupport_cpp.dir/rosidl_typesupport_cpp/turtlesim/srv/kill__type_support.cpp.o[0m
[8.135s] [ 20%] [32mBuilding CXX object CMakeFiles/turtlesim__rosidl_typesupport_introspection_cpp.dir/rosidl_typesupport_introspection_cpp/turtlesim/msg/detail/pose__type_support.cpp.o[0m
[8.416s] [ 21%] [32mBuilding CXX object CMakeFiles/turtlesim__rosidl_typesupport_cpp.dir/rosidl_typesupport_cpp/turtlesim/srv/set_pen__type_support.cpp.o[0m
[8.649s] [ 22%] [32mBuilding CXX object CMakeFiles/turtlesim__rosidl_typesupport_introspection_cpp.dir/rosidl_typesupport_introspection_cpp/turtlesim/srv/detail/kill__type_support.cpp.o[0m
[8.933s] [ 23%] [32mBuilding CXX object CMakeFiles/turtlesim__rosidl_typesupport_cpp.dir/rosidl_typesupport_cpp/turtlesim/srv/spawn__type_support.cpp.o[0m
[9.204s] [ 24%] [32mBuilding CXX object CMakeFiles/turtlesim__rosidl_typesupport_introspection_cpp.dir/rosidl_typesupport_introspection_cpp/turtlesim/srv/detail/set_pen__type_support.cpp.o[0m
[9.460s] [ 25%] [32mBuilding CXX object CMakeFiles/turtlesim__rosidl_typesupport_cpp.dir/rosidl_typesupport_cpp/turtlesim/srv/teleport_absolute__type_support.cpp.o[0m
[9.762s] [ 26%] [32mBuilding CXX object CMakeFiles/turtlesim__rosidl_typesupport_introspection_cpp.dir/rosidl_typesupport_introspection_cpp/turtlesim/srv/detail/spawn__type_support.cpp.o[0m
[10.131s] [ 27%] [32mBuilding CXX object CMakeFiles/turtlesim__rosidl_typesupport_cpp.dir/rosidl_typesupport_cpp/turtlesim/srv/teleport_relative__type_support.cpp.o[0m
[10.570s] [ 28%] [32mBuilding CXX object CMakeFiles/turtlesim__rosidl_typesupport_introspection_cpp.dir/rosidl_typesupport_introspection_cpp/turtlesim/srv/detail/teleport_absolute__type_support.cpp.o[0m
[10.812s] [ 29%] [32m[1mLinking CXX shared library libturtlesim__rosidl_typesupport_cpp.so[0m
[10.916s] [ 29%] Built target turtlesim__rosidl_typesupport_cpp
[10.965s] [ 30%] [34m[1mGenerating C++ type support for eProsima Fast-RTPS[0m
[11.075s] [ 31%] [32mBuilding CXX object CMakeFiles/turtlesim__rosidl_typesupport_introspection_cpp.dir/rosidl_typesupport_introspection_cpp/turtlesim/srv/detail/teleport_relative__type_support.cpp.o[0m
[11.578s] [ 32%] [32m[1mLinking CXX shared library libturtlesim__rosidl_typesupport_introspection_cpp.so[0m
[11.754s] [ 32%] Built target turtlesim__rosidl_typesupport_introspection_cpp
[11.786s] [ 33%] [34m[1mGenerating C introspection for ROS interfaces[0m
[12.384s] [35m[1mScanning dependencies of target turtlesim__rosidl_typesupport_fastrtps_cpp[0m
[12.462s] [ 34%] [32mBuilding CXX object CMakeFiles/turtlesim__rosidl_typesupport_fastrtps_cpp.dir/rosidl_typesupport_fastrtps_cpp/turtlesim/action/detail/dds_fastrtps/rotate_absolute__type_support.cpp.o[0m
[13.175s] [35m[1mScanning dependencies of target turtlesim__rosidl_typesupport_introspection_c[0m
[13.241s] [ 35%] [32mBuilding C object CMakeFiles/turtlesim__rosidl_typesupport_introspection_c.dir/rosidl_typesupport_introspection_c/turtlesim/action/detail/rotate_absolute__type_support.c.o[0m
[13.378s] [ 36%] [32mBuilding C object CMakeFiles/turtlesim__rosidl_typesupport_introspection_c.dir/rosidl_typesupport_introspection_c/turtlesim/msg/detail/color__type_support.c.o[0m
[13.458s] [ 37%] [32mBuilding C object CMakeFiles/turtlesim__rosidl_typesupport_introspection_c.dir/rosidl_typesupport_introspection_c/turtlesim/msg/detail/pose__type_support.c.o[0m
[13.461s] [ 38%] [32mBuilding CXX object CMakeFiles/turtlesim__rosidl_typesupport_fastrtps_cpp.dir/rosidl_typesupport_fastrtps_cpp/turtlesim/msg/detail/dds_fastrtps/color__type_support.cpp.o[0m
[13.535s] [ 39%] [32mBuilding C object CMakeFiles/turtlesim__rosidl_typesupport_introspection_c.dir/rosidl_typesupport_introspection_c/turtlesim/srv/detail/kill__type_support.c.o[0m
[13.622s] [ 40%] [32mBuilding C object CMakeFiles/turtlesim__rosidl_typesupport_introspection_c.dir/rosidl_typesupport_introspection_c/turtlesim/srv/detail/set_pen__type_support.c.o[0m
[13.706s] [ 41%] [32mBuilding C object CMakeFiles/turtlesim__rosidl_typesupport_introspection_c.dir/rosidl_typesupport_introspection_c/turtlesim/srv/detail/spawn__type_support.c.o[0m
[13.741s] [ 42%] [32mBuilding C object CMakeFiles/turtlesim__rosidl_typesupport_introspection_c.dir/rosidl_typesupport_introspection_c/turtlesim/srv/detail/teleport_absolute__type_support.c.o[0m
[13.776s] [ 43%] [32mBuilding C object CMakeFiles/turtlesim__rosidl_typesupport_introspection_c.dir/rosidl_typesupport_introspection_c/turtlesim/srv/detail/teleport_relative__type_support.c.o[0m
[13.810s] [ 44%] [32m[1mLinking C shared library libturtlesim__rosidl_typesupport_introspection_c.so[0m
[13.875s] [ 44%] Built target turtlesim__rosidl_typesupport_introspection_c
[13.898s] [ 45%] [32mBuilding CXX object CMakeFiles/turtlesim__rosidl_typesupport_fastrtps_cpp.dir/rosidl_typesupport_fastrtps_cpp/turtlesim/msg/detail/dds_fastrtps/pose__type_support.cpp.o[0m
[14.279s] [ 46%] [32mBuilding CXX object CMakeFiles/turtlesim__rosidl_typesupport_fastrtps_cpp.dir/rosidl_typesupport_fastrtps_cpp/turtlesim/srv/detail/dds_fastrtps/kill__type_support.cpp.o[0m
[14.675s] [ 47%] [32mBuilding CXX object CMakeFiles/turtlesim__rosidl_typesupport_fastrtps_cpp.dir/rosidl_typesupport_fastrtps_cpp/turtlesim/srv/detail/dds_fastrtps/set_pen__type_support.cpp.o[0m
[15.083s] [ 48%] [32mBuilding CXX object CMakeFiles/turtlesim__rosidl_typesupport_fastrtps_cpp.dir/rosidl_typesupport_fastrtps_cpp/turtlesim/srv/detail/dds_fastrtps/spawn__type_support.cpp.o[0m
[15.717s] [ 49%] [32mBuilding CXX object CMakeFiles/turtlesim__rosidl_typesupport_fastrtps_cpp.dir/rosidl_typesupport_fastrtps_cpp/turtlesim/srv/detail/dds_fastrtps/teleport_absolute__type_support.cpp.o[0m
[16.076s] [ 50%] [32mBuilding CXX object CMakeFiles/turtlesim__rosidl_typesupport_fastrtps_cpp.dir/rosidl_typesupport_fastrtps_cpp/turtlesim/srv/detail/dds_fastrtps/teleport_relative__type_support.cpp.o[0m
[16.440s] [ 51%] [34m[1mGenerating C type support dispatch for ROS interfaces[0m
[16.853s] [ 52%] [32m[1mLinking CXX shared library libturtlesim__rosidl_typesupport_fastrtps_cpp.so[0m
[17.055s] [ 52%] Built target turtlesim__rosidl_typesupport_fastrtps_cpp
[17.081s] [ 53%] [34m[1mGenerating C type support for eProsima Fast-RTPS[0m
[17.300s] [35m[1mScanning dependencies of target turtlesim__rosidl_typesupport_c[0m
[17.357s] [ 54%] [32mBuilding CXX object CMakeFiles/turtlesim__rosidl_typesupport_c.dir/rosidl_typesupport_c/turtlesim/action/rotate_absolute__type_support.cpp.o[0m
[17.481s] [ 55%] [32mBuilding CXX object CMakeFiles/turtlesim__rosidl_typesupport_c.dir/rosidl_typesupport_c/turtlesim/msg/color__type_support.cpp.o[0m
[17.583s] [ 56%] [32mBuilding CXX object CMakeFiles/turtlesim__rosidl_typesupport_c.dir/rosidl_typesupport_c/turtlesim/msg/pose__type_support.cpp.o[0m
[17.624s] [ 57%] [32mBuilding CXX object CMakeFiles/turtlesim__rosidl_typesupport_c.dir/rosidl_typesupport_c/turtlesim/srv/kill__type_support.cpp.o[0m
[17.653s] [ 58%] [32mBuilding CXX object CMakeFiles/turtlesim__rosidl_typesupport_c.dir/rosidl_typesupport_c/turtlesim/srv/set_pen__type_support.cpp.o[0m
[17.682s] [ 59%] [32mBuilding CXX object CMakeFiles/turtlesim__rosidl_typesupport_c.dir/rosidl_typesupport_c/turtlesim/srv/spawn__type_support.cpp.o[0m
[17.713s] [ 60%] [32mBuilding CXX object CMakeFiles/turtlesim__rosidl_typesupport_c.dir/rosidl_typesupport_c/turtlesim/srv/teleport_absolute__type_support.cpp.o[0m
[17.742s] [ 61%] [32mBuilding CXX object CMakeFiles/turtlesim__rosidl_typesupport_c.dir/rosidl_typesupport_c/turtlesim/srv/teleport_relative__type_support.cpp.o[0m
[17.771s] [ 62%] [32m[1mLinking CXX shared library libturtlesim__rosidl_typesupport_c.so[0m
[17.839s] [ 62%] Built target turtlesim__rosidl_typesupport_c
[18.127s] [35m[1mScanning dependencies of target turtlesim__rosidl_typesupport_fastrtps_c[0m
[18.163s] [ 63%] [32mBuilding CXX object CMakeFiles/turtlesim__rosidl_typesupport_fastrtps_c.dir/rosidl_typesupport_fastrtps_c/turtlesim/msg/detail/color__type_support_c.cpp.o[0m
[18.166s] [ 64%] [32mBuilding CXX object CMakeFiles/turtlesim__rosidl_typesupport_fastrtps_c.dir/rosidl_typesupport_fastrtps_c/turtlesim/action/detail/rotate_absolute__type_support_c.cpp.o[0m
[18.804s] [ 65%] [32mBuilding CXX object CMakeFiles/turtlesim__rosidl_typesupport_fastrtps_c.dir/rosidl_typesupport_fastrtps_c/turtlesim/msg/detail/pose__type_support_c.cpp.o[0m
[18.909s] [ 66%] [32mBuilding CXX object CMakeFiles/turtlesim__rosidl_typesupport_fastrtps_c.dir/rosidl_typesupport_fastrtps_c/turtlesim/srv/detail/kill__type_support_c.cpp.o[0m
[19.386s] [ 67%] [32mBuilding CXX object CMakeFiles/turtlesim__rosidl_typesupport_fastrtps_c.dir/rosidl_typesupport_fastrtps_c/turtlesim/srv/detail/set_pen__type_support_c.cpp.o[0m
[19.574s] [ 68%] [32mBuilding CXX object CMakeFiles/turtlesim__rosidl_typesupport_fastrtps_c.dir/rosidl_typesupport_fastrtps_c/turtlesim/srv/detail/spawn__type_support_c.cpp.o[0m
[20.032s] [ 69%] [32mBuilding CXX object CMakeFiles/turtlesim__rosidl_typesupport_fastrtps_c.dir/rosidl_typesupport_fastrtps_c/turtlesim/srv/detail/teleport_absolute__type_support_c.cpp.o[0m
[20.258s] [ 70%] [32mBuilding CXX object CMakeFiles/turtlesim__rosidl_typesupport_fastrtps_c.dir/rosidl_typesupport_fastrtps_c/turtlesim/srv/detail/teleport_relative__type_support_c.cpp.o[0m
[20.783s] [ 71%] [32m[1mLinking CXX shared library libturtlesim__rosidl_typesupport_fastrtps_c.so[0m
[20.882s] [ 71%] Built target turtlesim__rosidl_typesupport_fastrtps_c
[20.892s] [35m[1mScanning dependencies of target turtlesim[0m
[20.902s] [ 71%] Built target turtlesim
[20.918s] [35m[1mScanning dependencies of target mimic[0m
[20.923s] [35m[1mScanning dependencies of target draw_square[0m
[21.068s] [ 72%] [32mBuilding CXX object CMakeFiles/mimic.dir/tutorials/mimic.cpp.o[0m
[21.069s] [ 73%] [32mBuilding CXX object CMakeFiles/draw_square.dir/tutorials/draw_square.cpp.o[0m
[34.421s] [ 74%] [32m[1mLinking CXX executable mimic[0m
[34.984s] [ 74%] Built target mimic
[35.558s] [ 75%] [32m[1mLinking CXX executable draw_square[0m
[35.858s] [ 75%] Built target draw_square
[35.873s] [35m[1mScanning dependencies of target turtlesim__py[0m
[35.883s] [ 76%] [34m[1mGenerating Python code for ROS interfaces[0m
[37.603s] [ 76%] Built target turtlesim__py
[37.612s] [35m[1mScanning dependencies of target turtle_teleop_key[0m
[37.669s] [ 77%] [32mBuilding CXX object CMakeFiles/turtle_teleop_key.dir/tutorials/teleop_turtle_key.cpp.o[0m
[41.529s] [ 78%] [32m[1mLinking CXX executable turtle_teleop_key[0m
[41.749s] [ 78%] Built target turtle_teleop_key
[41.759s] [ 79%] [34m[1mGenerating include/turtlesim/moc_turtle_frame.cpp[0m
[41.851s] [35m[1mScanning dependencies of target turtlesim_node[0m
[41.930s] [ 80%] [32mBuilding CXX object CMakeFiles/turtlesim_node.dir/src/turtlesim.cpp.o[0m
[44.516s] [ 81%] [32mBuilding CXX object CMakeFiles/turtlesim_node.dir/src/turtle.cpp.o[0m
[51.895s] [ 82%] [32mBuilding CXX object CMakeFiles/turtlesim_node.dir/src/turtle_frame.cpp.o[0m
[58.587s] [ 83%] [32mBuilding CXX object CMakeFiles/turtlesim_node.dir/include/turtlesim/moc_turtle_frame.cpp.o[0m
[61.089s] [ 84%] [32m[1mLinking CXX executable turtlesim_node[0m
[62.902s] [ 84%] Built target turtlesim_node
[62.912s] [35m[1mScanning dependencies of target turtlesim__python[0m
[62.976s] [ 85%] [32mBuilding C object CMakeFiles/turtlesim__python.dir/rosidl_generator_py/turtlesim/action/_rotate_absolute_s.c.o[0m
[63.107s] [ 86%] [32mBuilding C object CMakeFiles/turtlesim__python.dir/rosidl_generator_py/turtlesim/msg/_color_s.c.o[0m
[63.189s] [ 87%] [32mBuilding C object CMakeFiles/turtlesim__python.dir/rosidl_generator_py/turtlesim/msg/_pose_s.c.o[0m
[63.271s] [ 88%] [32mBuilding C object CMakeFiles/turtlesim__python.dir/rosidl_generator_py/turtlesim/srv/_kill_s.c.o[0m
[63.357s] [ 89%] [32mBuilding C object CMakeFiles/turtlesim__python.dir/rosidl_generator_py/turtlesim/srv/_set_pen_s.c.o[0m
[63.445s] [ 90%] [32mBuilding C object CMakeFiles/turtlesim__python.dir/rosidl_generator_py/turtlesim/srv/_spawn_s.c.o[0m
[63.538s] [ 91%] [32mBuilding C object CMakeFiles/turtlesim__python.dir/rosidl_generator_py/turtlesim/srv/_teleport_absolute_s.c.o[0m
[63.624s] [ 92%] [32mBuilding C object CMakeFiles/turtlesim__python.dir/rosidl_generator_py/turtlesim/srv/_teleport_relative_s.c.o[0m
[63.711s] [ 93%] [32m[1mLinking C shared library rosidl_generator_py/turtlesim/libturtlesim__python.so[0m
[63.756s] [ 93%] Built target turtlesim__python
[63.766s] [35m[1mScanning dependencies of target turtlesim__rosidl_typesupport_introspection_c__pyext[0m
[63.788s] [ 94%] [32mBuilding C object CMakeFiles/turtlesim__rosidl_typesupport_introspection_c__pyext.dir/rosidl_generator_py/turtlesim/_turtlesim_s.ep.rosidl_typesupport_introspection_c.c.o[0m
[63.920s] [ 95%] [32m[1mLinking C shared library rosidl_generator_py/turtlesim/turtlesim_s__rosidl_typesupport_introspection_c.cpython-38-x86_64-linux-gnu.so[0m
[63.955s] [ 95%] Built target turtlesim__rosidl_typesupport_introspection_c__pyext
[63.965s] [35m[1mScanning dependencies of target turtlesim__rosidl_typesupport_fastrtps_c__pyext[0m
[63.989s] [ 96%] [32mBuilding C object CMakeFiles/turtlesim__rosidl_typesupport_fastrtps_c__pyext.dir/rosidl_generator_py/turtlesim/_turtlesim_s.ep.rosidl_typesupport_fastrtps_c.c.o[0m
[64.122s] [ 97%] [32m[1mLinking CXX shared library rosidl_generator_py/turtlesim/turtlesim_s__rosidl_typesupport_fastrtps_c.cpython-38-x86_64-linux-gnu.so[0m
[64.184s] [ 97%] Built target turtlesim__rosidl_typesupport_fastrtps_c__pyext
[64.194s] [35m[1mScanning dependencies of target turtlesim__rosidl_typesupport_c__pyext[0m
[64.216s] [ 98%] [32mBuilding C object CMakeFiles/turtlesim__rosidl_typesupport_c__pyext.dir/rosidl_generator_py/turtlesim/_turtlesim_s.ep.rosidl_typesupport_c.c.o[0m
[64.346s] [100%] [32m[1mLinking C shared library rosidl_generator_py/turtlesim/turtlesim_s__rosidl_typesupport_c.cpython-38-x86_64-linux-gnu.so[0m
[64.382s] [100%] Built target turtlesim__rosidl_typesupport_c__pyext
[64.396s] Invoked command in '/home/sanjib28/ros2_ws/build/turtlesim' returned '0': CMAKE_PREFIX_PATH=/opt/ros/foxy /usr/bin/cmake --build /home/sanjib28/ros2_ws/build/turtlesim -- -j2 -l2
[64.552s] Invoking command in '/home/sanjib28/ros2_ws/build/turtlesim': CMAKE_PREFIX_PATH=/opt/ros/foxy /usr/bin/cmake --install /home/sanjib28/ros2_ws/build/turtlesim
[64.566s] -- Install configuration: ""
[64.566s] -- Installing: /home/sanjib28/ros2_ws/install/turtlesim/share/ament_index/resource_index/rosidl_interfaces/turtlesim
[64.566s] -- Installing: /home/sanjib28/ros2_ws/install/turtlesim/include/turtlesim
[64.566s] -- Installing: /home/sanjib28/ros2_ws/install/turtlesim/include/turtlesim/action
[64.566s] -- Installing: /home/sanjib28/ros2_ws/install/turtlesim/include/turtlesim/action/rotate_absolute.h
[64.566s] -- Installing: /home/sanjib28/ros2_ws/install/turtlesim/include/turtlesim/action/detail
[64.566s] -- Installing: /home/sanjib28/ros2_ws/install/turtlesim/include/turtlesim/action/detail/rotate_absolute__struct.h
[64.567s] -- Installing: /home/sanjib28/ros2_ws/install/turtlesim/include/turtlesim/action/detail/rotate_absolute__functions.c
[64.567s] -- Installing: /home/sanjib28/ros2_ws/install/turtlesim/include/turtlesim/action/detail/rotate_absolute__type_support.h
[64.567s] -- Installing: /home/sanjib28/ros2_ws/install/turtlesim/include/turtlesim/action/detail/rotate_absolute__functions.h
[64.567s] -- Installing: /home/sanjib28/ros2_ws/install/turtlesim/include/turtlesim/msg
[64.567s] -- Installing: /home/sanjib28/ros2_ws/install/turtlesim/include/turtlesim/msg/color.h
[64.567s] -- Installing: /home/sanjib28/ros2_ws/install/turtlesim/include/turtlesim/msg/rosidl_generator_c__visibility_control.h
[64.567s] -- Installing: /home/sanjib28/ros2_ws/install/turtlesim/include/turtlesim/msg/detail
[64.567s] -- Installing: /home/sanjib28/ros2_ws/install/turtlesim/include/turtlesim/msg/detail/color__functions.c
[64.567s] -- Installing: /home/sanjib28/ros2_ws/install/turtlesim/include/turtlesim/msg/detail/color__functions.h
[64.567s] -- Installing: /home/sanjib28/ros2_ws/install/turtlesim/include/turtlesim/msg/detail/color__type_support.h
[64.567s] -- Installing: /home/sanjib28/ros2_ws/install/turtlesim/include/turtlesim/msg/detail/pose__type_support.h
[64.567s] -- Installing: /home/sanjib28/ros2_ws/install/turtlesim/include/turtlesim/msg/detail/pose__struct.h
[64.567s] -- Installing: /home/sanjib28/ros2_ws/install/turtlesim/include/turtlesim/msg/detail/pose__functions.c
[64.567s] -- Installing: /home/sanjib28/ros2_ws/install/turtlesim/include/turtlesim/msg/detail/pose__functions.h
[64.567s] -- Installing: /home/sanjib28/ros2_ws/install/turtlesim/include/turtlesim/msg/detail/color__struct.h
[64.567s] -- Installing: /home/sanjib28/ros2_ws/install/turtlesim/include/turtlesim/msg/pose.h
[64.567s] -- Installing: /home/sanjib28/ros2_ws/install/turtlesim/include/turtlesim/srv
[64.567s] -- Installing: /home/sanjib28/ros2_ws/install/turtlesim/include/turtlesim/srv/set_pen.h
[64.567s] -- Installing: /home/sanjib28/ros2_ws/install/turtlesim/include/turtlesim/srv/kill.h
[64.567s] -- Installing: /home/sanjib28/ros2_ws/install/turtlesim/include/turtlesim/srv/teleport_relative.h
[64.568s] -- Installing: /home/sanjib28/ros2_ws/install/turtlesim/include/turtlesim/srv/teleport_absolute.h
[64.568s] -- Installing: /home/sanjib28/ros2_ws/install/turtlesim/include/turtlesim/srv/detail
[64.568s] -- Installing: /home/sanjib28/ros2_ws/install/turtlesim/include/turtlesim/srv/detail/spawn__struct.h
[64.568s] -- Installing: /home/sanjib28/ros2_ws/install/turtlesim/include/turtlesim/srv/detail/teleport_absolute__struct.h
[64.568s] -- Installing: /home/sanjib28/ros2_ws/install/turtlesim/include/turtlesim/srv/detail/teleport_relative__functions.c
[64.568s] -- Installing: /home/sanjib28/ros2_ws/install/turtlesim/include/turtlesim/srv/detail/teleport_absolute__functions.h
[64.568s] -- Installing: /home/sanjib28/ros2_ws/install/turtlesim/include/turtlesim/srv/detail/kill__type_support.h
[64.568s] -- Installing: /home/sanjib28/ros2_ws/install/turtlesim/include/turtlesim/srv/detail/set_pen__functions.c
[64.568s] -- Installing: /home/sanjib28/ros2_ws/install/turtlesim/include/turtlesim/srv/detail/teleport_absolute__functions.c
[64.568s] -- Installing: /home/sanjib28/ros2_ws/install/turtlesim/include/turtlesim/srv/detail/set_pen__functions.h
[64.568s] -- Installing: /home/sanjib28/ros2_ws/install/turtlesim/include/turtlesim/srv/detail/kill__functions.c
[64.568s] -- Installing: /home/sanjib28/ros2_ws/install/turtlesim/include/turtlesim/srv/detail/teleport_relative__struct.h
[64.570s] -- Installing: /home/sanjib28/ros2_ws/install/turtlesim/include/turtlesim/srv/detail/spawn__functions.c
[64.570s] -- Installing: /home/sanjib28/ros2_ws/install/turtlesim/include/turtlesim/srv/detail/kill__functions.h
[64.570s] -- Installing: /home/sanjib28/ros2_ws/install/turtlesim/include/turtlesim/srv/detail/teleport_relative__functions.h
[64.570s] -- Installing: /home/sanjib28/ros2_ws/install/turtlesim/include/turtlesim/srv/detail/teleport_relative__type_support.h
[64.570s] -- Installing: /home/sanjib28/ros2_ws/install/turtlesim/include/turtlesim/srv/detail/teleport_absolute__type_support.h
[64.570s] -- Installing: /home/sanjib28/ros2_ws/install/turtlesim/include/turtlesim/srv/detail/set_pen__struct.h
[64.570s] -- Installing: /home/sanjib28/ros2_ws/install/turtlesim/include/turtlesim/srv/detail/spawn__functions.h
[64.570s] -- Installing: /home/sanjib28/ros2_ws/install/turtlesim/include/turtlesim/srv/detail/spawn__type_support.h
[64.570s] -- Installing: /home/sanjib28/ros2_ws/install/turtlesim/include/turtlesim/srv/detail/kill__struct.h
[64.570s] -- Installing: /home/sanjib28/ros2_ws/install/turtlesim/include/turtlesim/srv/detail/set_pen__type_support.h
[64.570s] -- Installing: /home/sanjib28/ros2_ws/install/turtlesim/include/turtlesim/srv/spawn.h
[64.570s] -- Installing: /home/sanjib28/ros2_ws/install/turtlesim/share/turtlesim/environment/library_path.sh
[64.570s] -- Installing: /home/sanjib28/ros2_ws/install/turtlesim/share/turtlesim/environment/library_path.dsv
[64.574s] -- Installing: /home/sanjib28/ros2_ws/install/turtlesim/lib/libturtlesim__rosidl_generator_c.so
[64.574s] -- Set runtime path of "/home/sanjib28/ros2_ws/install/turtlesim/lib/libturtlesim__rosidl_generator_c.so" to ""
[64.574s] -- Up-to-date: /home/sanjib28/ros2_ws/install/turtlesim/include/turtlesim
[64.574s] -- Up-to-date: /home/sanjib28/ros2_ws/install/turtlesim/include/turtlesim/action
[64.574s] -- Up-to-date: /home/sanjib28/ros2_ws/install/turtlesim/include/turtlesim/action/detail
[64.574s] -- Installing: /home/sanjib28/ros2_ws/install/turtlesim/include/turtlesim/action/detail/rotate_absolute__rosidl_typesupport_fastrtps_c.h
[64.574s] -- Up-to-date: /home/sanjib28/ros2_ws/install/turtlesim/include/turtlesim/msg
[64.574s] -- Up-to-date: /home/sanjib28/ros2_ws/install/turtlesim/include/turtlesim/msg/detail
[64.574s] -- Installing: /home/sanjib28/ros2_ws/install/turtlesim/include/turtlesim/msg/detail/pose__rosidl_typesupport_fastrtps_c.h
[64.574s] -- Installing: /home/sanjib28/ros2_ws/install/turtlesim/include/turtlesim/msg/detail/color__rosidl_typesupport_fastrtps_c.h
[64.574s] -- Installing: /home/sanjib28/ros2_ws/install/turtlesim/include/turtlesim/msg/rosidl_typesupport_fastrtps_c__visibility_control.h
[64.574s] -- Up-to-date: /home/sanjib28/ros2_ws/install/turtlesim/include/turtlesim/srv
[64.574s] -- Up-to-date: /home/sanjib28/ros2_ws/install/turtlesim/include/turtlesim/srv/detail
[64.575s] -- Installing: /home/sanjib28/ros2_ws/install/turtlesim/include/turtlesim/srv/detail/teleport_absolute__rosidl_typesupport_fastrtps_c.h
[64.575s] -- Installing: /home/sanjib28/ros2_ws/install/turtlesim/include/turtlesim/srv/detail/spawn__rosidl_typesupport_fastrtps_c.h
[64.575s] -- Installing: /home/sanjib28/ros2_ws/install/turtlesim/include/turtlesim/srv/detail/teleport_relative__rosidl_typesupport_fastrtps_c.h
[64.575s] -- Installing: /home/sanjib28/ros2_ws/install/turtlesim/include/turtlesim/srv/detail/kill__rosidl_typesupport_fastrtps_c.h
[64.575s] -- Installing: /home/sanjib28/ros2_ws/install/turtlesim/include/turtlesim/srv/detail/set_pen__rosidl_typesupport_fastrtps_c.h
[64.575s] -- Installing: /home/sanjib28/ros2_ws/install/turtlesim/lib/libturtlesim__rosidl_typesupport_fastrtps_c.so
[64.575s] -- Set runtime path of "/home/sanjib28/ros2_ws/install/turtlesim/lib/libturtlesim__rosidl_typesupport_fastrtps_c.so" to ""
[64.575s] -- Up-to-date: /home/sanjib28/ros2_ws/install/turtlesim/include/turtlesim
[64.575s] -- Up-to-date: /home/sanjib28/ros2_ws/install/turtlesim/include/turtlesim/action
[64.575s] -- Up-to-date: /home/sanjib28/ros2_ws/install/turtlesim/include/turtlesim/action/detail
[64.575s] -- Installing: /home/sanjib28/ros2_ws/install/turtlesim/include/turtlesim/action/detail/rotate_absolute__rosidl_typesupport_fastrtps_cpp.hpp
[64.575s] -- Installing: /home/sanjib28/ros2_ws/install/turtlesim/include/turtlesim/action/detail/dds_fastrtps
[64.575s] -- Up-to-date: /home/sanjib28/ros2_ws/install/turtlesim/include/turtlesim/msg
[64.575s] -- Installing: /home/sanjib28/ros2_ws/install/turtlesim/include/turtlesim/msg/rosidl_typesupport_fastrtps_cpp__visibility_control.h
[64.575s] -- Up-to-date: /home/sanjib28/ros2_ws/install/turtlesim/include/turtlesim/msg/detail
[64.575s] -- Installing: /home/sanjib28/ros2_ws/install/turtlesim/include/turtlesim/msg/detail/color__rosidl_typesupport_fastrtps_cpp.hpp
[64.575s] -- Installing: /home/sanjib28/ros2_ws/install/turtlesim/include/turtlesim/msg/detail/pose__rosidl_typesupport_fastrtps_cpp.hpp
[64.575s] -- Installing: /home/sanjib28/ros2_ws/install/turtlesim/include/turtlesim/msg/detail/dds_fastrtps
[64.576s] -- Up-to-date: /home/sanjib28/ros2_ws/install/turtlesim/include/turtlesim/srv
[64.576s] -- Up-to-date: /home/sanjib28/ros2_ws/install/turtlesim/include/turtlesim/srv/detail
[64.576s] -- Installing: /home/sanjib28/ros2_ws/install/turtlesim/include/turtlesim/srv/detail/set_pen__rosidl_typesupport_fastrtps_cpp.hpp
[64.576s] -- Installing: /home/sanjib28/ros2_ws/install/turtlesim/include/turtlesim/srv/detail/teleport_absolute__rosidl_typesupport_fastrtps_cpp.hpp
[64.576s] -- Installing: /home/sanjib28/ros2_ws/install/turtlesim/include/turtlesim/srv/detail/kill__rosidl_typesupport_fastrtps_cpp.hpp
[64.576s] -- Installing: /home/sanjib28/ros2_ws/install/turtlesim/include/turtlesim/srv/detail/teleport_relative__rosidl_typesupport_fastrtps_cpp.hpp
[64.578s] -- Installing: /home/sanjib28/ros2_ws/install/turtlesim/include/turtlesim/srv/detail/spawn__rosidl_typesupport_fastrtps_cpp.hpp
[64.578s] -- Installing: /home/sanjib28/ros2_ws/install/turtlesim/include/turtlesim/srv/detail/dds_fastrtps
[64.578s] -- Installing: /home/sanjib28/ros2_ws/install/turtlesim/lib/libturtlesim__rosidl_typesupport_fastrtps_cpp.so
[64.578s] -- Set runtime path of "/home/sanjib28/ros2_ws/install/turtlesim/lib/libturtlesim__rosidl_typesupport_fastrtps_cpp.so" to ""
[64.578s] -- Up-to-date: /home/sanjib28/ros2_ws/install/turtlesim/include/turtlesim
[64.578s] -- Up-to-date: /home/sanjib28/ros2_ws/install/turtlesim/include/turtlesim/action
[64.578s] -- Up-to-date: /home/sanjib28/ros2_ws/install/turtlesim/include/turtlesim/action/detail
[64.578s] -- Installing: /home/sanjib28/ros2_ws/install/turtlesim/include/turtlesim/action/detail/rotate_absolute__rosidl_typesupport_introspection_c.h
[64.578s] -- Installing: /home/sanjib28/ros2_ws/install/turtlesim/include/turtlesim/action/detail/rotate_absolute__type_support.c
[64.578s] -- Up-to-date: /home/sanjib28/ros2_ws/install/turtlesim/include/turtlesim/msg
[64.578s] -- Up-to-date: /home/sanjib28/ros2_ws/install/turtlesim/include/turtlesim/msg/detail
[64.578s] -- Installing: /home/sanjib28/ros2_ws/install/turtlesim/include/turtlesim/msg/detail/color__type_support.c
[64.578s] -- Installing: /home/sanjib28/ros2_ws/install/turtlesim/include/turtlesim/msg/detail/color__rosidl_typesupport_introspection_c.h
[64.578s] -- Installing: /home/sanjib28/ros2_ws/install/turtlesim/include/turtlesim/msg/detail/pose__rosidl_typesupport_introspection_c.h
[64.578s] -- Installing: /home/sanjib28/ros2_ws/install/turtlesim/include/turtlesim/msg/detail/pose__type_support.c
[64.579s] -- Installing: /home/sanjib28/ros2_ws/install/turtlesim/include/turtlesim/msg/rosidl_typesupport_introspection_c__visibility_control.h
[64.579s] -- Up-to-date: /home/sanjib28/ros2_ws/install/turtlesim/include/turtlesim/srv
[64.579s] -- Up-to-date: /home/sanjib28/ros2_ws/install/turtlesim/include/turtlesim/srv/detail
[64.579s] -- Installing: /home/sanjib28/ros2_ws/install/turtlesim/include/turtlesim/srv/detail/teleport_relative__rosidl_typesupport_introspection_c.h
[64.582s] -- Installing: /home/sanjib28/ros2_ws/install/turtlesim/include/turtlesim/srv/detail/spawn__type_support.c
[64.582s] -- Installing: /home/sanjib28/ros2_ws/install/turtlesim/include/turtlesim/srv/detail/set_pen__rosidl_typesupport_introspection_c.h
[64.582s] -- Installing: /home/sanjib28/ros2_ws/install/turtlesim/include/turtlesim/srv/detail/spawn__rosidl_typesupport_introspection_c.h
[64.582s] -- Installing: /home/sanjib28/ros2_ws/install/turtlesim/include/turtlesim/srv/detail/teleport_relative__type_support.c
[64.582s] -- Installing: /home/sanjib28/ros2_ws/install/turtlesim/include/turtlesim/srv/detail/teleport_absolute__type_support.c
[64.582s] -- Installing: /home/sanjib28/ros2_ws/install/turtlesim/include/turtlesim/srv/detail/kill__type_support.c
[64.582s] -- Installing: /home/sanjib28/ros2_ws/install/turtlesim/include/turtlesim/srv/detail/set_pen__type_support.c
[64.582s] -- Installing: /home/sanjib28/ros2_ws/install/turtlesim/include/turtlesim/srv/detail/kill__rosidl_typesupport_introspection_c.h
[64.582s] -- Installing: /home/sanjib28/ros2_ws/install/turtlesim/include/turtlesim/srv/detail/teleport_absolute__rosidl_typesupport_introspection_c.h
[64.582s] -- Installing: /home/sanjib28/ros2_ws/install/turtlesim/lib/libturtlesim__rosidl_typesupport_introspection_c.so
[64.582s] -- Set runtime path of "/home/sanjib28/ros2_ws/install/turtlesim/lib/libturtlesim__rosidl_typesupport_introspection_c.so" to ""
[64.582s] -- Installing: /home/sanjib28/ros2_ws/install/turtlesim/lib/libturtlesim__rosidl_typesupport_c.so
[64.582s] -- Set runtime path of "/home/sanjib28/ros2_ws/install/turtlesim/lib/libturtlesim__rosidl_typesupport_c.so" to ""
[64.582s] -- Up-to-date: /home/sanjib28/ros2_ws/install/turtlesim/include/turtlesim
[64.582s] -- Up-to-date: /home/sanjib28/ros2_ws/install/turtlesim/include/turtlesim/action
[64.582s] -- Up-to-date: /home/sanjib28/ros2_ws/install/turtlesim/include/turtlesim/action/detail
[64.583s] -- Installing: /home/sanjib28/ros2_ws/install/turtlesim/include/turtlesim/action/detail/rotate_absolute__traits.hpp
[64.583s] -- Installing: /home/sanjib28/ros2_ws/install/turtlesim/include/turtlesim/action/detail/rotate_absolute__struct.hpp
[64.583s] -- Installing: /home/sanjib28/ros2_ws/install/turtlesim/include/turtlesim/action/detail/rotate_absolute__builder.hpp
[64.583s] -- Installing: /home/sanjib28/ros2_ws/install/turtlesim/include/turtlesim/action/rotate_absolute.hpp
[64.583s] -- Up-to-date: /home/sanjib28/ros2_ws/install/turtlesim/include/turtlesim/msg
[64.583s] -- Installing: /home/sanjib28/ros2_ws/install/turtlesim/include/turtlesim/msg/pose.hpp
[64.583s] -- Up-to-date: /home/sanjib28/ros2_ws/install/turtlesim/include/turtlesim/msg/detail
[64.583s] -- Installing: /home/sanjib28/ros2_ws/install/turtlesim/include/turtlesim/msg/detail/pose__traits.hpp
[64.583s] -- Installing: /home/sanjib28/ros2_ws/install/turtlesim/include/turtlesim/msg/detail/color__traits.hpp
[64.583s] -- Installing: /home/sanjib28/ros2_ws/install/turtlesim/include/turtlesim/msg/detail/pose__builder.hpp
[64.583s] -- Installing: /home/sanjib28/ros2_ws/install/turtlesim/include/turtlesim/msg/detail/color__struct.hpp
[64.583s] -- Installing: /home/sanjib28/ros2_ws/install/turtlesim/include/turtlesim/msg/detail/pose__struct.hpp
[64.583s] -- Installing: /home/sanjib28/ros2_ws/install/turtlesim/include/turtlesim/msg/detail/color__builder.hpp
[64.583s] -- Installing: /home/sanjib28/ros2_ws/install/turtlesim/include/turtlesim/msg/color.hpp
[64.583s] -- Up-to-date: /home/sanjib28/ros2_ws/install/turtlesim/include/turtlesim/srv
[64.586s] -- Installing: /home/sanjib28/ros2_ws/install/turtlesim/include/turtlesim/srv/spawn.hpp
[64.586s] -- Installing: /home/sanjib28/ros2_ws/install/turtlesim/include/turtlesim/srv/teleport_relative.hpp
[64.586s] -- Installing: /home/sanjib28/ros2_ws/install/turtlesim/include/turtlesim/srv/kill.hpp
[64.586s] -- Installing: /home/sanjib28/ros2_ws/install/turtlesim/include/turtlesim/srv/teleport_absolute.hpp
[64.586s] -- Installing: /home/sanjib28/ros2_ws/install/turtlesim/include/turtlesim/srv/set_pen.hpp
[64.586s] -- Up-to-date: /home/sanjib28/ros2_ws/install/turtlesim/include/turtlesim/srv/detail
[64.586s] -- Installing: /home/sanjib28/ros2_ws/install/turtlesim/include/turtlesim/srv/detail/spawn__struct.hpp
[64.586s] -- Installing: /home/sanjib28/ros2_ws/install/turtlesim/include/turtlesim/srv/detail/teleport_absolute__builder.hpp
[64.586s] -- Installing: /home/sanjib28/ros2_ws/install/turtlesim/include/turtlesim/srv/detail/kill__builder.hpp
[64.586s] -- Installing: /home/sanjib28/ros2_ws/install/turtlesim/include/turtlesim/srv/detail/teleport_relative__struct.hpp
[64.586s] -- Installing: /home/sanjib28/ros2_ws/install/turtlesim/include/turtlesim/srv/detail/teleport_relative__traits.hpp
[64.586s] -- Installing: /home/sanjib28/ros2_ws/install/turtlesim/include/turtlesim/srv/detail/teleport_absolute__traits.hpp
[64.586s] -- Installing: /home/sanjib28/ros2_ws/install/turtlesim/include/turtlesim/srv/detail/spawn__traits.hpp
[64.586s] -- Installing: /home/sanjib28/ros2_ws/install/turtlesim/include/turtlesim/srv/detail/set_pen__struct.hpp
[64.586s] -- Installing: /home/sanjib28/ros2_ws/install/turtlesim/include/turtlesim/srv/detail/set_pen__traits.hpp
[64.586s] -- Installing: /home/sanjib28/ros2_ws/install/turtlesim/include/turtlesim/srv/detail/kill__traits.hpp
[64.586s] -- Installing: /home/sanjib28/ros2_ws/install/turtlesim/include/turtlesim/srv/detail/kill__struct.hpp
[64.587s] -- Installing: /home/sanjib28/ros2_ws/install/turtlesim/include/turtlesim/srv/detail/spawn__builder.hpp
[64.587s] -- Installing: /home/sanjib28/ros2_ws/install/turtlesim/include/turtlesim/srv/detail/set_pen__builder.hpp
[64.587s] -- Installing: /home/sanjib28/ros2_ws/install/turtlesim/include/turtlesim/srv/detail/teleport_absolute__struct.hpp
[64.587s] -- Installing: /home/sanjib28/ros2_ws/install/turtlesim/include/turtlesim/srv/detail/teleport_relative__builder.hpp
[64.587s] -- Up-to-date: /home/sanjib28/ros2_ws/install/turtlesim/include/turtlesim
[64.587s] -- Up-to-date: /home/sanjib28/ros2_ws/install/turtlesim/include/turtlesim/action
[64.587s] -- Up-to-date: /home/sanjib28/ros2_ws/install/turtlesim/include/turtlesim/action/detail
[64.587s] -- Installing: /home/sanjib28/ros2_ws/install/turtlesim/include/turtlesim/action/detail/rotate_absolute__type_support.cpp
[64.587s] -- Installing: /home/sanjib28/ros2_ws/install/turtlesim/include/turtlesim/action/detail/rotate_absolute__rosidl_typesupport_introspection_cpp.hpp
[64.587s] -- Up-to-date: /home/sanjib28/ros2_ws/install/turtlesim/include/turtlesim/msg
[64.587s] -- Up-to-date: /home/sanjib28/ros2_ws/install/turtlesim/include/turtlesim/msg/detail
[64.587s] -- Installing: /home/sanjib28/ros2_ws/install/turtlesim/include/turtlesim/msg/detail/pose__type_support.cpp
[64.587s] -- Installing: /home/sanjib28/ros2_ws/install/turtlesim/include/turtlesim/msg/detail/color__type_support.cpp
[64.587s] -- Installing: /home/sanjib28/ros2_ws/install/turtlesim/include/turtlesim/msg/detail/pose__rosidl_typesupport_introspection_cpp.hpp
[64.590s] -- Installing: /home/sanjib28/ros2_ws/install/turtlesim/include/turtlesim/msg/detail/color__rosidl_typesupport_introspection_cpp.hpp
[64.590s] -- Up-to-date: /home/sanjib28/ros2_ws/install/turtlesim/include/turtlesim/srv
[64.590s] -- Up-to-date: /home/sanjib28/ros2_ws/install/turtlesim/include/turtlesim/srv/detail
[64.590s] -- Installing: /home/sanjib28/ros2_ws/install/turtlesim/include/turtlesim/srv/detail/spawn__rosidl_typesupport_introspection_cpp.hpp
[64.590s] -- Installing: /home/sanjib28/ros2_ws/install/turtlesim/include/turtlesim/srv/detail/spawn__type_support.cpp
[64.590s] -- Installing: /home/sanjib28/ros2_ws/install/turtlesim/include/turtlesim/srv/detail/teleport_absolute__rosidl_typesupport_introspection_cpp.hpp
[64.590s] -- Installing: /home/sanjib28/ros2_ws/install/turtlesim/include/turtlesim/srv/detail/set_pen__type_support.cpp
[64.590s] -- Installing: /home/sanjib28/ros2_ws/install/turtlesim/include/turtlesim/srv/detail/teleport_relative__rosidl_typesupport_introspection_cpp.hpp
[64.590s] -- Installing: /home/sanjib28/ros2_ws/install/turtlesim/include/turtlesim/srv/detail/teleport_absolute__type_support.cpp
[64.590s] -- Installing: /home/sanjib28/ros2_ws/install/turtlesim/include/turtlesim/srv/detail/set_pen__rosidl_typesupport_introspection_cpp.hpp
[64.590s] -- Installing: /home/sanjib28/ros2_ws/install/turtlesim/include/turtlesim/srv/detail/kill__type_support.cpp
[64.590s] -- Installing: /home/sanjib28/ros2_ws/install/turtlesim/include/turtlesim/srv/detail/kill__rosidl_typesupport_introspection_cpp.hpp
[64.590s] -- Installing: /home/sanjib28/ros2_ws/install/turtlesim/include/turtlesim/srv/detail/teleport_relative__type_support.cpp
[64.590s] -- Installing: /home/sanjib28/ros2_ws/install/turtlesim/lib/libturtlesim__rosidl_typesupport_introspection_cpp.so
[64.591s] -- Set runtime path of "/home/sanjib28/ros2_ws/install/turtlesim/lib/libturtlesim__rosidl_typesupport_introspection_cpp.so" to ""
[64.591s] -- Installing: /home/sanjib28/ros2_ws/install/turtlesim/lib/libturtlesim__rosidl_typesupport_cpp.so
[64.591s] -- Set runtime path of "/home/sanjib28/ros2_ws/install/turtlesim/lib/libturtlesim__rosidl_typesupport_cpp.so" to ""
[64.591s] -- Installing: /home/sanjib28/ros2_ws/install/turtlesim/share/turtlesim/environment/pythonpath.sh
[64.592s] -- Installing: /home/sanjib28/ros2_ws/install/turtlesim/share/turtlesim/environment/pythonpath.dsv
[64.592s] -- Installing: /home/sanjib28/ros2_ws/install/turtlesim/lib/python3.8/site-packages/turtlesim/__init__.py
[64.627s] Compiling '/home/sanjib28/ros2_ws/install/turtlesim/lib/python3.8/site-packages/turtlesim/__init__.py'...
[64.627s] -- Installing: /home/sanjib28/ros2_ws/install/turtlesim/lib/python3.8/site-packages/turtlesim/action
[64.627s] -- Installing: /home/sanjib28/ros2_ws/install/turtlesim/lib/python3.8/site-packages/turtlesim/action/_rotate_absolute.py
[64.627s] -- Installing: /home/sanjib28/ros2_ws/install/turtlesim/lib/python3.8/site-packages/turtlesim/action/__init__.py
[64.627s] -- Installing: /home/sanjib28/ros2_ws/install/turtlesim/lib/python3.8/site-packages/turtlesim/action/_rotate_absolute_s.c
[64.628s] -- Installing: /home/sanjib28/ros2_ws/install/turtlesim/lib/python3.8/site-packages/turtlesim/msg
[64.628s] -- Installing: /home/sanjib28/ros2_ws/install/turtlesim/lib/python3.8/site-packages/turtlesim/msg/_color_s.c
[64.628s] -- Installing: /home/sanjib28/ros2_ws/install/turtlesim/lib/python3.8/site-packages/turtlesim/msg/_color.py
[64.628s] -- Installing: /home/sanjib28/ros2_ws/install/turtlesim/lib/python3.8/site-packages/turtlesim/msg/__init__.py
[64.628s] -- Installing: /home/sanjib28/ros2_ws/install/turtlesim/lib/python3.8/site-packages/turtlesim/msg/_pose.py
[64.628s] -- Installing: /home/sanjib28/ros2_ws/install/turtlesim/lib/python3.8/site-packages/turtlesim/msg/_pose_s.c
[64.629s] -- Installing: /home/sanjib28/ros2_ws/install/turtlesim/lib/python3.8/site-packages/turtlesim/srv
[64.629s] -- Installing: /home/sanjib28/ros2_ws/install/turtlesim/lib/python3.8/site-packages/turtlesim/srv/_spawn_s.c
[64.629s] -- Installing: /home/sanjib28/ros2_ws/install/turtlesim/lib/python3.8/site-packages/turtlesim/srv/__init__.py
[64.629s] -- Installing: /home/sanjib28/ros2_ws/install/turtlesim/lib/python3.8/site-packages/turtlesim/srv/_teleport_relative_s.c
[64.629s] -- Installing: /home/sanjib28/ros2_ws/install/turtlesim/lib/python3.8/site-packages/turtlesim/srv/_kill.py
[64.629s] -- Installing: /home/sanjib28/ros2_ws/install/turtlesim/lib/python3.8/site-packages/turtlesim/srv/_teleport_absolute.py
[64.630s] -- Installing: /home/sanjib28/ros2_ws/install/turtlesim/lib/python3.8/site-packages/turtlesim/srv/_set_pen.py
[64.631s] -- Installing: /home/sanjib28/ros2_ws/install/turtlesim/lib/python3.8/site-packages/turtlesim/srv/_kill_s.c
[64.631s] -- Installing: /home/sanjib28/ros2_ws/install/turtlesim/lib/python3.8/site-packages/turtlesim/srv/_spawn.py
[64.631s] -- Installing: /home/sanjib28/ros2_ws/install/turtlesim/lib/python3.8/site-packages/turtlesim/srv/_teleport_absolute_s.c
[64.631s] -- Installing: /home/sanjib28/ros2_ws/install/turtlesim/lib/python3.8/site-packages/turtlesim/srv/_set_pen_s.c
[64.631s] -- Installing: /home/sanjib28/ros2_ws/install/turtlesim/lib/python3.8/site-packages/turtlesim/srv/_teleport_relative.py
[64.631s] -- Installing: /home/sanjib28/ros2_ws/install/turtlesim/lib/python3.8/site-packages/turtlesim/turtlesim_s__rosidl_typesupport_fastrtps_c.cpython-38-x86_64-linux-gnu.so
[64.632s] -- Set runtime path of "/home/sanjib28/ros2_ws/install/turtlesim/lib/python3.8/site-packages/turtlesim/turtlesim_s__rosidl_typesupport_fastrtps_c.cpython-38-x86_64-linux-gnu.so" to ""
[64.632s] -- Installing: /home/sanjib28/ros2_ws/install/turtlesim/lib/python3.8/site-packages/turtlesim/turtlesim_s__rosidl_typesupport_introspection_c.cpython-38-x86_64-linux-gnu.so
[64.633s] -- Set runtime path of "/home/sanjib28/ros2_ws/install/turtlesim/lib/python3.8/site-packages/turtlesim/turtlesim_s__rosidl_typesupport_introspection_c.cpython-38-x86_64-linux-gnu.so" to ""
[64.633s] -- Installing: /home/sanjib28/ros2_ws/install/turtlesim/lib/python3.8/site-packages/turtlesim/turtlesim_s__rosidl_typesupport_c.cpython-38-x86_64-linux-gnu.so
[64.634s] -- Set runtime path of "/home/sanjib28/ros2_ws/install/turtlesim/lib/python3.8/site-packages/turtlesim/turtlesim_s__rosidl_typesupport_c.cpython-38-x86_64-linux-gnu.so" to ""
[64.634s] -- Installing: /home/sanjib28/ros2_ws/install/turtlesim/lib/libturtlesim__python.so
[64.634s] -- Set runtime path of "/home/sanjib28/ros2_ws/install/turtlesim/lib/libturtlesim__python.so" to ""
[64.635s] -- Installing: /home/sanjib28/ros2_ws/install/turtlesim/share/turtlesim/action/RotateAbsolute.idl
[64.635s] -- Installing: /home/sanjib28/ros2_ws/install/turtlesim/share/turtlesim/msg/Color.idl
[64.636s] -- Installing: /home/sanjib28/ros2_ws/install/turtlesim/share/turtlesim/msg/Pose.idl
[64.636s] -- Installing: /home/sanjib28/ros2_ws/install/turtlesim/share/turtlesim/srv/Kill.idl
[64.637s] -- Installing: /home/sanjib28/ros2_ws/install/turtlesim/share/turtlesim/srv/SetPen.idl
[64.637s] -- Installing: /home/sanjib28/ros2_ws/install/turtlesim/share/turtlesim/srv/Spawn.idl
[64.637s] -- Installing: /home/sanjib28/ros2_ws/install/turtlesim/share/turtlesim/srv/TeleportAbsolute.idl
[64.638s] -- Installing: /home/sanjib28/ros2_ws/install/turtlesim/share/turtlesim/srv/TeleportRelative.idl
[64.638s] -- Installing: /home/sanjib28/ros2_ws/install/turtlesim/share/turtlesim/action/RotateAbsolute.action
[64.638s] -- Installing: /home/sanjib28/ros2_ws/install/turtlesim/share/turtlesim/msg/Color.msg
[64.639s] -- Installing: /home/sanjib28/ros2_ws/install/turtlesim/share/turtlesim/msg/Pose.msg
[64.639s] -- Installing: /home/sanjib28/ros2_ws/install/turtlesim/share/turtlesim/srv/Kill.srv
[64.639s] -- Installing: /home/sanjib28/ros2_ws/install/turtlesim/share/turtlesim/srv/Kill_Request.msg
[64.640s] -- Installing: /home/sanjib28/ros2_ws/install/turtlesim/share/turtlesim/srv/Kill_Response.msg
[64.640s] -- Installing: /home/sanjib28/ros2_ws/install/turtlesim/share/turtlesim/srv/SetPen.srv
[64.641s] -- Installing: /home/sanjib28/ros2_ws/install/turtlesim/share/turtlesim/srv/SetPen_Request.msg
[64.641s] -- Installing: /home/sanjib28/ros2_ws/install/turtlesim/share/turtlesim/srv/SetPen_Response.msg
[64.641s] -- Installing: /home/sanjib28/ros2_ws/install/turtlesim/share/turtlesim/srv/Spawn.srv
[64.641s] -- Installing: /home/sanjib28/ros2_ws/install/turtlesim/share/turtlesim/srv/Spawn_Request.msg
[64.642s] -- Installing: /home/sanjib28/ros2_ws/install/turtlesim/share/turtlesim/srv/Spawn_Response.msg
[64.642s] -- Installing: /home/sanjib28/ros2_ws/install/turtlesim/share/turtlesim/srv/TeleportAbsolute.srv
[64.642s] -- Installing: /home/sanjib28/ros2_ws/install/turtlesim/share/turtlesim/srv/TeleportAbsolute_Request.msg
[64.643s] -- Installing: /home/sanjib28/ros2_ws/install/turtlesim/share/turtlesim/srv/TeleportAbsolute_Response.msg
[64.643s] -- Installing: /home/sanjib28/ros2_ws/install/turtlesim/share/turtlesim/srv/TeleportRelative.srv
[64.643s] -- Installing: /home/sanjib28/ros2_ws/install/turtlesim/share/turtlesim/srv/TeleportRelative_Request.msg
[64.644s] -- Installing: /home/sanjib28/ros2_ws/install/turtlesim/share/turtlesim/srv/TeleportRelative_Response.msg
[64.648s] -- Installing: /home/sanjib28/ros2_ws/install/turtlesim/lib/turtlesim/turtlesim_node
[64.648s] -- Set runtime path of "/home/sanjib28/ros2_ws/install/turtlesim/lib/turtlesim/turtlesim_node" to ""
[64.649s] -- Installing: /home/sanjib28/ros2_ws/install/turtlesim/lib/turtlesim/turtle_teleop_key
[64.650s] -- Set runtime path of "/home/sanjib28/ros2_ws/install/turtlesim/lib/turtlesim/turtle_teleop_key" to ""
[64.650s] -- Installing: /home/sanjib28/ros2_ws/install/turtlesim/lib/turtlesim/draw_square
[64.653s] -- Set runtime path of "/home/sanjib28/ros2_ws/install/turtlesim/lib/turtlesim/draw_square" to ""
[64.653s] -- Installing: /home/sanjib28/ros2_ws/install/turtlesim/lib/turtlesim/mimic
[64.655s] -- Set runtime path of "/home/sanjib28/ros2_ws/install/turtlesim/lib/turtlesim/mimic" to ""
[64.656s] -- Installing: /home/sanjib28/ros2_ws/install/turtlesim/share/turtlesim/images
[64.656s] -- Installing: /home/sanjib28/ros2_ws/install/turtlesim/share/turtlesim/images/foxy.png
[64.656s] -- Installing: /home/sanjib28/ros2_ws/install/turtlesim/share/turtlesim/images/eloquent.png
[64.656s] -- Installing: /home/sanjib28/ros2_ws/install/turtlesim/share/turtlesim/images/dashing.png
[64.656s] -- Installing: /home/sanjib28/ros2_ws/install/turtlesim/share/turtlesim/images/crystal.png
[64.657s] -- Installing: /home/sanjib28/ros2_ws/install/turtlesim/share/turtlesim/images/ardent.png
[64.657s] -- Installing: /home/sanjib28/ros2_ws/install/turtlesim/share/turtlesim/images/bouncy.png
[64.657s] -- Installing: /home/sanjib28/ros2_ws/install/turtlesim/share/turtlesim/launch
[64.657s] -- Installing: /home/sanjib28/ros2_ws/install/turtlesim/share/turtlesim/launch/multisim.launch.py
[64.658s] -- Installing: /home/sanjib28/ros2_ws/install/turtlesim/share/ament_index/resource_index/package_run_dependencies/turtlesim
[64.658s] -- Installing: /home/sanjib28/ros2_ws/install/turtlesim/share/ament_index/resource_index/parent_prefix_path/turtlesim
[64.658s] -- Installing: /home/sanjib28/ros2_ws/install/turtlesim/share/turtlesim/environment/ament_prefix_path.sh
[64.659s] -- Installing: /home/sanjib28/ros2_ws/install/turtlesim/share/turtlesim/environment/ament_prefix_path.dsv
[64.659s] -- Installing: /home/sanjib28/ros2_ws/install/turtlesim/share/turtlesim/environment/path.sh
[64.659s] -- Installing: /home/sanjib28/ros2_ws/install/turtlesim/share/turtlesim/environment/path.dsv
[64.659s] -- Installing: /home/sanjib28/ros2_ws/install/turtlesim/share/turtlesim/local_setup.bash
[64.660s] -- Installing: /home/sanjib28/ros2_ws/install/turtlesim/share/turtlesim/local_setup.sh
[64.660s] -- Installing: /home/sanjib28/ros2_ws/install/turtlesim/share/turtlesim/local_setup.zsh
[64.660s] -- Installing: /home/sanjib28/ros2_ws/install/turtlesim/share/turtlesim/local_setup.dsv
[64.660s] -- Installing: /home/sanjib28/ros2_ws/install/turtlesim/share/turtlesim/package.dsv
[64.661s] -- Installing: /home/sanjib28/ros2_ws/install/turtlesim/share/ament_index/resource_index/packages/turtlesim
[64.661s] -- Installing: /home/sanjib28/ros2_ws/install/turtlesim/share/turtlesim/cmake/turtlesim__rosidl_generator_cExport.cmake
[64.661s] -- Installing: /home/sanjib28/ros2_ws/install/turtlesim/share/turtlesim/cmake/turtlesim__rosidl_generator_cExport-noconfig.cmake
[64.662s] -- Installing: /home/sanjib28/ros2_ws/install/turtlesim/share/turtlesim/cmake/turtlesim__rosidl_typesupport_introspection_cExport.cmake
[64.662s] -- Installing: /home/sanjib28/ros2_ws/install/turtlesim/share/turtlesim/cmake/turtlesim__rosidl_typesupport_introspection_cExport-noconfig.cmake
[64.662s] -- Installing: /home/sanjib28/ros2_ws/install/turtlesim/share/turtlesim/cmake/turtlesim__rosidl_typesupport_cExport.cmake
[64.663s] -- Installing: /home/sanjib28/ros2_ws/install/turtlesim/share/turtlesim/cmake/turtlesim__rosidl_typesupport_cExport-noconfig.cmake
[64.663s] -- Installing: /home/sanjib28/ros2_ws/install/turtlesim/share/turtlesim/cmake/turtlesim__rosidl_generator_cppExport.cmake
[64.663s] -- Installing: /home/sanjib28/ros2_ws/install/turtlesim/share/turtlesim/cmake/turtlesim__rosidl_typesupport_introspection_cppExport.cmake
[64.664s] -- Installing: /home/sanjib28/ros2_ws/install/turtlesim/share/turtlesim/cmake/turtlesim__rosidl_typesupport_introspection_cppExport-noconfig.cmake
[64.664s] -- Installing: /home/sanjib28/ros2_ws/install/turtlesim/share/turtlesim/cmake/turtlesim__rosidl_typesupport_cppExport.cmake
[64.664s] -- Installing: /home/sanjib28/ros2_ws/install/turtlesim/share/turtlesim/cmake/turtlesim__rosidl_typesupport_cppExport-noconfig.cmake
[64.665s] -- Installing: /home/sanjib28/ros2_ws/install/turtlesim/share/turtlesim/cmake/rosidl_cmake-extras.cmake
[64.665s] -- Installing: /home/sanjib28/ros2_ws/install/turtlesim/share/turtlesim/cmake/ament_cmake_export_dependencies-extras.cmake
[64.665s] -- Installing: /home/sanjib28/ros2_ws/install/turtlesim/share/turtlesim/cmake/ament_cmake_export_libraries-extras.cmake
[64.665s] -- Installing: /home/sanjib28/ros2_ws/install/turtlesim/share/turtlesim/cmake/ament_cmake_export_targets-extras.cmake
[64.666s] -- Installing: /home/sanjib28/ros2_ws/install/turtlesim/share/turtlesim/cmake/ament_cmake_export_include_directories-extras.cmake
[64.666s] -- Installing: /home/sanjib28/ros2_ws/install/turtlesim/share/turtlesim/cmake/rosidl_cmake_export_typesupport_libraries-extras.cmake
[64.666s] -- Installing: /home/sanjib28/ros2_ws/install/turtlesim/share/turtlesim/cmake/rosidl_cmake_export_typesupport_targets-extras.cmake
[64.666s] -- Installing: /home/sanjib28/ros2_ws/install/turtlesim/share/turtlesim/cmake/turtlesimConfig.cmake
[64.667s] -- Installing: /home/sanjib28/ros2_ws/install/turtlesim/share/turtlesim/cmake/turtlesimConfig-version.cmake
[64.667s] -- Installing: /home/sanjib28/ros2_ws/install/turtlesim/share/turtlesim/package.xml
[64.670s] Invoked command in '/home/sanjib28/ros2_ws/build/turtlesim' returned '0': CMAKE_PREFIX_PATH=/opt/ros/foxy /usr/bin/cmake --install /home/sanjib28/ros2_ws/build/turtlesim
