[0.546s] Invoking command in '/home/sanjib28/ros2_ws/src/py_pubsub': AMENT_PREFIX_PATH=/home/sanjib28/ros2_ws/install/tutorial_interfaces:${AMENT_PREFIX_PATH} CMAKE_PREFIX_PATH=/home/sanjib28/ros2_ws/install/tutorial_interfaces LD_LIBRARY_PATH=/home/sanjib28/ros2_ws/install/tutorial_interfaces/lib:${LD_LIBRARY_PATH} PYTHONPATH=/home/sanjib28/ros2_ws/install/py_pubsub/lib/python3.8/site-packages:/home/sanjib28/ros2_ws/install/tutorial_interfaces/lib/python3.8/site-packages:${PYTHONPATH} /usr/bin/python3 setup.py egg_info --egg-base ../../build/py_pubsub build --build-base /home/sanjib28/ros2_ws/build/py_pubsub/build install --prefix /home/sanjib28/ros2_ws/install/py_pubsub --record /home/sanjib28/ros2_ws/build/py_pubsub/install.log --single-version-externally-managed
[0.720s] running egg_info
[0.721s] writing ../../build/py_pubsub/py_pubsub.egg-info/PKG-INFO
[0.725s] writing dependency_links to ../../build/py_pubsub/py_pubsub.egg-info/dependency_links.txt
[0.725s] writing entry points to ../../build/py_pubsub/py_pubsub.egg-info/entry_points.txt
[0.725s] writing requirements to ../../build/py_pubsub/py_pubsub.egg-info/requires.txt
[0.726s] writing top-level names to ../../build/py_pubsub/py_pubsub.egg-info/top_level.txt
[0.760s] reading manifest file '../../build/py_pubsub/py_pubsub.egg-info/SOURCES.txt'
[0.761s] writing manifest file '../../build/py_pubsub/py_pubsub.egg-info/SOURCES.txt'
[0.761s] running build
[0.761s] running build_py
[0.764s] copying py_pubsub/publisher_member_function.py -> /home/sanjib28/ros2_ws/build/py_pubsub/build/lib/py_pubsub
[0.764s] copying py_pubsub/subscriber_member_function.py -> /home/sanjib28/ros2_ws/build/py_pubsub/build/lib/py_pubsub
[0.764s] running install
[0.765s] running install_lib
[0.768s] copying /home/sanjib28/ros2_ws/build/py_pubsub/build/lib/py_pubsub/publisher_member_function.py -> /home/sanjib28/ros2_ws/install/py_pubsub/lib/python3.8/site-packages/py_pubsub
[0.768s] copying /home/sanjib28/ros2_ws/build/py_pubsub/build/lib/py_pubsub/subscriber_member_function.py -> /home/sanjib28/ros2_ws/install/py_pubsub/lib/python3.8/site-packages/py_pubsub
[0.769s] byte-compiling /home/sanjib28/ros2_ws/install/py_pubsub/lib/python3.8/site-packages/py_pubsub/publisher_member_function.py to publisher_member_function.cpython-38.pyc
[0.770s] byte-compiling /home/sanjib28/ros2_ws/install/py_pubsub/lib/python3.8/site-packages/py_pubsub/subscriber_member_function.py to subscriber_member_function.cpython-38.pyc
[0.771s] running install_data
[0.775s] copying package.xml -> /home/sanjib28/ros2_ws/install/py_pubsub/share/py_pubsub
[0.775s] running install_egg_info
[0.776s] removing '/home/sanjib28/ros2_ws/install/py_pubsub/lib/python3.8/site-packages/py_pubsub-0.0.0-py3.8.egg-info' (and everything under it)
[0.777s] Copying ../../build/py_pubsub/py_pubsub.egg-info to /home/sanjib28/ros2_ws/install/py_pubsub/lib/python3.8/site-packages/py_pubsub-0.0.0-py3.8.egg-info
[0.778s] running install_scripts
[0.794s] Installing listener script to /home/sanjib28/ros2_ws/install/py_pubsub/lib/py_pubsub
[0.795s] Installing talker script to /home/sanjib28/ros2_ws/install/py_pubsub/lib/py_pubsub
[0.795s] writing list of installed files to '/home/sanjib28/ros2_ws/build/py_pubsub/install.log'
[0.826s] Invoked command in '/home/sanjib28/ros2_ws/src/py_pubsub' returned '0': AMENT_PREFIX_PATH=/home/sanjib28/ros2_ws/install/tutorial_interfaces:${AMENT_PREFIX_PATH} CMAKE_PREFIX_PATH=/home/sanjib28/ros2_ws/install/tutorial_interfaces LD_LIBRARY_PATH=/home/sanjib28/ros2_ws/install/tutorial_interfaces/lib:${LD_LIBRARY_PATH} PYTHONPATH=/home/sanjib28/ros2_ws/install/py_pubsub/lib/python3.8/site-packages:/home/sanjib28/ros2_ws/install/tutorial_interfaces/lib/python3.8/site-packages:${PYTHONPATH} /usr/bin/python3 setup.py egg_info --egg-base ../../build/py_pubsub build --build-base /home/sanjib28/ros2_ws/build/py_pubsub/build install --prefix /home/sanjib28/ros2_ws/install/py_pubsub --record /home/sanjib28/ros2_ws/build/py_pubsub/install.log --single-version-externally-managed
