running egg_info
writing ../../build/py_launch_example/py_launch_example.egg-info/PKG-INFO
writing dependency_links to ../../build/py_launch_example/py_launch_example.egg-info/dependency_links.txt
writing entry points to ../../build/py_launch_example/py_launch_example.egg-info/entry_points.txt
writing requirements to ../../build/py_launch_example/py_launch_example.egg-info/requires.txt
writing top-level names to ../../build/py_launch_example/py_launch_example.egg-info/top_level.txt
reading manifest file '../../build/py_launch_example/py_launch_example.egg-info/SOURCES.txt'
writing manifest file '../../build/py_launch_example/py_launch_example.egg-info/SOURCES.txt'
running build
running build_py
copying py_launch_example/my_script_launch.py -> /home/sanjib28/launch_ws/build/py_launch_example/build/lib/py_launch_example
running install
running install_lib
copying /home/sanjib28/launch_ws/build/py_launch_example/build/lib/py_launch_example/my_script_launch.py -> /home/sanjib28/launch_ws/install/py_launch_example/lib/python3.8/site-packages/py_launch_example
byte-compiling /home/sanjib28/launch_ws/install/py_launch_example/lib/python3.8/site-packages/py_launch_example/my_script_launch.py to my_script_launch.cpython-38.pyc
running install_data
running install_egg_info
removing '/home/sanjib28/launch_ws/install/py_launch_example/lib/python3.8/site-packages/py_launch_example-0.0.0-py3.8.egg-info' (and everything under it)
Copying ../../build/py_launch_example/py_launch_example.egg-info to /home/sanjib28/launch_ws/install/py_launch_example/lib/python3.8/site-packages/py_launch_example-0.0.0-py3.8.egg-info
running install_scripts
writing list of installed files to '/home/sanjib28/launch_ws/build/py_launch_example/install.log'
