[1.369s] Invoking command in '/home/sanjib28/launch_ws/src': PYTHONPATH=/home/sanjib28/launch_ws/install/py_launch_example/lib/python3.8/site-packages:${PYTHONPATH} /usr/bin/python3 setup.py egg_info --egg-base ../build/py_launch_example build --build-base /home/sanjib28/launch_ws/build/py_launch_example/build install --prefix /home/sanjib28/launch_ws/install/py_launch_example --record /home/sanjib28/launch_ws/build/py_launch_example/install.log --single-version-externally-managed
[1.680s] running egg_info
[1.681s] writing ../build/py_launch_example/py_launch_example.egg-info/PKG-INFO
[1.682s] writing dependency_links to ../build/py_launch_example/py_launch_example.egg-info/dependency_links.txt
[1.682s] deleting ../build/py_launch_example/py_launch_example.egg-info/entry_points.txt
[1.683s] deleting ../build/py_launch_example/py_launch_example.egg-info/requires.txt
[1.683s] writing top-level names to ../build/py_launch_example/py_launch_example.egg-info/top_level.txt
[1.729s] reading manifest file '../build/py_launch_example/py_launch_example.egg-info/SOURCES.txt'
[1.730s] writing manifest file '../build/py_launch_example/py_launch_example.egg-info/SOURCES.txt'
[1.731s] running build
[1.731s] running build_py
[1.731s] running install
[1.733s] running install_lib
[1.736s] running install_data
[1.736s] running install_egg_info
[1.743s] removing '/home/sanjib28/launch_ws/install/py_launch_example/lib/python3.8/site-packages/py_launch_example-0.0.0-py3.8.egg-info' (and everything under it)
[1.744s] Copying ../build/py_launch_example/py_launch_example.egg-info to /home/sanjib28/launch_ws/install/py_launch_example/lib/python3.8/site-packages/py_launch_example-0.0.0-py3.8.egg-info
[1.744s] running install_scripts
[1.770s] writing list of installed files to '/home/sanjib28/launch_ws/build/py_launch_example/install.log'
[1.804s] Invoked command in '/home/sanjib28/launch_ws/src' returned '0': PYTHONPATH=/home/sanjib28/launch_ws/install/py_launch_example/lib/python3.8/site-packages:${PYTHONPATH} /usr/bin/python3 setup.py egg_info --egg-base ../build/py_launch_example build --build-base /home/sanjib28/launch_ws/build/py_launch_example/build install --prefix /home/sanjib28/launch_ws/install/py_launch_example --record /home/sanjib28/launch_ws/build/py_launch_example/install.log --single-version-externally-managed
