[0.060s] Invoking command in '/home/sanjib28/ros2_ws/build/cpp_pubsub': CMAKE_PREFIX_PATH=/opt/ros/foxy /usr/bin/cmake /home/sanjib28/ros2_ws/src/cpp_pubsub -DCMAKE_INSTALL_PREFIX=/home/sanjib28/ros2_ws/install/cpp_pubsub
[0.444s] -- The C compiler identification is GNU 9.4.0
[0.748s] -- The CXX compiler identification is GNU 9.4.0
[0.769s] -- Check for working C compiler: /usr/bin/cc
[0.924s] -- Check for working C compiler: /usr/bin/cc -- works
[0.933s] -- Detecting C compiler ABI info
[1.038s] -- Detecting C compiler ABI info - done
[1.055s] -- Detecting C compile features
[1.058s] -- Detecting C compile features - done
[1.065s] -- Check for working CXX compiler: /usr/bin/c++
[1.186s] -- Check for working CXX compiler: /usr/bin/c++ -- works
[1.188s] -- Detecting CXX compiler ABI info
[1.300s] -- Detecting CXX compiler ABI info - done
[1.318s] -- Detecting CXX compile features
[1.319s] -- Detecting CXX compile features - done
[1.326s] -- Found ament_cmake: 0.9.9 (/opt/ros/foxy/share/ament_cmake/cmake)
[1.370s] -- Found PythonInterp: /usr/bin/python3 (found suitable version "3.8.10", minimum required is "3") 
[1.371s] -- Using PYTHON_EXECUTABLE: /usr/bin/python3
[1.679s] -- Found rclcpp: 2.4.1 (/opt/ros/foxy/share/rclcpp/cmake)
[1.840s] -- Using all available rosidl_typesupport_c: rosidl_typesupport_fastrtps_c;rosidl_typesupport_introspection_c
[1.868s] -- Found rosidl_adapter: 1.2.1 (/opt/ros/foxy/share/rosidl_adapter/cmake)
[2.112s] -- Found OpenSSL: /usr/lib/x86_64-linux-gnu/libcrypto.so (found version "1.1.1f")  
[2.172s] -- Found FastRTPS: /opt/ros/foxy/include  
[2.333s] -- Using all available rosidl_typesupport_cpp: rosidl_typesupport_fastrtps_cpp;rosidl_typesupport_introspection_cpp
[2.477s] -- Found rmw_implementation_cmake: 1.0.3 (/opt/ros/foxy/share/rmw_implementation_cmake/cmake)
[2.483s] -- Using RMW implementation 'rmw_fastrtps_cpp' as default
[2.488s] -- Looking for pthread.h
[2.684s] -- Looking for pthread.h - found
[2.686s] -- Performing Test CMAKE_HAVE_LIBC_PTHREAD
[2.872s] -- Performing Test CMAKE_HAVE_LIBC_PTHREAD - Failed
[2.872s] -- Looking for pthread_create in pthreads
[2.967s] -- Looking for pthread_create in pthreads - not found
[2.967s] -- Looking for pthread_create in pthread
[3.089s] -- Looking for pthread_create in pthread - found
[3.091s] -- Found Threads: TRUE  
[3.588s] -- Configuring done
[3.607s] -- Generating done
[3.611s] -- Build files have been written to: /home/sanjib28/ros2_ws/build/cpp_pubsub
[3.620s] Invoked command in '/home/sanjib28/ros2_ws/build/cpp_pubsub' returned '0': CMAKE_PREFIX_PATH=/opt/ros/foxy /usr/bin/cmake /home/sanjib28/ros2_ws/src/cpp_pubsub -DCMAKE_INSTALL_PREFIX=/home/sanjib28/ros2_ws/install/cpp_pubsub
[3.626s] Invoking command in '/home/sanjib28/ros2_ws/build/cpp_pubsub': CMAKE_PREFIX_PATH=/opt/ros/foxy /usr/bin/cmake --build /home/sanjib28/ros2_ws/build/cpp_pubsub -- -j2 -l2
[3.693s] [35m[1mScanning dependencies of target talker[0m
[3.693s] [35m[1mScanning dependencies of target listener[0m
[3.944s] [ 25%] [32mBuilding CXX object CMakeFiles/talker.dir/src/publisher_member_function.cpp.o[0m
[3.958s] [ 50%] [32mBuilding CXX object CMakeFiles/listener.dir/src/subscriber_member_function.cpp.o[0m
[11.782s] [ 75%] [32m[1mLinking CXX executable talker[0m
[12.027s] [ 75%] Built target talker
[13.527s] [100%] [32m[1mLinking CXX executable listener[0m
[13.825s] [100%] Built target listener
[13.836s] Invoked command in '/home/sanjib28/ros2_ws/build/cpp_pubsub' returned '0': CMAKE_PREFIX_PATH=/opt/ros/foxy /usr/bin/cmake --build /home/sanjib28/ros2_ws/build/cpp_pubsub -- -j2 -l2
[13.875s] Invoking command in '/home/sanjib28/ros2_ws/build/cpp_pubsub': CMAKE_PREFIX_PATH=/opt/ros/foxy /usr/bin/cmake --install /home/sanjib28/ros2_ws/build/cpp_pubsub
[13.884s] -- Install configuration: ""
[13.884s] -- Installing: /home/sanjib28/ros2_ws/install/cpp_pubsub/lib/cpp_pubsub/talker
[13.886s] -- Set runtime path of "/home/sanjib28/ros2_ws/install/cpp_pubsub/lib/cpp_pubsub/talker" to ""
[13.886s] -- Installing: /home/sanjib28/ros2_ws/install/cpp_pubsub/share/ament_index/resource_index/package_run_dependencies/cpp_pubsub
[13.886s] -- Installing: /home/sanjib28/ros2_ws/install/cpp_pubsub/share/ament_index/resource_index/parent_prefix_path/cpp_pubsub
[13.887s] -- Installing: /home/sanjib28/ros2_ws/install/cpp_pubsub/share/cpp_pubsub/environment/ament_prefix_path.sh
[13.887s] -- Installing: /home/sanjib28/ros2_ws/install/cpp_pubsub/share/cpp_pubsub/environment/ament_prefix_path.dsv
[13.887s] -- Installing: /home/sanjib28/ros2_ws/install/cpp_pubsub/share/cpp_pubsub/environment/path.sh
[13.887s] -- Installing: /home/sanjib28/ros2_ws/install/cpp_pubsub/share/cpp_pubsub/environment/path.dsv
[13.888s] -- Installing: /home/sanjib28/ros2_ws/install/cpp_pubsub/share/cpp_pubsub/local_setup.bash
[13.888s] -- Installing: /home/sanjib28/ros2_ws/install/cpp_pubsub/share/cpp_pubsub/local_setup.sh
[13.888s] -- Installing: /home/sanjib28/ros2_ws/install/cpp_pubsub/share/cpp_pubsub/local_setup.zsh
[13.888s] -- Installing: /home/sanjib28/ros2_ws/install/cpp_pubsub/share/cpp_pubsub/local_setup.dsv
[13.888s] -- Installing: /home/sanjib28/ros2_ws/install/cpp_pubsub/share/cpp_pubsub/package.dsv
[13.889s] -- Installing: /home/sanjib28/ros2_ws/install/cpp_pubsub/share/ament_index/resource_index/packages/cpp_pubsub
[13.889s] -- Installing: /home/sanjib28/ros2_ws/install/cpp_pubsub/share/cpp_pubsub/cmake/cpp_pubsubConfig.cmake
[13.889s] -- Installing: /home/sanjib28/ros2_ws/install/cpp_pubsub/share/cpp_pubsub/cmake/cpp_pubsubConfig-version.cmake
[13.889s] -- Installing: /home/sanjib28/ros2_ws/install/cpp_pubsub/share/cpp_pubsub/package.xml
[13.892s] Invoked command in '/home/sanjib28/ros2_ws/build/cpp_pubsub' returned '0': CMAKE_PREFIX_PATH=/opt/ros/foxy /usr/bin/cmake --install /home/sanjib28/ros2_ws/build/cpp_pubsub
