[0.526s] Invoking command in '/home/sanjib28/ros2_ws/src/py_srvcli': AMENT_PREFIX_PATH=/home/sanjib28/ros2_ws/install/tutorial_interfaces:${AMENT_PREFIX_PATH} CMAKE_PREFIX_PATH=/home/sanjib28/ros2_ws/install/tutorial_interfaces LD_LIBRARY_PATH=/home/sanjib28/ros2_ws/install/tutorial_interfaces/lib:${LD_LIBRARY_PATH} PYTHONPATH=/home/sanjib28/ros2_ws/install/py_srvcli/lib/python3.8/site-packages:/home/sanjib28/ros2_ws/install/tutorial_interfaces/lib/python3.8/site-packages:${PYTHONPATH} /usr/bin/python3 setup.py egg_info --egg-base ../../build/py_srvcli build --build-base /home/sanjib28/ros2_ws/build/py_srvcli/build install --prefix /home/sanjib28/ros2_ws/install/py_srvcli --record /home/sanjib28/ros2_ws/build/py_srvcli/install.log --single-version-externally-managed
[0.691s] running egg_info
[0.691s] writing ../../build/py_srvcli/py_srvcli.egg-info/PKG-INFO
[0.692s] writing dependency_links to ../../build/py_srvcli/py_srvcli.egg-info/dependency_links.txt
[0.693s] writing entry points to ../../build/py_srvcli/py_srvcli.egg-info/entry_points.txt
[0.693s] writing requirements to ../../build/py_srvcli/py_srvcli.egg-info/requires.txt
[0.693s] writing top-level names to ../../build/py_srvcli/py_srvcli.egg-info/top_level.txt
[0.723s] reading manifest file '../../build/py_srvcli/py_srvcli.egg-info/SOURCES.txt'
[0.724s] writing manifest file '../../build/py_srvcli/py_srvcli.egg-info/SOURCES.txt'
[0.724s] running build
[0.724s] running build_py
[0.724s] copying py_srvcli/client_member_function.py -> /home/sanjib28/ros2_ws/build/py_srvcli/build/lib/py_srvcli
[0.724s] copying py_srvcli/service_member_function.py -> /home/sanjib28/ros2_ws/build/py_srvcli/build/lib/py_srvcli
[0.725s] running install
[0.725s] running install_lib
[0.726s] copying /home/sanjib28/ros2_ws/build/py_srvcli/build/lib/py_srvcli/client_member_function.py -> /home/sanjib28/ros2_ws/install/py_srvcli/lib/python3.8/site-packages/py_srvcli
[0.727s] copying /home/sanjib28/ros2_ws/build/py_srvcli/build/lib/py_srvcli/service_member_function.py -> /home/sanjib28/ros2_ws/install/py_srvcli/lib/python3.8/site-packages/py_srvcli
[0.727s] byte-compiling /home/sanjib28/ros2_ws/install/py_srvcli/lib/python3.8/site-packages/py_srvcli/client_member_function.py to client_member_function.cpython-38.pyc
[0.729s] byte-compiling /home/sanjib28/ros2_ws/install/py_srvcli/lib/python3.8/site-packages/py_srvcli/service_member_function.py to service_member_function.cpython-38.pyc
[0.729s] running install_data
[0.730s] copying package.xml -> /home/sanjib28/ros2_ws/install/py_srvcli/share/py_srvcli
[0.730s] running install_egg_info
[0.732s] removing '/home/sanjib28/ros2_ws/install/py_srvcli/lib/python3.8/site-packages/py_srvcli-0.0.0-py3.8.egg-info' (and everything under it)
[0.733s] Copying ../../build/py_srvcli/py_srvcli.egg-info to /home/sanjib28/ros2_ws/install/py_srvcli/lib/python3.8/site-packages/py_srvcli-0.0.0-py3.8.egg-info
[0.733s] running install_scripts
[0.748s] Installing client script to /home/sanjib28/ros2_ws/install/py_srvcli/lib/py_srvcli
[0.749s] Installing service script to /home/sanjib28/ros2_ws/install/py_srvcli/lib/py_srvcli
[0.749s] writing list of installed files to '/home/sanjib28/ros2_ws/build/py_srvcli/install.log'
[0.776s] Invoked command in '/home/sanjib28/ros2_ws/src/py_srvcli' returned '0': AMENT_PREFIX_PATH=/home/sanjib28/ros2_ws/install/tutorial_interfaces:${AMENT_PREFIX_PATH} CMAKE_PREFIX_PATH=/home/sanjib28/ros2_ws/install/tutorial_interfaces LD_LIBRARY_PATH=/home/sanjib28/ros2_ws/install/tutorial_interfaces/lib:${LD_LIBRARY_PATH} PYTHONPATH=/home/sanjib28/ros2_ws/install/py_srvcli/lib/python3.8/site-packages:/home/sanjib28/ros2_ws/install/tutorial_interfaces/lib/python3.8/site-packages:${PYTHONPATH} /usr/bin/python3 setup.py egg_info --egg-base ../../build/py_srvcli build --build-base /home/sanjib28/ros2_ws/build/py_srvcli/build install --prefix /home/sanjib28/ros2_ws/install/py_srvcli --record /home/sanjib28/ros2_ws/build/py_srvcli/install.log --single-version-externally-managed
