[0.084s] Invoking command in '/home/sanjib28/ros2_ws/build/tutorial_interfaces': CMAKE_PREFIX_PATH=/opt/ros/foxy /usr/bin/cmake --build /home/sanjib28/ros2_ws/build/tutorial_interfaces -- -j2 -l2
[0.535s] [  2%] Built target tutorial_interfaces__cpp
[0.556s] [ 12%] Built target tutorial_interfaces__rosidl_generator_c
[0.594s] [ 23%] Built target tutorial_interfaces__rosidl_typesupport_cpp
[0.656s] [ 34%] Built target tutorial_interfaces__rosidl_typesupport_fastrtps_cpp
[0.712s] [ 44%] Built target tutorial_interfaces__rosidl_typesupport_c
[0.738s] [ 55%] Built target tutorial_interfaces__rosidl_typesupport_introspection_c
[0.813s] [ 65%] Built target tutorial_interfaces__rosidl_typesupport_introspection_cpp
[0.838s] [ 76%] Built target tutorial_interfaces__rosidl_typesupport_fastrtps_c
[0.891s] [ 76%] Built target tutorial_interfaces
[0.944s] [ 78%] Built target tutorial_interfaces__py
[1.004s] [ 87%] Built target tutorial_interfaces__python
[1.070s] [ 91%] Built target tutorial_interfaces__rosidl_typesupport_c__pyext
[1.114s] [ 95%] Built target tutorial_interfaces__rosidl_typesupport_fastrtps_c__pyext
[1.118s] [100%] Built target tutorial_interfaces__rosidl_typesupport_introspection_c__pyext
[1.138s] Invoked command in '/home/sanjib28/ros2_ws/build/tutorial_interfaces' returned '0': CMAKE_PREFIX_PATH=/opt/ros/foxy /usr/bin/cmake --build /home/sanjib28/ros2_ws/build/tutorial_interfaces -- -j2 -l2
[1.305s] Invoking command in '/home/sanjib28/ros2_ws/build/tutorial_interfaces': CMAKE_PREFIX_PATH=/opt/ros/foxy /usr/bin/cmake --install /home/sanjib28/ros2_ws/build/tutorial_interfaces
[1.321s] -- Install configuration: ""
[1.324s] -- Up-to-date: /home/sanjib28/ros2_ws/install/tutorial_interfaces/share/ament_index/resource_index/rosidl_interfaces/tutorial_interfaces
[1.325s] -- Up-to-date: /home/sanjib28/ros2_ws/install/tutorial_interfaces/include/tutorial_interfaces
[1.325s] -- Up-to-date: /home/sanjib28/ros2_ws/install/tutorial_interfaces/include/tutorial_interfaces/msg
[1.326s] -- Up-to-date: /home/sanjib28/ros2_ws/install/tutorial_interfaces/include/tutorial_interfaces/msg/rosidl_generator_c__visibility_control.h
[1.326s] -- Up-to-date: /home/sanjib28/ros2_ws/install/tutorial_interfaces/include/tutorial_interfaces/msg/sphere.h
[1.327s] -- Up-to-date: /home/sanjib28/ros2_ws/install/tutorial_interfaces/include/tutorial_interfaces/msg/num.h
[1.327s] -- Up-to-date: /home/sanjib28/ros2_ws/install/tutorial_interfaces/include/tutorial_interfaces/msg/detail
[1.327s] -- Up-to-date: /home/sanjib28/ros2_ws/install/tutorial_interfaces/include/tutorial_interfaces/msg/detail/num__struct.h
[1.327s] -- Up-to-date: /home/sanjib28/ros2_ws/install/tutorial_interfaces/include/tutorial_interfaces/msg/detail/num__type_support.h
[1.328s] -- Up-to-date: /home/sanjib28/ros2_ws/install/tutorial_interfaces/include/tutorial_interfaces/msg/detail/num__functions.h
[1.328s] -- Up-to-date: /home/sanjib28/ros2_ws/install/tutorial_interfaces/include/tutorial_interfaces/msg/detail/num__functions.c
[1.328s] -- Up-to-date: /home/sanjib28/ros2_ws/install/tutorial_interfaces/include/tutorial_interfaces/msg/detail/sphere__functions.h
[1.328s] -- Up-to-date: /home/sanjib28/ros2_ws/install/tutorial_interfaces/include/tutorial_interfaces/msg/detail/sphere__functions.c
[1.329s] -- Up-to-date: /home/sanjib28/ros2_ws/install/tutorial_interfaces/include/tutorial_interfaces/msg/detail/sphere__struct.h
[1.329s] -- Up-to-date: /home/sanjib28/ros2_ws/install/tutorial_interfaces/include/tutorial_interfaces/msg/detail/sphere__type_support.h
[1.329s] -- Up-to-date: /home/sanjib28/ros2_ws/install/tutorial_interfaces/include/tutorial_interfaces/srv
[1.329s] -- Up-to-date: /home/sanjib28/ros2_ws/install/tutorial_interfaces/include/tutorial_interfaces/srv/add_three_ints.h
[1.330s] -- Up-to-date: /home/sanjib28/ros2_ws/install/tutorial_interfaces/include/tutorial_interfaces/srv/detail
[1.330s] -- Up-to-date: /home/sanjib28/ros2_ws/install/tutorial_interfaces/include/tutorial_interfaces/srv/detail/add_three_ints__functions.h
[1.330s] -- Up-to-date: /home/sanjib28/ros2_ws/install/tutorial_interfaces/include/tutorial_interfaces/srv/detail/add_three_ints__functions.c
[1.331s] -- Up-to-date: /home/sanjib28/ros2_ws/install/tutorial_interfaces/include/tutorial_interfaces/srv/detail/add_three_ints__struct.h
[1.331s] -- Up-to-date: /home/sanjib28/ros2_ws/install/tutorial_interfaces/include/tutorial_interfaces/srv/detail/add_three_ints__type_support.h
[1.331s] -- Up-to-date: /home/sanjib28/ros2_ws/install/tutorial_interfaces/share/tutorial_interfaces/environment/library_path.sh
[1.331s] -- Up-to-date: /home/sanjib28/ros2_ws/install/tutorial_interfaces/share/tutorial_interfaces/environment/library_path.dsv
[1.333s] -- Up-to-date: /home/sanjib28/ros2_ws/install/tutorial_interfaces/lib/libtutorial_interfaces__rosidl_generator_c.so
[1.334s] -- Up-to-date: /home/sanjib28/ros2_ws/install/tutorial_interfaces/include/tutorial_interfaces
[1.334s] -- Up-to-date: /home/sanjib28/ros2_ws/install/tutorial_interfaces/include/tutorial_interfaces/msg
[1.336s] -- Up-to-date: /home/sanjib28/ros2_ws/install/tutorial_interfaces/include/tutorial_interfaces/msg/detail
[1.336s] -- Up-to-date: /home/sanjib28/ros2_ws/install/tutorial_interfaces/include/tutorial_interfaces/msg/detail/sphere__rosidl_typesupport_fastrtps_c.h
[1.336s] -- Up-to-date: /home/sanjib28/ros2_ws/install/tutorial_interfaces/include/tutorial_interfaces/msg/detail/num__rosidl_typesupport_fastrtps_c.h
[1.337s] -- Up-to-date: /home/sanjib28/ros2_ws/install/tutorial_interfaces/include/tutorial_interfaces/msg/rosidl_typesupport_fastrtps_c__visibility_control.h
[1.338s] -- Up-to-date: /home/sanjib28/ros2_ws/install/tutorial_interfaces/include/tutorial_interfaces/srv
[1.338s] -- Up-to-date: /home/sanjib28/ros2_ws/install/tutorial_interfaces/include/tutorial_interfaces/srv/detail
[1.338s] -- Up-to-date: /home/sanjib28/ros2_ws/install/tutorial_interfaces/include/tutorial_interfaces/srv/detail/add_three_ints__rosidl_typesupport_fastrtps_c.h
[1.339s] -- Up-to-date: /home/sanjib28/ros2_ws/install/tutorial_interfaces/lib/libtutorial_interfaces__rosidl_typesupport_fastrtps_c.so
[1.339s] -- Up-to-date: /home/sanjib28/ros2_ws/install/tutorial_interfaces/include/tutorial_interfaces
[1.339s] -- Up-to-date: /home/sanjib28/ros2_ws/install/tutorial_interfaces/include/tutorial_interfaces/msg
[1.340s] -- Up-to-date: /home/sanjib28/ros2_ws/install/tutorial_interfaces/include/tutorial_interfaces/msg/rosidl_typesupport_fastrtps_cpp__visibility_control.h
[1.340s] -- Up-to-date: /home/sanjib28/ros2_ws/install/tutorial_interfaces/include/tutorial_interfaces/msg/detail
[1.340s] -- Up-to-date: /home/sanjib28/ros2_ws/install/tutorial_interfaces/include/tutorial_interfaces/msg/detail/sphere__rosidl_typesupport_fastrtps_cpp.hpp
[1.341s] -- Up-to-date: /home/sanjib28/ros2_ws/install/tutorial_interfaces/include/tutorial_interfaces/msg/detail/num__rosidl_typesupport_fastrtps_cpp.hpp
[1.341s] -- Up-to-date: /home/sanjib28/ros2_ws/install/tutorial_interfaces/include/tutorial_interfaces/msg/detail/dds_fastrtps
[1.346s] -- Up-to-date: /home/sanjib28/ros2_ws/install/tutorial_interfaces/include/tutorial_interfaces/srv
[1.346s] -- Up-to-date: /home/sanjib28/ros2_ws/install/tutorial_interfaces/include/tutorial_interfaces/srv/detail
[1.346s] -- Up-to-date: /home/sanjib28/ros2_ws/install/tutorial_interfaces/include/tutorial_interfaces/srv/detail/add_three_ints__rosidl_typesupport_fastrtps_cpp.hpp
[1.346s] -- Up-to-date: /home/sanjib28/ros2_ws/install/tutorial_interfaces/include/tutorial_interfaces/srv/detail/dds_fastrtps
[1.346s] -- Up-to-date: /home/sanjib28/ros2_ws/install/tutorial_interfaces/lib/libtutorial_interfaces__rosidl_typesupport_fastrtps_cpp.so
[1.346s] -- Up-to-date: /home/sanjib28/ros2_ws/install/tutorial_interfaces/include/tutorial_interfaces
[1.346s] -- Up-to-date: /home/sanjib28/ros2_ws/install/tutorial_interfaces/include/tutorial_interfaces/msg
[1.346s] -- Up-to-date: /home/sanjib28/ros2_ws/install/tutorial_interfaces/include/tutorial_interfaces/msg/detail
[1.347s] -- Up-to-date: /home/sanjib28/ros2_ws/install/tutorial_interfaces/include/tutorial_interfaces/msg/detail/num__type_support.c
[1.347s] -- Up-to-date: /home/sanjib28/ros2_ws/install/tutorial_interfaces/include/tutorial_interfaces/msg/detail/sphere__rosidl_typesupport_introspection_c.h
[1.347s] -- Up-to-date: /home/sanjib28/ros2_ws/install/tutorial_interfaces/include/tutorial_interfaces/msg/detail/sphere__type_support.c
[1.347s] -- Up-to-date: /home/sanjib28/ros2_ws/install/tutorial_interfaces/include/tutorial_interfaces/msg/detail/num__rosidl_typesupport_introspection_c.h
[1.347s] -- Up-to-date: /home/sanjib28/ros2_ws/install/tutorial_interfaces/include/tutorial_interfaces/msg/rosidl_typesupport_introspection_c__visibility_control.h
[1.347s] -- Up-to-date: /home/sanjib28/ros2_ws/install/tutorial_interfaces/include/tutorial_interfaces/srv
[1.347s] -- Up-to-date: /home/sanjib28/ros2_ws/install/tutorial_interfaces/include/tutorial_interfaces/srv/detail
[1.347s] -- Up-to-date: /home/sanjib28/ros2_ws/install/tutorial_interfaces/include/tutorial_interfaces/srv/detail/add_three_ints__type_support.c
[1.347s] -- Up-to-date: /home/sanjib28/ros2_ws/install/tutorial_interfaces/include/tutorial_interfaces/srv/detail/add_three_ints__rosidl_typesupport_introspection_c.h
[1.347s] -- Up-to-date: /home/sanjib28/ros2_ws/install/tutorial_interfaces/lib/libtutorial_interfaces__rosidl_typesupport_introspection_c.so
[1.348s] -- Up-to-date: /home/sanjib28/ros2_ws/install/tutorial_interfaces/lib/libtutorial_interfaces__rosidl_typesupport_c.so
[1.348s] -- Up-to-date: /home/sanjib28/ros2_ws/install/tutorial_interfaces/include/tutorial_interfaces
[1.349s] -- Up-to-date: /home/sanjib28/ros2_ws/install/tutorial_interfaces/include/tutorial_interfaces/msg
[1.349s] -- Up-to-date: /home/sanjib28/ros2_ws/install/tutorial_interfaces/include/tutorial_interfaces/msg/num.hpp
[1.349s] -- Up-to-date: /home/sanjib28/ros2_ws/install/tutorial_interfaces/include/tutorial_interfaces/msg/detail
[1.349s] -- Up-to-date: /home/sanjib28/ros2_ws/install/tutorial_interfaces/include/tutorial_interfaces/msg/detail/sphere__traits.hpp
[1.350s] -- Up-to-date: /home/sanjib28/ros2_ws/install/tutorial_interfaces/include/tutorial_interfaces/msg/detail/num__struct.hpp
[1.350s] -- Up-to-date: /home/sanjib28/ros2_ws/install/tutorial_interfaces/include/tutorial_interfaces/msg/detail/num__traits.hpp
[1.350s] -- Up-to-date: /home/sanjib28/ros2_ws/install/tutorial_interfaces/include/tutorial_interfaces/msg/detail/num__builder.hpp
[1.350s] -- Up-to-date: /home/sanjib28/ros2_ws/install/tutorial_interfaces/include/tutorial_interfaces/msg/detail/sphere__struct.hpp
[1.351s] -- Up-to-date: /home/sanjib28/ros2_ws/install/tutorial_interfaces/include/tutorial_interfaces/msg/detail/sphere__builder.hpp
[1.351s] -- Up-to-date: /home/sanjib28/ros2_ws/install/tutorial_interfaces/include/tutorial_interfaces/msg/sphere.hpp
[1.351s] -- Up-to-date: /home/sanjib28/ros2_ws/install/tutorial_interfaces/include/tutorial_interfaces/srv
[1.351s] -- Up-to-date: /home/sanjib28/ros2_ws/install/tutorial_interfaces/include/tutorial_interfaces/srv/add_three_ints.hpp
[1.351s] -- Up-to-date: /home/sanjib28/ros2_ws/install/tutorial_interfaces/include/tutorial_interfaces/srv/detail
[1.352s] -- Up-to-date: /home/sanjib28/ros2_ws/install/tutorial_interfaces/include/tutorial_interfaces/srv/detail/add_three_ints__builder.hpp
[1.352s] -- Up-to-date: /home/sanjib28/ros2_ws/install/tutorial_interfaces/include/tutorial_interfaces/srv/detail/add_three_ints__struct.hpp
[1.352s] -- Up-to-date: /home/sanjib28/ros2_ws/install/tutorial_interfaces/include/tutorial_interfaces/srv/detail/add_three_ints__traits.hpp
[1.352s] -- Up-to-date: /home/sanjib28/ros2_ws/install/tutorial_interfaces/include/tutorial_interfaces
[1.352s] -- Up-to-date: /home/sanjib28/ros2_ws/install/tutorial_interfaces/include/tutorial_interfaces/msg
[1.352s] -- Up-to-date: /home/sanjib28/ros2_ws/install/tutorial_interfaces/include/tutorial_interfaces/msg/detail
[1.354s] -- Up-to-date: /home/sanjib28/ros2_ws/install/tutorial_interfaces/include/tutorial_interfaces/msg/detail/sphere__rosidl_typesupport_introspection_cpp.hpp
[1.354s] -- Up-to-date: /home/sanjib28/ros2_ws/install/tutorial_interfaces/include/tutorial_interfaces/msg/detail/num__type_support.cpp
[1.354s] -- Up-to-date: /home/sanjib28/ros2_ws/install/tutorial_interfaces/include/tutorial_interfaces/msg/detail/sphere__type_support.cpp
[1.354s] -- Up-to-date: /home/sanjib28/ros2_ws/install/tutorial_interfaces/include/tutorial_interfaces/msg/detail/num__rosidl_typesupport_introspection_cpp.hpp
[1.354s] -- Up-to-date: /home/sanjib28/ros2_ws/install/tutorial_interfaces/include/tutorial_interfaces/srv
[1.354s] -- Up-to-date: /home/sanjib28/ros2_ws/install/tutorial_interfaces/include/tutorial_interfaces/srv/detail
[1.355s] -- Up-to-date: /home/sanjib28/ros2_ws/install/tutorial_interfaces/include/tutorial_interfaces/srv/detail/add_three_ints__rosidl_typesupport_introspection_cpp.hpp
[1.355s] -- Up-to-date: /home/sanjib28/ros2_ws/install/tutorial_interfaces/include/tutorial_interfaces/srv/detail/add_three_ints__type_support.cpp
[1.355s] -- Up-to-date: /home/sanjib28/ros2_ws/install/tutorial_interfaces/lib/libtutorial_interfaces__rosidl_typesupport_introspection_cpp.so
[1.355s] -- Up-to-date: /home/sanjib28/ros2_ws/install/tutorial_interfaces/lib/libtutorial_interfaces__rosidl_typesupport_cpp.so
[1.358s] -- Up-to-date: /home/sanjib28/ros2_ws/install/tutorial_interfaces/share/tutorial_interfaces/environment/pythonpath.sh
[1.358s] -- Up-to-date: /home/sanjib28/ros2_ws/install/tutorial_interfaces/share/tutorial_interfaces/environment/pythonpath.dsv
[1.358s] -- Up-to-date: /home/sanjib28/ros2_ws/install/tutorial_interfaces/lib/python3.8/site-packages/tutorial_interfaces/__init__.py
[1.406s] -- Up-to-date: /home/sanjib28/ros2_ws/install/tutorial_interfaces/lib/python3.8/site-packages/tutorial_interfaces/msg
[1.407s] -- Up-to-date: /home/sanjib28/ros2_ws/install/tutorial_interfaces/lib/python3.8/site-packages/tutorial_interfaces/msg/_sphere.py
[1.408s] -- Up-to-date: /home/sanjib28/ros2_ws/install/tutorial_interfaces/lib/python3.8/site-packages/tutorial_interfaces/msg/_num.py
[1.408s] -- Up-to-date: /home/sanjib28/ros2_ws/install/tutorial_interfaces/lib/python3.8/site-packages/tutorial_interfaces/msg/__init__.py
[1.408s] -- Up-to-date: /home/sanjib28/ros2_ws/install/tutorial_interfaces/lib/python3.8/site-packages/tutorial_interfaces/msg/_num_s.c
[1.409s] -- Up-to-date: /home/sanjib28/ros2_ws/install/tutorial_interfaces/lib/python3.8/site-packages/tutorial_interfaces/msg/_sphere_s.c
[1.409s] -- Up-to-date: /home/sanjib28/ros2_ws/install/tutorial_interfaces/lib/python3.8/site-packages/tutorial_interfaces/srv
[1.410s] -- Up-to-date: /home/sanjib28/ros2_ws/install/tutorial_interfaces/lib/python3.8/site-packages/tutorial_interfaces/srv/__init__.py
[1.410s] -- Up-to-date: /home/sanjib28/ros2_ws/install/tutorial_interfaces/lib/python3.8/site-packages/tutorial_interfaces/srv/_add_three_ints.py
[1.410s] -- Up-to-date: /home/sanjib28/ros2_ws/install/tutorial_interfaces/lib/python3.8/site-packages/tutorial_interfaces/srv/_add_three_ints_s.c
[1.411s] -- Up-to-date: /home/sanjib28/ros2_ws/install/tutorial_interfaces/lib/python3.8/site-packages/tutorial_interfaces/tutorial_interfaces_s__rosidl_typesupport_fastrtps_c.cpython-38-x86_64-linux-gnu.so
[1.413s] -- Up-to-date: /home/sanjib28/ros2_ws/install/tutorial_interfaces/lib/python3.8/site-packages/tutorial_interfaces/tutorial_interfaces_s__rosidl_typesupport_introspection_c.cpython-38-x86_64-linux-gnu.so
[1.415s] -- Up-to-date: /home/sanjib28/ros2_ws/install/tutorial_interfaces/lib/python3.8/site-packages/tutorial_interfaces/tutorial_interfaces_s__rosidl_typesupport_c.cpython-38-x86_64-linux-gnu.so
[1.417s] -- Up-to-date: /home/sanjib28/ros2_ws/install/tutorial_interfaces/lib/libtutorial_interfaces__python.so
[1.418s] -- Up-to-date: /home/sanjib28/ros2_ws/install/tutorial_interfaces/share/tutorial_interfaces/msg/Num.idl
[1.418s] -- Up-to-date: /home/sanjib28/ros2_ws/install/tutorial_interfaces/share/tutorial_interfaces/msg/Sphere.idl
[1.419s] -- Up-to-date: /home/sanjib28/ros2_ws/install/tutorial_interfaces/share/tutorial_interfaces/srv/AddThreeInts.idl
[1.420s] -- Up-to-date: /home/sanjib28/ros2_ws/install/tutorial_interfaces/share/tutorial_interfaces/msg/Num.msg
[1.420s] -- Up-to-date: /home/sanjib28/ros2_ws/install/tutorial_interfaces/share/tutorial_interfaces/msg/Sphere.msg
[1.420s] -- Up-to-date: /home/sanjib28/ros2_ws/install/tutorial_interfaces/share/tutorial_interfaces/srv/AddThreeInts.srv
[1.420s] -- Up-to-date: /home/sanjib28/ros2_ws/install/tutorial_interfaces/share/tutorial_interfaces/srv/AddThreeInts_Request.msg
[1.421s] -- Up-to-date: /home/sanjib28/ros2_ws/install/tutorial_interfaces/share/tutorial_interfaces/srv/AddThreeInts_Response.msg
[1.421s] -- Up-to-date: /home/sanjib28/ros2_ws/install/tutorial_interfaces/share/ament_index/resource_index/package_run_dependencies/tutorial_interfaces
[1.422s] -- Up-to-date: /home/sanjib28/ros2_ws/install/tutorial_interfaces/share/ament_index/resource_index/parent_prefix_path/tutorial_interfaces
[1.422s] -- Up-to-date: /home/sanjib28/ros2_ws/install/tutorial_interfaces/share/tutorial_interfaces/environment/ament_prefix_path.sh
[1.423s] -- Up-to-date: /home/sanjib28/ros2_ws/install/tutorial_interfaces/share/tutorial_interfaces/environment/ament_prefix_path.dsv
[1.423s] -- Up-to-date: /home/sanjib28/ros2_ws/install/tutorial_interfaces/share/tutorial_interfaces/environment/path.sh
[1.423s] -- Up-to-date: /home/sanjib28/ros2_ws/install/tutorial_interfaces/share/tutorial_interfaces/environment/path.dsv
[1.423s] -- Up-to-date: /home/sanjib28/ros2_ws/install/tutorial_interfaces/share/tutorial_interfaces/local_setup.bash
[1.423s] -- Up-to-date: /home/sanjib28/ros2_ws/install/tutorial_interfaces/share/tutorial_interfaces/local_setup.sh
[1.424s] -- Up-to-date: /home/sanjib28/ros2_ws/install/tutorial_interfaces/share/tutorial_interfaces/local_setup.zsh
[1.424s] -- Up-to-date: /home/sanjib28/ros2_ws/install/tutorial_interfaces/share/tutorial_interfaces/local_setup.dsv
[1.424s] -- Installing: /home/sanjib28/ros2_ws/install/tutorial_interfaces/share/tutorial_interfaces/package.dsv
[1.426s] -- Up-to-date: /home/sanjib28/ros2_ws/install/tutorial_interfaces/share/ament_index/resource_index/packages/tutorial_interfaces
[1.429s] -- Up-to-date: /home/sanjib28/ros2_ws/install/tutorial_interfaces/share/tutorial_interfaces/cmake/tutorial_interfaces__rosidl_generator_cExport.cmake
[1.429s] -- Up-to-date: /home/sanjib28/ros2_ws/install/tutorial_interfaces/share/tutorial_interfaces/cmake/tutorial_interfaces__rosidl_generator_cExport-noconfig.cmake
[1.430s] -- Up-to-date: /home/sanjib28/ros2_ws/install/tutorial_interfaces/share/tutorial_interfaces/cmake/tutorial_interfaces__rosidl_typesupport_introspection_cExport.cmake
[1.430s] -- Up-to-date: /home/sanjib28/ros2_ws/install/tutorial_interfaces/share/tutorial_interfaces/cmake/tutorial_interfaces__rosidl_typesupport_introspection_cExport-noconfig.cmake
[1.432s] -- Up-to-date: /home/sanjib28/ros2_ws/install/tutorial_interfaces/share/tutorial_interfaces/cmake/tutorial_interfaces__rosidl_typesupport_cExport.cmake
[1.432s] -- Up-to-date: /home/sanjib28/ros2_ws/install/tutorial_interfaces/share/tutorial_interfaces/cmake/tutorial_interfaces__rosidl_typesupport_cExport-noconfig.cmake
[1.433s] -- Up-to-date: /home/sanjib28/ros2_ws/install/tutorial_interfaces/share/tutorial_interfaces/cmake/tutorial_interfaces__rosidl_generator_cppExport.cmake
[1.436s] -- Up-to-date: /home/sanjib28/ros2_ws/install/tutorial_interfaces/share/tutorial_interfaces/cmake/tutorial_interfaces__rosidl_typesupport_introspection_cppExport.cmake
[1.436s] -- Up-to-date: /home/sanjib28/ros2_ws/install/tutorial_interfaces/share/tutorial_interfaces/cmake/tutorial_interfaces__rosidl_typesupport_introspection_cppExport-noconfig.cmake
[1.438s] -- Up-to-date: /home/sanjib28/ros2_ws/install/tutorial_interfaces/share/tutorial_interfaces/cmake/tutorial_interfaces__rosidl_typesupport_cppExport.cmake
[1.438s] -- Up-to-date: /home/sanjib28/ros2_ws/install/tutorial_interfaces/share/tutorial_interfaces/cmake/tutorial_interfaces__rosidl_typesupport_cppExport-noconfig.cmake
[1.438s] -- Up-to-date: /home/sanjib28/ros2_ws/install/tutorial_interfaces/share/tutorial_interfaces/cmake/rosidl_cmake-extras.cmake
[1.439s] -- Up-to-date: /home/sanjib28/ros2_ws/install/tutorial_interfaces/share/tutorial_interfaces/cmake/ament_cmake_export_dependencies-extras.cmake
[1.439s] -- Up-to-date: /home/sanjib28/ros2_ws/install/tutorial_interfaces/share/tutorial_interfaces/cmake/ament_cmake_export_libraries-extras.cmake
[1.439s] -- Up-to-date: /home/sanjib28/ros2_ws/install/tutorial_interfaces/share/tutorial_interfaces/cmake/ament_cmake_export_targets-extras.cmake
[1.440s] -- Up-to-date: /home/sanjib28/ros2_ws/install/tutorial_interfaces/share/tutorial_interfaces/cmake/ament_cmake_export_include_directories-extras.cmake
[1.440s] -- Up-to-date: /home/sanjib28/ros2_ws/install/tutorial_interfaces/share/tutorial_interfaces/cmake/rosidl_cmake_export_typesupport_libraries-extras.cmake
[1.440s] -- Up-to-date: /home/sanjib28/ros2_ws/install/tutorial_interfaces/share/tutorial_interfaces/cmake/rosidl_cmake_export_typesupport_targets-extras.cmake
[1.441s] -- Up-to-date: /home/sanjib28/ros2_ws/install/tutorial_interfaces/share/tutorial_interfaces/cmake/tutorial_interfacesConfig.cmake
[1.441s] -- Up-to-date: /home/sanjib28/ros2_ws/install/tutorial_interfaces/share/tutorial_interfaces/cmake/tutorial_interfacesConfig-version.cmake
[1.441s] -- Up-to-date: /home/sanjib28/ros2_ws/install/tutorial_interfaces/share/tutorial_interfaces/package.xml
[1.445s] Invoked command in '/home/sanjib28/ros2_ws/build/tutorial_interfaces' returned '0': CMAKE_PREFIX_PATH=/opt/ros/foxy /usr/bin/cmake --install /home/sanjib28/ros2_ws/build/tutorial_interfaces
