[0.793s] Invoking command in '/home/sanjib28/ros2_ws/src/my_package': PYTHONPATH=/home/sanjib28/ros2_ws/install/my_package/lib/python3.8/site-packages:${PYTHONPATH} /usr/bin/python3 setup.py egg_info --egg-base ../../build/my_package build --build-base /home/sanjib28/ros2_ws/build/my_package/build install --prefix /home/sanjib28/ros2_ws/install/my_package --record /home/sanjib28/ros2_ws/build/my_package/install.log --single-version-externally-managed
[0.980s] running egg_info
[0.981s] creating ../../build/my_package/my_package.egg-info
[0.981s] writing ../../build/my_package/my_package.egg-info/PKG-INFO
[0.981s] writing dependency_links to ../../build/my_package/my_package.egg-info/dependency_links.txt
[0.981s] writing entry points to ../../build/my_package/my_package.egg-info/entry_points.txt
[0.981s] writing requirements to ../../build/my_package/my_package.egg-info/requires.txt
[0.982s] writing top-level names to ../../build/my_package/my_package.egg-info/top_level.txt
[0.989s] writing manifest file '../../build/my_package/my_package.egg-info/SOURCES.txt'
[1.020s] reading manifest file '../../build/my_package/my_package.egg-info/SOURCES.txt'
[1.020s] writing manifest file '../../build/my_package/my_package.egg-info/SOURCES.txt'
[1.021s] running build
[1.021s] running build_py
[1.021s] creating /home/sanjib28/ros2_ws/build/my_package/build
[1.021s] creating /home/sanjib28/ros2_ws/build/my_package/build/lib
[1.021s] creating /home/sanjib28/ros2_ws/build/my_package/build/lib/my_package
[1.021s] copying my_package/my_node.py -> /home/sanjib28/ros2_ws/build/my_package/build/lib/my_package
[1.021s] copying my_package/__init__.py -> /home/sanjib28/ros2_ws/build/my_package/build/lib/my_package
[1.021s] running install
[1.022s] running install_lib
[1.023s] creating /home/sanjib28/ros2_ws/install/my_package/lib/python3.8/site-packages/my_package
[1.023s] copying /home/sanjib28/ros2_ws/build/my_package/build/lib/my_package/my_node.py -> /home/sanjib28/ros2_ws/install/my_package/lib/python3.8/site-packages/my_package
[1.023s] copying /home/sanjib28/ros2_ws/build/my_package/build/lib/my_package/__init__.py -> /home/sanjib28/ros2_ws/install/my_package/lib/python3.8/site-packages/my_package
[1.024s] byte-compiling /home/sanjib28/ros2_ws/install/my_package/lib/python3.8/site-packages/my_package/my_node.py to my_node.cpython-38.pyc
[1.025s] byte-compiling /home/sanjib28/ros2_ws/install/my_package/lib/python3.8/site-packages/my_package/__init__.py to __init__.cpython-38.pyc
[1.025s] running install_data
[1.026s] creating /home/sanjib28/ros2_ws/install/my_package/share/ament_index
[1.026s] creating /home/sanjib28/ros2_ws/install/my_package/share/ament_index/resource_index
[1.026s] creating /home/sanjib28/ros2_ws/install/my_package/share/ament_index/resource_index/packages
[1.026s] copying resource/my_package -> /home/sanjib28/ros2_ws/install/my_package/share/ament_index/resource_index/packages
[1.026s] copying package.xml -> /home/sanjib28/ros2_ws/install/my_package/share/my_package
[1.026s] running install_egg_info
[1.028s] Copying ../../build/my_package/my_package.egg-info to /home/sanjib28/ros2_ws/install/my_package/lib/python3.8/site-packages/my_package-0.0.0-py3.8.egg-info
[1.028s] running install_scripts
[1.046s] Installing my_node script to /home/sanjib28/ros2_ws/install/my_package/lib/my_package
[1.047s] writing list of installed files to '/home/sanjib28/ros2_ws/build/my_package/install.log'
[1.086s] Invoked command in '/home/sanjib28/ros2_ws/src/my_package' returned '0': PYTHONPATH=/home/sanjib28/ros2_ws/install/my_package/lib/python3.8/site-packages:${PYTHONPATH} /usr/bin/python3 setup.py egg_info --egg-base ../../build/my_package build --build-base /home/sanjib28/ros2_ws/build/my_package/build install --prefix /home/sanjib28/ros2_ws/install/my_package --record /home/sanjib28/ros2_ws/build/my_package/install.log --single-version-externally-managed
